[13:13:41:714] [INFO] - org.springframework.boot.StartupInfoLogger.logStarting(StartupInfoLogger.java:50) - Starting BlogApplication on DESKTOP-TNPLNQR with PID 72924 (D:\ideaProject\blog\target\classes started by JZX in D:\ideaProject\blog)
[13:13:41:723] [INFO] - org.springframework.boot.SpringApplication.logStartupProfileInfo(SpringApplication.java:659) - No active profile set, falling back to default profiles: default
[13:13:41:842] [INFO] - org.springframework.context.support.AbstractApplicationContext.prepareRefresh(AbstractApplicationContext.java:590) - Refreshing org.springframework.boot.web.servlet.context.AnnotationConfigServletWebServerApplicationContext@600b282: startup date [Thu Mar 04 13:13:41 CST 2021]; root of context hierarchy
[13:13:42:832] [INFO] - org.springframework.context.support.PostProcessorRegistrationDelegate$BeanPostProcessorChecker.postProcessAfterInitialization(PostProcessorRegistrationDelegate.java:328) - Bean 'org.springframework.transaction.annotation.ProxyTransactionManagementConfiguration' of type [org.springframework.transaction.annotation.ProxyTransactionManagementConfiguration$$EnhancerBySpringCGLIB$$6f771563] is not eligible for getting processed by all BeanPostProcessors (for example: not eligible for auto-proxying)
[13:13:43:172] [INFO] - org.springframework.boot.web.embedded.tomcat.TomcatWebServer.initialize(TomcatWebServer.java:91) - Tomcat initialized with port(s): 8088 (http)
[13:13:43:231] [INFO] - org.apache.juli.logging.DirectJDKLog.log(DirectJDKLog.java:180) - Initializing ProtocolHandler ["http-nio-8088"]
[13:13:43:238] [INFO] - org.apache.juli.logging.DirectJDKLog.log(DirectJDKLog.java:180) - Starting service [Tomcat]
[13:13:43:238] [INFO] - org.apache.juli.logging.DirectJDKLog.log(DirectJDKLog.java:180) - Starting Servlet Engine: Apache Tomcat/8.5.29
[13:13:43:241] [INFO] - org.apache.juli.logging.DirectJDKLog.log(DirectJDKLog.java:180) - The APR based Apache Tomcat Native library which allows optimal performance in production environments was not found on the java.library.path: [D:\Program Files\Java\jdk1.8.0_271\bin;C:\Windows\Sun\Java\bin;C:\Windows\system32;C:\Windows;C:\Program Files (x86)\Razer\ChromaBroadcast\bin;C:\Program Files\Razer\ChromaBroadcast\bin;D:\Program Files\Java\jdk1.8.0_271\bin;C:\Program Files (x86)\Common Files\Oracle\Java\javapath;C:\Windows\system32;C:\Windows;C:\Windows\System32\Wbem;C:\Windows\System32\WindowsPowerShell\v1.0\;C:\Windows\System32\OpenSSH\;D:\Program Files\MySQL\mysql-5.7.32-winx64\bin;D:\Program Files\Git\cmd;C:\Program Files\TortoiseGit\bin;D:\Program Files\nodejs\;D:\maven\apache-maven-3.6.2\bin;C:\Users\JZX\AppData\Local\Microsoft\WindowsApps;D:\Program Files\nodejs\node_global;C:\Users\JZX\AppData\Local\Microsoft\WindowsApps;D:\Program Files\nodejs\node_global;;D:\VsCode\Microsoft VS Code\bin;.]
[13:13:43:321] [INFO] - org.apache.juli.logging.DirectJDKLog.log(DirectJDKLog.java:180) - Initializing Spring embedded WebApplicationContext
[13:13:43:322] [INFO] - org.springframework.boot.web.servlet.context.ServletWebServerApplicationContext.prepareWebApplicationContext(ServletWebServerApplicationContext.java:285) - Root WebApplicationContext: initialization completed in 1479 ms
[13:13:43:332] [INFO] - com.jzx.blog.config.DruidConfiguration.druidServlet(DruidConfiguration.java:20) - init Druid Servlet Configuration 
[13:13:43:468] [INFO] - org.springframework.boot.web.servlet.ServletRegistrationBean.addRegistration(ServletRegistrationBean.java:185) - Servlet statViewServlet mapped to [/druid/*]
[13:13:43:470] [INFO] - org.springframework.boot.web.servlet.ServletRegistrationBean.addRegistration(ServletRegistrationBean.java:185) - Servlet dispatcherServlet mapped to [/]
[13:13:43:470] [INFO] - org.springframework.boot.web.servlet.ServletRegistrationBean.addRegistration(ServletRegistrationBean.java:185) - Servlet statViewServlet mapped to [/druid/*]
[13:13:43:470] [INFO] - org.springframework.boot.web.servlet.DynamicRegistrationBean.register(DynamicRegistrationBean.java:111) - Servlet statViewServlet was not registered (possibly already registered?)
[13:13:43:472] [INFO] - org.springframework.boot.web.servlet.AbstractFilterRegistrationBean.configure(AbstractFilterRegistrationBean.java:244) - Mapping filter: 'characterEncodingFilter' to: [/*]
[13:13:43:473] [INFO] - org.springframework.boot.web.servlet.AbstractFilterRegistrationBean.configure(AbstractFilterRegistrationBean.java:244) - Mapping filter: 'hiddenHttpMethodFilter' to: [/*]
[13:13:43:473] [INFO] - org.springframework.boot.web.servlet.AbstractFilterRegistrationBean.configure(AbstractFilterRegistrationBean.java:244) - Mapping filter: 'httpPutFormContentFilter' to: [/*]
[13:13:43:473] [INFO] - org.springframework.boot.web.servlet.AbstractFilterRegistrationBean.configure(AbstractFilterRegistrationBean.java:244) - Mapping filter: 'requestContextFilter' to: [/*]
[13:13:43:473] [INFO] - org.springframework.boot.web.servlet.AbstractFilterRegistrationBean.configure(AbstractFilterRegistrationBean.java:257) - Mapping filter: 'webStatFilter' to urls: [/*]
[13:13:43:473] [INFO] - org.springframework.boot.web.servlet.DynamicRegistrationBean.register(DynamicRegistrationBean.java:111) - Filter webStatFilter was not registered (possibly already registered?)
[13:13:43:662] [INFO] - org.springframework.orm.jpa.LocalContainerEntityManagerFactoryBean.createNativeEntityManagerFactory(LocalContainerEntityManagerFactoryBean.java:361) - Building JPA container EntityManagerFactory for persistence unit 'default'
[13:13:43:676] [INFO] - org.hibernate.jpa.internal.util.LogHelper.logPersistenceUnitInformation(LogHelper.java:31) - HHH000204: Processing PersistenceUnitInfo [
	name: default
	...]
[13:13:43:744] [INFO] - org.hibernate.Version.logVersion(Version.java:45) - HHH000412: Hibernate Core {5.2.16.Final}
[13:13:43:746] [INFO] - org.hibernate.cfg.Environment.<clinit>(Environment.java:213) - HHH000206: hibernate.properties not found
[13:13:43:788] [INFO] - org.hibernate.annotations.common.reflection.java.JavaReflectionManager.<clinit>(JavaReflectionManager.java:66) - HCANN000001: Hibernate Commons Annotations {5.0.1.Final}
[13:13:44:436] [INFO] - com.alibaba.druid.pool.DruidDataSource.init(DruidDataSource.java:930) - {dataSource-1} inited
[13:13:44:445] [INFO] - org.hibernate.dialect.Dialect.<init>(Dialect.java:157) - HHH000400: Using dialect: org.hibernate.dialect.MySQL5Dialect
[13:13:44:978] [INFO] - org.springframework.orm.jpa.AbstractEntityManagerFactoryBean.buildNativeEntityManagerFactory(AbstractEntityManagerFactoryBean.java:415) - Initialized JPA EntityManagerFactory for persistence unit 'default'
[13:13:45:191] [INFO] - org.hibernate.hql.internal.QueryTranslatorFactoryInitiator.initiateService(QueryTranslatorFactoryInitiator.java:47) - HHH000397: Using ASTQueryTranslatorFactory
[13:13:45:322] [INFO] - org.springframework.web.servlet.handler.AbstractUrlHandlerMapping.registerHandler(AbstractUrlHandlerMapping.java:373) - Mapped URL path [/**/favicon.ico] onto handler of type [class org.springframework.web.servlet.resource.ResourceHttpRequestHandler]
[13:13:45:497] [INFO] - org.springframework.web.servlet.mvc.method.annotation.RequestMappingHandlerAdapter.initControllerAdviceCache(RequestMappingHandlerAdapter.java:574) - Looking for @ControllerAdvice: org.springframework.boot.web.servlet.context.AnnotationConfigServletWebServerApplicationContext@600b282: startup date [Thu Mar 04 13:13:41 CST 2021]; root of context hierarchy
[13:13:45:518] [WARN] - org.springframework.boot.autoconfigure.orm.jpa.JpaBaseConfiguration$JpaWebConfiguration$JpaWebMvcConfiguration.openEntityManagerInViewInterceptor(JpaBaseConfiguration.java:235) - spring.jpa.open-in-view is enabled by default. Therefore, database queries may be performed during view rendering. Explicitly configure spring.jpa.open-in-view to disable this warning
[13:13:45:544] [INFO] - org.springframework.web.servlet.handler.AbstractHandlerMethodMapping$MappingRegistry.register(AbstractHandlerMethodMapping.java:547) - Mapped "{[/findAllPageArtList],methods=[GET]}" onto public com.jzx.blog.common.lang.Result com.jzx.blog.controller.ArticleController.findAllPageArtList()
[13:13:45:546] [INFO] - org.springframework.web.servlet.handler.AbstractHandlerMethodMapping$MappingRegistry.register(AbstractHandlerMethodMapping.java:547) - Mapped "{[/findAllPageArtList/{currentPage}/{pageSize}],methods=[GET]}" onto public com.jzx.blog.common.lang.Result com.jzx.blog.controller.ArticleController.findAllPageArtList(java.lang.Integer,java.lang.Integer)
[13:13:45:547] [INFO] - org.springframework.web.servlet.handler.AbstractHandlerMethodMapping$MappingRegistry.register(AbstractHandlerMethodMapping.java:547) - Mapped "{[/deleteCheckArtListIn/{aids}],methods=[DELETE]}" onto public com.jzx.blog.common.lang.Result com.jzx.blog.controller.ArticleController.deleteCheckArtList(java.lang.String)
[13:13:45:547] [INFO] - org.springframework.web.servlet.handler.AbstractHandlerMethodMapping$MappingRegistry.register(AbstractHandlerMethodMapping.java:547) - Mapped "{[/test],methods=[GET]}" onto public com.jzx.blog.domain.Article com.jzx.blog.controller.ArticleController.tset()
[13:13:45:547] [INFO] - org.springframework.web.servlet.handler.AbstractHandlerMethodMapping$MappingRegistry.register(AbstractHandlerMethodMapping.java:547) - Mapped "{[/findAllPage/{currentPage}/{pageSize}],methods=[GET]}" onto public org.springframework.data.domain.Page<com.jzx.blog.domain.Article> com.jzx.blog.controller.ArticleController.findAllPage(java.lang.Integer,java.lang.Integer)
[13:13:45:548] [INFO] - org.springframework.web.servlet.handler.AbstractHandlerMethodMapping$MappingRegistry.register(AbstractHandlerMethodMapping.java:547) - Mapped "{[/findOneArt/{AId}],methods=[GET]}" onto public com.jzx.blog.domain.Article com.jzx.blog.controller.ArticleController.findOneArt(java.lang.Long)
[13:13:45:548] [INFO] - org.springframework.web.servlet.handler.AbstractHandlerMethodMapping$MappingRegistry.register(AbstractHandlerMethodMapping.java:547) - Mapped "{[/saveMd],methods=[POST]}" onto public com.jzx.blog.common.lang.Result com.jzx.blog.controller.ArticleController.saveMd(java.util.HashMap<java.lang.String, java.lang.String>)
[13:13:45:548] [INFO] - org.springframework.web.servlet.handler.AbstractHandlerMethodMapping$MappingRegistry.register(AbstractHandlerMethodMapping.java:547) - Mapped "{[/findAllArtList],methods=[GET]}" onto public com.jzx.blog.common.lang.Result com.jzx.blog.controller.ArticleController.findAllArtList()
[13:13:45:549] [INFO] - org.springframework.web.servlet.handler.AbstractHandlerMethodMapping$MappingRegistry.register(AbstractHandlerMethodMapping.java:547) - Mapped "{[/uploadFile],methods=[POST]}" onto public com.jzx.blog.common.lang.Result com.jzx.blog.controller.ArticleController.uploadFile(org.springframework.web.multipart.MultipartFile,javax.servlet.http.HttpServletRequest)
[13:13:45:549] [INFO] - org.springframework.web.servlet.handler.AbstractHandlerMethodMapping$MappingRegistry.register(AbstractHandlerMethodMapping.java:547) - Mapped "{[/findAllArt],methods=[GET]}" onto public java.util.List<com.jzx.blog.domain.Article> com.jzx.blog.controller.ArticleController.findAllArt()
[13:13:45:549] [INFO] - org.springframework.web.servlet.handler.AbstractHandlerMethodMapping$MappingRegistry.register(AbstractHandlerMethodMapping.java:547) - Mapped "{[/updMd],methods=[POST]}" onto public com.jzx.blog.common.lang.Result com.jzx.blog.controller.ArticleController.updMd(java.util.HashMap<java.lang.String, java.lang.String>)
[13:13:45:549] [INFO] - org.springframework.web.servlet.handler.AbstractHandlerMethodMapping$MappingRegistry.register(AbstractHandlerMethodMapping.java:547) - Mapped "{[/getArtinfo/{aid}],methods=[GET]}" onto public com.jzx.blog.common.lang.Result com.jzx.blog.controller.ArticleController.getArtinfo(java.lang.Long)
[13:13:45:550] [INFO] - org.springframework.web.servlet.handler.AbstractHandlerMethodMapping$MappingRegistry.register(AbstractHandlerMethodMapping.java:547) - Mapped "{[/findAllPageCateList/{currentPage}/{pageSize}],methods=[GET]}" onto public com.jzx.blog.common.lang.Result com.jzx.blog.controller.CategoryController.findAllPageCateList(java.lang.Integer,java.lang.Integer)
[13:13:45:565] [INFO] - org.springframework.web.servlet.handler.AbstractHandlerMethodMapping$MappingRegistry.register(AbstractHandlerMethodMapping.java:547) - Mapped "{[/delCate/{cid}],methods=[DELETE]}" onto public com.jzx.blog.common.lang.Result com.jzx.blog.controller.CategoryController.delCate(java.lang.Long)
[13:13:45:565] [INFO] - org.springframework.web.servlet.handler.AbstractHandlerMethodMapping$MappingRegistry.register(AbstractHandlerMethodMapping.java:547) - Mapped "{[/updCateInfo],methods=[POST]}" onto public com.jzx.blog.common.lang.Result com.jzx.blog.controller.CategoryController.updCateInfo(com.jzx.blog.domain.Category)
[13:13:45:566] [INFO] - org.springframework.web.servlet.handler.AbstractHandlerMethodMapping$MappingRegistry.register(AbstractHandlerMethodMapping.java:547) - Mapped "{[/saveCate],methods=[POST]}" onto public com.jzx.blog.common.lang.Result com.jzx.blog.controller.CategoryController.saveCate(com.jzx.blog.domain.Category)
[13:13:45:566] [INFO] - org.springframework.web.servlet.handler.AbstractHandlerMethodMapping$MappingRegistry.register(AbstractHandlerMethodMapping.java:547) - Mapped "{[/getCateinfoByCid/{cid}],methods=[GET]}" onto public com.jzx.blog.common.lang.Result com.jzx.blog.controller.CategoryController.getCateinfoByCid(java.lang.Long)
[13:13:45:567] [INFO] - org.springframework.web.servlet.handler.AbstractHandlerMethodMapping$MappingRegistry.register(AbstractHandlerMethodMapping.java:547) - Mapped "{[/error]}" onto public org.springframework.http.ResponseEntity<java.util.Map<java.lang.String, java.lang.Object>> org.springframework.boot.autoconfigure.web.servlet.error.BasicErrorController.error(javax.servlet.http.HttpServletRequest)
[13:13:45:568] [INFO] - org.springframework.web.servlet.handler.AbstractHandlerMethodMapping$MappingRegistry.register(AbstractHandlerMethodMapping.java:547) - Mapped "{[/error],produces=[text/html]}" onto public org.springframework.web.servlet.ModelAndView org.springframework.boot.autoconfigure.web.servlet.error.BasicErrorController.errorHtml(javax.servlet.http.HttpServletRequest,javax.servlet.http.HttpServletResponse)
[13:13:45:576] [INFO] - org.springframework.web.servlet.handler.AbstractUrlHandlerMapping.registerHandler(AbstractUrlHandlerMapping.java:360) - Root mapping to handler of type [class org.springframework.web.servlet.mvc.ParameterizableViewController]
[13:13:45:576] [INFO] - org.springframework.web.servlet.handler.AbstractUrlHandlerMapping.registerHandler(AbstractUrlHandlerMapping.java:373) - Mapped URL path [/index.html] onto handler of type [class org.springframework.web.servlet.mvc.ParameterizableViewController]
[13:13:45:576] [INFO] - org.springframework.web.servlet.handler.AbstractUrlHandlerMapping.registerHandler(AbstractUrlHandlerMapping.java:373) - Mapped URL path [/login] onto handler of type [class org.springframework.web.servlet.mvc.ParameterizableViewController]
[13:13:45:584] [INFO] - org.springframework.web.servlet.handler.AbstractUrlHandlerMapping.registerHandler(AbstractUrlHandlerMapping.java:373) - Mapped URL path [/webjars/**] onto handler of type [class org.springframework.web.servlet.resource.ResourceHttpRequestHandler]
[13:13:45:584] [INFO] - org.springframework.web.servlet.handler.AbstractUrlHandlerMapping.registerHandler(AbstractUrlHandlerMapping.java:373) - Mapped URL path [/**] onto handler of type [class org.springframework.web.servlet.resource.ResourceHttpRequestHandler]
[13:13:45:585] [INFO] - org.springframework.web.servlet.handler.AbstractUrlHandlerMapping.registerHandler(AbstractUrlHandlerMapping.java:373) - Mapped URL path [/files/ArtUpload/**] onto handler of type [class org.springframework.web.servlet.resource.ResourceHttpRequestHandler]
[13:13:45:659] [INFO] - org.springframework.boot.autoconfigure.web.servlet.WelcomePageHandlerMapping.<init>(WelcomePageHandlerMapping.java:56) - Adding welcome page: class path resource [static/index.html]
[13:13:45:846] [INFO] - org.springframework.boot.devtools.autoconfigure.OptionalLiveReloadServer.startServer(OptionalLiveReloadServer.java:57) - LiveReload server is running on port 35729
[13:13:45:871] [INFO] - org.springframework.jmx.export.MBeanExporter.afterSingletonsInstantiated(MBeanExporter.java:433) - Registering beans for JMX exposure on startup
[13:13:45:872] [INFO] - org.springframework.jmx.export.MBeanExporter.autodetect(MBeanExporter.java:895) - Bean with name 'springDruidDataSource' has been autodetected for JMX exposure
[13:13:45:872] [INFO] - org.springframework.jmx.export.MBeanExporter.autodetect(MBeanExporter.java:895) - Bean with name 'statFilter' has been autodetected for JMX exposure
[13:13:45:876] [INFO] - org.springframework.jmx.export.MBeanExporter.registerBeanInstance(MBeanExporter.java:668) - Located MBean 'springDruidDataSource': registering with JMX server as MBean [com.alibaba.druid.pool:name=springDruidDataSource,type=DruidDataSource]
[13:13:45:876] [INFO] - org.springframework.jmx.export.MBeanExporter.registerBeanInstance(MBeanExporter.java:668) - Located MBean 'statFilter': registering with JMX server as MBean [com.alibaba.druid.filter.stat:name=statFilter,type=StatFilter]
[13:13:45:883] [INFO] - org.apache.juli.logging.DirectJDKLog.log(DirectJDKLog.java:180) - Starting ProtocolHandler ["http-nio-8088"]
[13:13:45:889] [INFO] - org.apache.juli.logging.DirectJDKLog.log(DirectJDKLog.java:180) - Using a shared selector for servlet write/read
[13:13:45:899] [INFO] - org.springframework.boot.web.embedded.tomcat.TomcatWebServer.start(TomcatWebServer.java:206) - Tomcat started on port(s): 8088 (http) with context path ''
[13:13:45:902] [INFO] - org.springframework.boot.StartupInfoLogger.logStarted(StartupInfoLogger.java:59) - Started BlogApplication in 4.698 seconds (JVM running for 6.986)
[13:14:13:705] [INFO] - org.apache.juli.logging.DirectJDKLog.log(DirectJDKLog.java:180) - Initializing Spring FrameworkServlet 'dispatcherServlet'
[13:14:13:705] [INFO] - org.springframework.web.servlet.FrameworkServlet.initServletBean(FrameworkServlet.java:494) - FrameworkServlet 'dispatcherServlet': initialization started
[13:14:13:725] [INFO] - org.springframework.web.servlet.FrameworkServlet.initServletBean(FrameworkServlet.java:509) - FrameworkServlet 'dispatcherServlet': initialization completed in 20 ms
[13:14:24:344] [WARN] - org.springframework.web.servlet.mvc.support.DefaultHandlerExceptionResolver.handleHttpRequestMethodNotSupported(DefaultHandlerExceptionResolver.java:250) - Request method 'GET' not supported
[13:14:24:344] [WARN] - org.springframework.web.servlet.handler.AbstractHandlerExceptionResolver.logException(AbstractHandlerExceptionResolver.java:193) - Resolved exception caused by Handler execution: org.springframework.web.HttpRequestMethodNotSupportedException: Request method 'GET' not supported
[13:19:44:087] [DEBUG] - org.hibernate.engine.jdbc.spi.SqlStatementLogger.logStatement(SqlStatementLogger.java:92) - select article0_.aid as aid1_0_, article0_.acontent as acontent2_0_, article0_.aname as aname3_0_, article0_.artime as artime4_0_ from b_article article0_ limit ?
[13:20:23:342] [DEBUG] - org.hibernate.engine.jdbc.spi.SqlStatementLogger.logStatement(SqlStatementLogger.java:92) - select article0_.aid as aid1_0_, article0_.acontent as acontent2_0_, article0_.aname as aname3_0_, article0_.artime as artime4_0_ from b_article article0_ limit ?
[13:24:23:031] [DEBUG] - org.hibernate.engine.jdbc.spi.SqlStatementLogger.logStatement(SqlStatementLogger.java:92) - select article0_.aid as aid1_0_, article0_.acontent as acontent2_0_, article0_.aname as aname3_0_, article0_.artime as artime4_0_ from b_article article0_ limit ?
[13:24:28:561] [DEBUG] - org.hibernate.engine.jdbc.spi.SqlStatementLogger.logStatement(SqlStatementLogger.java:92) - select article0_.aid as aid1_0_, article0_.acontent as acontent2_0_, article0_.aname as aname3_0_, article0_.artime as artime4_0_ from b_article article0_ limit ?
[13:24:38:760] [DEBUG] - org.hibernate.engine.jdbc.spi.SqlStatementLogger.logStatement(SqlStatementLogger.java:92) - insert into b_article (acontent, aname, artime) values (?, ?, ?)
[13:24:38:769] [TRACE] - org.hibernate.type.descriptor.sql.BasicBinder.bind(BasicBinder.java:65) - binding parameter [1] as [VARCHAR] - [555]
[13:24:38:770] [TRACE] - org.hibernate.type.descriptor.sql.BasicBinder.bind(BasicBinder.java:65) - binding parameter [2] as [VARCHAR] - [555]
[13:24:38:771] [TRACE] - org.hibernate.type.descriptor.sql.BasicBinder.bind(BasicBinder.java:65) - binding parameter [3] as [TIMESTAMP] - [Thu Mar 04 13:24:38 CST 2021]
[13:24:40:301] [DEBUG] - org.hibernate.engine.jdbc.spi.SqlStatementLogger.logStatement(SqlStatementLogger.java:92) - select article0_.aid as aid1_0_, article0_.acontent as acontent2_0_, article0_.aname as aname3_0_, article0_.artime as artime4_0_ from b_article article0_ limit ?
[13:34:25:582] [INFO] - org.springframework.test.context.support.AbstractTestContextBootstrapper.buildDefaultMergedContextConfiguration(AbstractTestContextBootstrapper.java:308) - Neither @ContextConfiguration nor @ContextHierarchy found for test class [com.jzx.blog.BlogApplicationTests], using SpringBootContextLoader
[13:34:25:592] [INFO] - org.springframework.test.context.support.AbstractContextLoader.generateDefaultLocations(AbstractContextLoader.java:264) - Could not detect default resource locations for test class [com.jzx.blog.BlogApplicationTests]: no resource found for suffixes {-context.xml, Context.groovy}.
[13:34:25:873] [INFO] - org.springframework.test.context.support.AbstractTestContextBootstrapper.getDefaultTestExecutionListenerClassNames(AbstractTestContextBootstrapper.java:248) - Loaded default TestExecutionListener class names from location [META-INF/spring.factories]: [org.springframework.boot.test.mock.mockito.MockitoTestExecutionListener, org.springframework.boot.test.mock.mockito.ResetMocksTestExecutionListener, org.springframework.boot.test.autoconfigure.restdocs.RestDocsTestExecutionListener, org.springframework.boot.test.autoconfigure.web.client.MockRestServiceServerResetTestExecutionListener, org.springframework.boot.test.autoconfigure.web.servlet.MockMvcPrintOnlyOnFailureTestExecutionListener, org.springframework.boot.test.autoconfigure.web.servlet.WebDriverTestExecutionListener, org.springframework.test.context.web.ServletTestExecutionListener, org.springframework.test.context.support.DirtiesContextBeforeModesTestExecutionListener, org.springframework.test.context.support.DependencyInjectionTestExecutionListener, org.springframework.test.context.support.DirtiesContextTestExecutionListener, org.springframework.test.context.transaction.TransactionalTestExecutionListener, org.springframework.test.context.jdbc.SqlScriptsTestExecutionListener]
[13:34:25:906] [INFO] - org.springframework.test.context.support.AbstractTestContextBootstrapper.getTestExecutionListeners(AbstractTestContextBootstrapper.java:177) - Using TestExecutionListeners: [org.springframework.test.context.web.ServletTestExecutionListener@3b0fe47a, org.springframework.test.context.support.DirtiesContextBeforeModesTestExecutionListener@202b0582, org.springframework.boot.test.mock.mockito.MockitoTestExecutionListener@235ecd9f, org.springframework.boot.test.autoconfigure.SpringBootDependencyInjectionTestExecutionListener@1ca3b418, org.springframework.test.context.support.DirtiesContextTestExecutionListener@58cbafc2, org.springframework.test.context.transaction.TransactionalTestExecutionListener@2034b64c, org.springframework.test.context.jdbc.SqlScriptsTestExecutionListener@75d3a5e0, org.springframework.boot.test.mock.mockito.ResetMocksTestExecutionListener@74d1dc36, org.springframework.boot.test.autoconfigure.restdocs.RestDocsTestExecutionListener@7161d8d1, org.springframework.boot.test.autoconfigure.web.client.MockRestServiceServerResetTestExecutionListener@74e28667, org.springframework.boot.test.autoconfigure.web.servlet.MockMvcPrintOnlyOnFailureTestExecutionListener@1cf6d1be, org.springframework.boot.test.autoconfigure.web.servlet.WebDriverTestExecutionListener@663c9e7a]
[13:34:26:431] [INFO] - org.springframework.boot.StartupInfoLogger.logStarting(StartupInfoLogger.java:50) - Starting BlogApplicationTests on DESKTOP-TNPLNQR with PID 68036 (started by JZX in D:\ideaProject\blog)
[13:34:26:433] [INFO] - org.springframework.boot.SpringApplication.logStartupProfileInfo(SpringApplication.java:659) - No active profile set, falling back to default profiles: default
[13:34:26:492] [INFO] - org.springframework.context.support.AbstractApplicationContext.prepareRefresh(AbstractApplicationContext.java:590) - Refreshing org.springframework.web.context.support.GenericWebApplicationContext@3b96c42e: startup date [Thu Mar 04 13:34:26 CST 2021]; root of context hierarchy
[13:34:28:193] [INFO] - org.springframework.context.support.PostProcessorRegistrationDelegate$BeanPostProcessorChecker.postProcessAfterInitialization(PostProcessorRegistrationDelegate.java:328) - Bean 'org.springframework.transaction.annotation.ProxyTransactionManagementConfiguration' of type [org.springframework.transaction.annotation.ProxyTransactionManagementConfiguration$$EnhancerBySpringCGLIB$$31177d4e] is not eligible for getting processed by all BeanPostProcessors (for example: not eligible for auto-proxying)
[13:34:28:943] [INFO] - org.springframework.orm.jpa.LocalContainerEntityManagerFactoryBean.createNativeEntityManagerFactory(LocalContainerEntityManagerFactoryBean.java:361) - Building JPA container EntityManagerFactory for persistence unit 'default'
[13:34:28:994] [INFO] - org.hibernate.jpa.internal.util.LogHelper.logPersistenceUnitInformation(LogHelper.java:31) - HHH000204: Processing PersistenceUnitInfo [
	name: default
	...]
[13:34:29:252] [INFO] - org.hibernate.Version.logVersion(Version.java:45) - HHH000412: Hibernate Core {5.2.16.Final}
[13:34:29:255] [INFO] - org.hibernate.cfg.Environment.<clinit>(Environment.java:213) - HHH000206: hibernate.properties not found
[13:34:29:353] [INFO] - org.hibernate.annotations.common.reflection.java.JavaReflectionManager.<clinit>(JavaReflectionManager.java:66) - HCANN000001: Hibernate Commons Annotations {5.0.1.Final}
[13:34:29:925] [INFO] - com.alibaba.druid.pool.DruidDataSource.init(DruidDataSource.java:930) - {dataSource-1} inited
[13:34:29:944] [INFO] - org.hibernate.dialect.Dialect.<init>(Dialect.java:157) - HHH000400: Using dialect: org.hibernate.dialect.MySQL5Dialect
[13:34:31:034] [INFO] - org.springframework.orm.jpa.AbstractEntityManagerFactoryBean.buildNativeEntityManagerFactory(AbstractEntityManagerFactoryBean.java:415) - Initialized JPA EntityManagerFactory for persistence unit 'default'
[13:34:31:451] [INFO] - org.hibernate.hql.internal.QueryTranslatorFactoryInitiator.initiateService(QueryTranslatorFactoryInitiator.java:47) - HHH000397: Using ASTQueryTranslatorFactory
[13:34:31:688] [INFO] - com.jzx.blog.config.DruidConfiguration.druidServlet(DruidConfiguration.java:20) - init Druid Servlet Configuration 
[13:34:32:090] [INFO] - org.springframework.web.servlet.handler.AbstractUrlHandlerMapping.registerHandler(AbstractUrlHandlerMapping.java:373) - Mapped URL path [/**/favicon.ico] onto handler of type [class org.springframework.web.servlet.resource.ResourceHttpRequestHandler]
[13:34:32:607] [INFO] - org.springframework.web.servlet.mvc.method.annotation.RequestMappingHandlerAdapter.initControllerAdviceCache(RequestMappingHandlerAdapter.java:574) - Looking for @ControllerAdvice: org.springframework.web.context.support.GenericWebApplicationContext@3b96c42e: startup date [Thu Mar 04 13:34:26 CST 2021]; root of context hierarchy
[13:34:32:689] [WARN] - org.springframework.boot.autoconfigure.orm.jpa.JpaBaseConfiguration$JpaWebConfiguration$JpaWebMvcConfiguration.openEntityManagerInViewInterceptor(JpaBaseConfiguration.java:235) - spring.jpa.open-in-view is enabled by default. Therefore, database queries may be performed during view rendering. Explicitly configure spring.jpa.open-in-view to disable this warning
[13:34:32:746] [INFO] - org.springframework.web.servlet.handler.AbstractHandlerMethodMapping$MappingRegistry.register(AbstractHandlerMethodMapping.java:547) - Mapped "{[/uploadFile],methods=[POST]}" onto public com.jzx.blog.common.lang.Result com.jzx.blog.controller.ArticleController.uploadFile(org.springframework.web.multipart.MultipartFile,javax.servlet.http.HttpServletRequest)
[13:34:32:749] [INFO] - org.springframework.web.servlet.handler.AbstractHandlerMethodMapping$MappingRegistry.register(AbstractHandlerMethodMapping.java:547) - Mapped "{[/test],methods=[GET]}" onto public com.jzx.blog.domain.Article com.jzx.blog.controller.ArticleController.tset()
[13:34:32:750] [INFO] - org.springframework.web.servlet.handler.AbstractHandlerMethodMapping$MappingRegistry.register(AbstractHandlerMethodMapping.java:547) - Mapped "{[/findAllPage/{currentPage}/{pageSize}],methods=[GET]}" onto public org.springframework.data.domain.Page<com.jzx.blog.domain.Article> com.jzx.blog.controller.ArticleController.findAllPage(java.lang.Integer,java.lang.Integer)
[13:34:32:751] [INFO] - org.springframework.web.servlet.handler.AbstractHandlerMethodMapping$MappingRegistry.register(AbstractHandlerMethodMapping.java:547) - Mapped "{[/saveMd],methods=[POST]}" onto public com.jzx.blog.common.lang.Result com.jzx.blog.controller.ArticleController.saveMd(java.util.HashMap<java.lang.String, java.lang.String>)
[13:34:32:752] [INFO] - org.springframework.web.servlet.handler.AbstractHandlerMethodMapping$MappingRegistry.register(AbstractHandlerMethodMapping.java:547) - Mapped "{[/updMd],methods=[POST]}" onto public com.jzx.blog.common.lang.Result com.jzx.blog.controller.ArticleController.updMd(java.util.HashMap<java.lang.String, java.lang.String>)
[13:34:32:753] [INFO] - org.springframework.web.servlet.handler.AbstractHandlerMethodMapping$MappingRegistry.register(AbstractHandlerMethodMapping.java:547) - Mapped "{[/findAllArtList],methods=[GET]}" onto public com.jzx.blog.common.lang.Result com.jzx.blog.controller.ArticleController.findAllArtList()
[13:34:32:753] [INFO] - org.springframework.web.servlet.handler.AbstractHandlerMethodMapping$MappingRegistry.register(AbstractHandlerMethodMapping.java:547) - Mapped "{[/getArtinfo/{aid}],methods=[GET]}" onto public com.jzx.blog.common.lang.Result com.jzx.blog.controller.ArticleController.getArtinfo(java.lang.Long)
[13:34:32:754] [INFO] - org.springframework.web.servlet.handler.AbstractHandlerMethodMapping$MappingRegistry.register(AbstractHandlerMethodMapping.java:547) - Mapped "{[/findAllArt],methods=[GET]}" onto public java.util.List<com.jzx.blog.domain.Article> com.jzx.blog.controller.ArticleController.findAllArt()
[13:34:32:754] [INFO] - org.springframework.web.servlet.handler.AbstractHandlerMethodMapping$MappingRegistry.register(AbstractHandlerMethodMapping.java:547) - Mapped "{[/findOneArt/{AId}],methods=[GET]}" onto public com.jzx.blog.domain.Article com.jzx.blog.controller.ArticleController.findOneArt(java.lang.Long)
[13:34:32:754] [INFO] - org.springframework.web.servlet.handler.AbstractHandlerMethodMapping$MappingRegistry.register(AbstractHandlerMethodMapping.java:547) - Mapped "{[/deleteCheckArtListIn/{aids}],methods=[DELETE]}" onto public com.jzx.blog.common.lang.Result com.jzx.blog.controller.ArticleController.deleteCheckArtList(java.lang.String)
[13:34:32:755] [INFO] - org.springframework.web.servlet.handler.AbstractHandlerMethodMapping$MappingRegistry.register(AbstractHandlerMethodMapping.java:547) - Mapped "{[/findAllPageArtList],methods=[GET]}" onto public com.jzx.blog.common.lang.Result com.jzx.blog.controller.ArticleController.findAllPageArtList()
[13:34:32:755] [INFO] - org.springframework.web.servlet.handler.AbstractHandlerMethodMapping$MappingRegistry.register(AbstractHandlerMethodMapping.java:547) - Mapped "{[/findAllPageArtList/{currentPage}/{pageSize}],methods=[GET]}" onto public com.jzx.blog.common.lang.Result com.jzx.blog.controller.ArticleController.findAllPageArtList(java.lang.Integer,java.lang.Integer)
[13:34:32:757] [INFO] - org.springframework.web.servlet.handler.AbstractHandlerMethodMapping$MappingRegistry.register(AbstractHandlerMethodMapping.java:547) - Mapped "{[/getCateinfoByCid/{cid}],methods=[GET]}" onto public com.jzx.blog.common.lang.Result com.jzx.blog.controller.CategoryController.getCateinfoByCid(java.lang.Long)
[13:34:32:758] [INFO] - org.springframework.web.servlet.handler.AbstractHandlerMethodMapping$MappingRegistry.register(AbstractHandlerMethodMapping.java:547) - Mapped "{[/updCateInfo],methods=[POST]}" onto public com.jzx.blog.common.lang.Result com.jzx.blog.controller.CategoryController.updCateInfo(com.jzx.blog.domain.Category)
[13:34:32:759] [INFO] - org.springframework.web.servlet.handler.AbstractHandlerMethodMapping$MappingRegistry.register(AbstractHandlerMethodMapping.java:547) - Mapped "{[/delCate/{cid}],methods=[DELETE]}" onto public com.jzx.blog.common.lang.Result com.jzx.blog.controller.CategoryController.delCate(java.lang.Long)
[13:34:32:759] [INFO] - org.springframework.web.servlet.handler.AbstractHandlerMethodMapping$MappingRegistry.register(AbstractHandlerMethodMapping.java:547) - Mapped "{[/saveCate],methods=[POST]}" onto public com.jzx.blog.common.lang.Result com.jzx.blog.controller.CategoryController.saveCate(com.jzx.blog.domain.Category)
[13:34:32:760] [INFO] - org.springframework.web.servlet.handler.AbstractHandlerMethodMapping$MappingRegistry.register(AbstractHandlerMethodMapping.java:547) - Mapped "{[/findAllPageCateList/{currentPage}/{pageSize}],methods=[GET]}" onto public com.jzx.blog.common.lang.Result com.jzx.blog.controller.CategoryController.findAllPageCateList(java.lang.Integer,java.lang.Integer)
[13:34:32:763] [INFO] - org.springframework.web.servlet.handler.AbstractHandlerMethodMapping$MappingRegistry.register(AbstractHandlerMethodMapping.java:547) - Mapped "{[/error]}" onto public org.springframework.http.ResponseEntity<java.util.Map<java.lang.String, java.lang.Object>> org.springframework.boot.autoconfigure.web.servlet.error.BasicErrorController.error(javax.servlet.http.HttpServletRequest)
[13:34:32:765] [INFO] - org.springframework.web.servlet.handler.AbstractHandlerMethodMapping$MappingRegistry.register(AbstractHandlerMethodMapping.java:547) - Mapped "{[/error],produces=[text/html]}" onto public org.springframework.web.servlet.ModelAndView org.springframework.boot.autoconfigure.web.servlet.error.BasicErrorController.errorHtml(javax.servlet.http.HttpServletRequest,javax.servlet.http.HttpServletResponse)
[13:34:32:779] [INFO] - org.springframework.web.servlet.handler.AbstractUrlHandlerMapping.registerHandler(AbstractUrlHandlerMapping.java:360) - Root mapping to handler of type [class org.springframework.web.servlet.mvc.ParameterizableViewController]
[13:34:32:780] [INFO] - org.springframework.web.servlet.handler.AbstractUrlHandlerMapping.registerHandler(AbstractUrlHandlerMapping.java:373) - Mapped URL path [/index.html] onto handler of type [class org.springframework.web.servlet.mvc.ParameterizableViewController]
[13:34:32:782] [INFO] - org.springframework.web.servlet.handler.AbstractUrlHandlerMapping.registerHandler(AbstractUrlHandlerMapping.java:373) - Mapped URL path [/login] onto handler of type [class org.springframework.web.servlet.mvc.ParameterizableViewController]
[13:34:32:799] [INFO] - org.springframework.web.servlet.handler.AbstractUrlHandlerMapping.registerHandler(AbstractUrlHandlerMapping.java:373) - Mapped URL path [/webjars/**] onto handler of type [class org.springframework.web.servlet.resource.ResourceHttpRequestHandler]
[13:34:32:799] [INFO] - org.springframework.web.servlet.handler.AbstractUrlHandlerMapping.registerHandler(AbstractUrlHandlerMapping.java:373) - Mapped URL path [/**] onto handler of type [class org.springframework.web.servlet.resource.ResourceHttpRequestHandler]
[13:34:32:800] [INFO] - org.springframework.web.servlet.handler.AbstractUrlHandlerMapping.registerHandler(AbstractUrlHandlerMapping.java:373) - Mapped URL path [/files/ArtUpload/**] onto handler of type [class org.springframework.web.servlet.resource.ResourceHttpRequestHandler]
[13:34:33:044] [INFO] - org.springframework.boot.autoconfigure.web.servlet.WelcomePageHandlerMapping.<init>(WelcomePageHandlerMapping.java:56) - Adding welcome page: class path resource [static/index.html]
[13:34:33:452] [INFO] - org.springframework.boot.StartupInfoLogger.logStarted(StartupInfoLogger.java:59) - Started BlogApplicationTests in 7.453 seconds (JVM running for 9.931)
[13:34:33:872] [DEBUG] - org.hibernate.engine.jdbc.spi.SqlStatementLogger.logStatement(SqlStatementLogger.java:92) - select article0_.aid as aid1_0_, article0_.acontent as acontent2_0_, article0_.aname as aname3_0_, article0_.artime as artime4_0_ from b_article article0_
[13:34:34:157] [INFO] - org.springframework.context.support.AbstractApplicationContext.doClose(AbstractApplicationContext.java:993) - Closing org.springframework.web.context.support.GenericWebApplicationContext@3b96c42e: startup date [Thu Mar 04 13:34:26 CST 2021]; root of context hierarchy
[13:34:34:163] [INFO] - org.springframework.orm.jpa.AbstractEntityManagerFactoryBean.destroy(AbstractEntityManagerFactoryBean.java:597) - Closing JPA EntityManagerFactory for persistence unit 'default'
[13:34:34:174] [INFO] - com.alibaba.druid.pool.DruidDataSource.close(DruidDataSource.java:1825) - {dataSource-1} closed
[13:40:58:920] [INFO] - org.springframework.context.support.AbstractApplicationContext.doClose(AbstractApplicationContext.java:993) - Closing org.springframework.boot.web.servlet.context.AnnotationConfigServletWebServerApplicationContext@600b282: startup date [Thu Mar 04 13:13:41 CST 2021]; root of context hierarchy
[13:40:58:952] [INFO] - org.springframework.jmx.export.MBeanExporter.destroy(MBeanExporter.java:451) - Unregistering JMX-exposed beans on shutdown
[13:40:58:955] [INFO] - org.springframework.jmx.support.MBeanRegistrationSupport.unregisterBeans(MBeanRegistrationSupport.java:183) - Unregistering JMX-exposed beans
[13:40:58:959] [INFO] - org.springframework.orm.jpa.AbstractEntityManagerFactoryBean.destroy(AbstractEntityManagerFactoryBean.java:597) - Closing JPA EntityManagerFactory for persistence unit 'default'
[13:40:58:978] [INFO] - com.alibaba.druid.pool.DruidDataSource.close(DruidDataSource.java:1825) - {dataSource-1} closed
[13:40:59:735] [INFO] - org.springframework.boot.StartupInfoLogger.logStarting(StartupInfoLogger.java:50) - Starting BlogApplication on DESKTOP-TNPLNQR with PID 72924 (D:\ideaProject\blog\target\classes started by JZX in D:\ideaProject\blog)
[13:40:59:735] [INFO] - org.springframework.boot.SpringApplication.logStartupProfileInfo(SpringApplication.java:659) - No active profile set, falling back to default profiles: default
[13:40:59:738] [INFO] - org.springframework.context.support.AbstractApplicationContext.prepareRefresh(AbstractApplicationContext.java:590) - Refreshing org.springframework.boot.web.servlet.context.AnnotationConfigServletWebServerApplicationContext@5fd82b6a: startup date [Thu Mar 04 13:40:59 CST 2021]; root of context hierarchy
[13:41:00:170] [INFO] - org.springframework.context.support.PostProcessorRegistrationDelegate$BeanPostProcessorChecker.postProcessAfterInitialization(PostProcessorRegistrationDelegate.java:328) - Bean 'org.springframework.transaction.annotation.ProxyTransactionManagementConfiguration' of type [org.springframework.transaction.annotation.ProxyTransactionManagementConfiguration$$EnhancerBySpringCGLIB$$6f771563] is not eligible for getting processed by all BeanPostProcessors (for example: not eligible for auto-proxying)
[13:41:00:252] [INFO] - org.springframework.boot.web.embedded.tomcat.TomcatWebServer.initialize(TomcatWebServer.java:91) - Tomcat initialized with port(s): 8088 (http)
[13:41:00:253] [INFO] - org.apache.juli.logging.DirectJDKLog.log(DirectJDKLog.java:180) - Initializing ProtocolHandler ["http-nio-8088"]
[13:41:00:253] [INFO] - org.apache.juli.logging.DirectJDKLog.log(DirectJDKLog.java:180) - Starting service [Tomcat]
[13:41:00:253] [INFO] - org.apache.juli.logging.DirectJDKLog.log(DirectJDKLog.java:180) - Starting Servlet Engine: Apache Tomcat/8.5.29
[13:41:00:286] [INFO] - org.apache.juli.logging.DirectJDKLog.log(DirectJDKLog.java:180) - Initializing Spring embedded WebApplicationContext
[13:41:00:287] [INFO] - org.springframework.boot.web.servlet.context.ServletWebServerApplicationContext.prepareWebApplicationContext(ServletWebServerApplicationContext.java:285) - Root WebApplicationContext: initialization completed in 549 ms
[13:41:00:295] [INFO] - com.jzx.blog.config.DruidConfiguration.druidServlet(DruidConfiguration.java:20) - init Druid Servlet Configuration 
[13:41:00:320] [INFO] - org.springframework.boot.web.servlet.ServletRegistrationBean.addRegistration(ServletRegistrationBean.java:185) - Servlet statViewServlet mapped to [/druid/*]
[13:41:00:321] [INFO] - org.springframework.boot.web.servlet.ServletRegistrationBean.addRegistration(ServletRegistrationBean.java:185) - Servlet dispatcherServlet mapped to [/]
[13:41:00:322] [INFO] - org.springframework.boot.web.servlet.ServletRegistrationBean.addRegistration(ServletRegistrationBean.java:185) - Servlet statViewServlet mapped to [/druid/*]
[13:41:00:322] [INFO] - org.springframework.boot.web.servlet.DynamicRegistrationBean.register(DynamicRegistrationBean.java:111) - Servlet statViewServlet was not registered (possibly already registered?)
[13:41:00:322] [INFO] - org.springframework.boot.web.servlet.AbstractFilterRegistrationBean.configure(AbstractFilterRegistrationBean.java:244) - Mapping filter: 'characterEncodingFilter' to: [/*]
[13:41:00:322] [INFO] - org.springframework.boot.web.servlet.AbstractFilterRegistrationBean.configure(AbstractFilterRegistrationBean.java:244) - Mapping filter: 'hiddenHttpMethodFilter' to: [/*]
[13:41:00:322] [INFO] - org.springframework.boot.web.servlet.AbstractFilterRegistrationBean.configure(AbstractFilterRegistrationBean.java:244) - Mapping filter: 'httpPutFormContentFilter' to: [/*]
[13:41:00:322] [INFO] - org.springframework.boot.web.servlet.AbstractFilterRegistrationBean.configure(AbstractFilterRegistrationBean.java:244) - Mapping filter: 'requestContextFilter' to: [/*]
[13:41:00:322] [INFO] - org.springframework.boot.web.servlet.AbstractFilterRegistrationBean.configure(AbstractFilterRegistrationBean.java:257) - Mapping filter: 'webStatFilter' to urls: [/*]
[13:41:00:322] [INFO] - org.springframework.boot.web.servlet.DynamicRegistrationBean.register(DynamicRegistrationBean.java:111) - Filter webStatFilter was not registered (possibly already registered?)
[13:41:00:363] [INFO] - org.springframework.orm.jpa.LocalContainerEntityManagerFactoryBean.createNativeEntityManagerFactory(LocalContainerEntityManagerFactoryBean.java:361) - Building JPA container EntityManagerFactory for persistence unit 'default'
[13:41:00:364] [INFO] - org.hibernate.jpa.internal.util.LogHelper.logPersistenceUnitInformation(LogHelper.java:31) - HHH000204: Processing PersistenceUnitInfo [
	name: default
	...]
[13:41:00:420] [INFO] - com.alibaba.druid.pool.DruidDataSource.init(DruidDataSource.java:930) - {dataSource-2} inited
[13:41:00:421] [INFO] - org.hibernate.dialect.Dialect.<init>(Dialect.java:157) - HHH000400: Using dialect: org.hibernate.dialect.MySQL5Dialect
[13:41:00:450] [INFO] - org.springframework.orm.jpa.AbstractEntityManagerFactoryBean.buildNativeEntityManagerFactory(AbstractEntityManagerFactoryBean.java:415) - Initialized JPA EntityManagerFactory for persistence unit 'default'
[13:41:00:489] [INFO] - org.hibernate.hql.internal.QueryTranslatorFactoryInitiator.initiateService(QueryTranslatorFactoryInitiator.java:47) - HHH000397: Using ASTQueryTranslatorFactory
[13:41:00:538] [INFO] - org.springframework.web.servlet.handler.AbstractUrlHandlerMapping.registerHandler(AbstractUrlHandlerMapping.java:373) - Mapped URL path [/**/favicon.ico] onto handler of type [class org.springframework.web.servlet.resource.ResourceHttpRequestHandler]
[13:41:00:616] [INFO] - org.springframework.web.servlet.mvc.method.annotation.RequestMappingHandlerAdapter.initControllerAdviceCache(RequestMappingHandlerAdapter.java:574) - Looking for @ControllerAdvice: org.springframework.boot.web.servlet.context.AnnotationConfigServletWebServerApplicationContext@5fd82b6a: startup date [Thu Mar 04 13:40:59 CST 2021]; root of context hierarchy
[13:41:00:622] [WARN] - org.springframework.boot.autoconfigure.orm.jpa.JpaBaseConfiguration$JpaWebConfiguration$JpaWebMvcConfiguration.openEntityManagerInViewInterceptor(JpaBaseConfiguration.java:235) - spring.jpa.open-in-view is enabled by default. Therefore, database queries may be performed during view rendering. Explicitly configure spring.jpa.open-in-view to disable this warning
[13:41:00:632] [INFO] - org.springframework.web.servlet.handler.AbstractHandlerMethodMapping$MappingRegistry.register(AbstractHandlerMethodMapping.java:547) - Mapped "{[/findAllPageArtList],methods=[GET]}" onto public com.jzx.blog.common.lang.Result com.jzx.blog.controller.ArticleController.findAllPageArtList()
[13:41:00:633] [INFO] - org.springframework.web.servlet.handler.AbstractHandlerMethodMapping$MappingRegistry.register(AbstractHandlerMethodMapping.java:547) - Mapped "{[/findAllPageArtList/{currentPage}/{pageSize}],methods=[GET]}" onto public com.jzx.blog.common.lang.Result com.jzx.blog.controller.ArticleController.findAllPageArtList(java.lang.Integer,java.lang.Integer)
[13:41:00:633] [INFO] - org.springframework.web.servlet.handler.AbstractHandlerMethodMapping$MappingRegistry.register(AbstractHandlerMethodMapping.java:547) - Mapped "{[/deleteCheckArtListIn/{aids}],methods=[DELETE]}" onto public com.jzx.blog.common.lang.Result com.jzx.blog.controller.ArticleController.deleteCheckArtList(java.lang.String)
[13:41:00:633] [INFO] - org.springframework.web.servlet.handler.AbstractHandlerMethodMapping$MappingRegistry.register(AbstractHandlerMethodMapping.java:547) - Mapped "{[/test],methods=[GET]}" onto public com.jzx.blog.domain.Article com.jzx.blog.controller.ArticleController.tset()
[13:41:00:633] [INFO] - org.springframework.web.servlet.handler.AbstractHandlerMethodMapping$MappingRegistry.register(AbstractHandlerMethodMapping.java:547) - Mapped "{[/findAllPage/{currentPage}/{pageSize}],methods=[GET]}" onto public org.springframework.data.domain.Page<com.jzx.blog.domain.Article> com.jzx.blog.controller.ArticleController.findAllPage(java.lang.Integer,java.lang.Integer)
[13:41:00:634] [INFO] - org.springframework.web.servlet.handler.AbstractHandlerMethodMapping$MappingRegistry.register(AbstractHandlerMethodMapping.java:547) - Mapped "{[/findOneArt/{AId}],methods=[GET]}" onto public com.jzx.blog.domain.Article com.jzx.blog.controller.ArticleController.findOneArt(java.lang.Long)
[13:41:00:634] [INFO] - org.springframework.web.servlet.handler.AbstractHandlerMethodMapping$MappingRegistry.register(AbstractHandlerMethodMapping.java:547) - Mapped "{[/saveMd],methods=[POST]}" onto public com.jzx.blog.common.lang.Result com.jzx.blog.controller.ArticleController.saveMd(java.util.HashMap<java.lang.String, java.lang.String>)
[13:41:00:635] [INFO] - org.springframework.web.servlet.handler.AbstractHandlerMethodMapping$MappingRegistry.register(AbstractHandlerMethodMapping.java:547) - Mapped "{[/findAllArtList],methods=[GET]}" onto public com.jzx.blog.common.lang.Result com.jzx.blog.controller.ArticleController.findAllArtList()
[13:41:00:635] [INFO] - org.springframework.web.servlet.handler.AbstractHandlerMethodMapping$MappingRegistry.register(AbstractHandlerMethodMapping.java:547) - Mapped "{[/uploadFile],methods=[POST]}" onto public com.jzx.blog.common.lang.Result com.jzx.blog.controller.ArticleController.uploadFile(org.springframework.web.multipart.MultipartFile,javax.servlet.http.HttpServletRequest)
[13:41:00:635] [INFO] - org.springframework.web.servlet.handler.AbstractHandlerMethodMapping$MappingRegistry.register(AbstractHandlerMethodMapping.java:547) - Mapped "{[/findAllArt],methods=[GET]}" onto public java.util.List<com.jzx.blog.domain.Article> com.jzx.blog.controller.ArticleController.findAllArt()
[13:41:00:635] [INFO] - org.springframework.web.servlet.handler.AbstractHandlerMethodMapping$MappingRegistry.register(AbstractHandlerMethodMapping.java:547) - Mapped "{[/updMd],methods=[POST]}" onto public com.jzx.blog.common.lang.Result com.jzx.blog.controller.ArticleController.updMd(java.util.HashMap<java.lang.String, java.lang.String>)
[13:41:00:636] [INFO] - org.springframework.web.servlet.handler.AbstractHandlerMethodMapping$MappingRegistry.register(AbstractHandlerMethodMapping.java:547) - Mapped "{[/getArtinfo/{aid}],methods=[GET]}" onto public com.jzx.blog.common.lang.Result com.jzx.blog.controller.ArticleController.getArtinfo(java.lang.Long)
[13:41:00:637] [INFO] - org.springframework.web.servlet.handler.AbstractHandlerMethodMapping$MappingRegistry.register(AbstractHandlerMethodMapping.java:547) - Mapped "{[/findAllPageCateList/{currentPage}/{pageSize}],methods=[GET]}" onto public com.jzx.blog.common.lang.Result com.jzx.blog.controller.CategoryController.findAllPageCateList(java.lang.Integer,java.lang.Integer)
[13:41:00:637] [INFO] - org.springframework.web.servlet.handler.AbstractHandlerMethodMapping$MappingRegistry.register(AbstractHandlerMethodMapping.java:547) - Mapped "{[/delCate/{cid}],methods=[DELETE]}" onto public com.jzx.blog.common.lang.Result com.jzx.blog.controller.CategoryController.delCate(java.lang.Long)
[13:41:00:637] [INFO] - org.springframework.web.servlet.handler.AbstractHandlerMethodMapping$MappingRegistry.register(AbstractHandlerMethodMapping.java:547) - Mapped "{[/updCateInfo],methods=[POST]}" onto public com.jzx.blog.common.lang.Result com.jzx.blog.controller.CategoryController.updCateInfo(com.jzx.blog.domain.Category)
[13:41:00:637] [INFO] - org.springframework.web.servlet.handler.AbstractHandlerMethodMapping$MappingRegistry.register(AbstractHandlerMethodMapping.java:547) - Mapped "{[/saveCate],methods=[POST]}" onto public com.jzx.blog.common.lang.Result com.jzx.blog.controller.CategoryController.saveCate(com.jzx.blog.domain.Category)
[13:41:00:638] [INFO] - org.springframework.web.servlet.handler.AbstractHandlerMethodMapping$MappingRegistry.register(AbstractHandlerMethodMapping.java:547) - Mapped "{[/getCateinfoByCid/{cid}],methods=[GET]}" onto public com.jzx.blog.common.lang.Result com.jzx.blog.controller.CategoryController.getCateinfoByCid(java.lang.Long)
[13:41:00:639] [INFO] - org.springframework.web.servlet.handler.AbstractHandlerMethodMapping$MappingRegistry.register(AbstractHandlerMethodMapping.java:547) - Mapped "{[/error]}" onto public org.springframework.http.ResponseEntity<java.util.Map<java.lang.String, java.lang.Object>> org.springframework.boot.autoconfigure.web.servlet.error.BasicErrorController.error(javax.servlet.http.HttpServletRequest)
[13:41:00:639] [INFO] - org.springframework.web.servlet.handler.AbstractHandlerMethodMapping$MappingRegistry.register(AbstractHandlerMethodMapping.java:547) - Mapped "{[/error],produces=[text/html]}" onto public org.springframework.web.servlet.ModelAndView org.springframework.boot.autoconfigure.web.servlet.error.BasicErrorController.errorHtml(javax.servlet.http.HttpServletRequest,javax.servlet.http.HttpServletResponse)
[13:41:00:645] [INFO] - org.springframework.web.servlet.handler.AbstractUrlHandlerMapping.registerHandler(AbstractUrlHandlerMapping.java:360) - Root mapping to handler of type [class org.springframework.web.servlet.mvc.ParameterizableViewController]
[13:41:00:645] [INFO] - org.springframework.web.servlet.handler.AbstractUrlHandlerMapping.registerHandler(AbstractUrlHandlerMapping.java:373) - Mapped URL path [/index.html] onto handler of type [class org.springframework.web.servlet.mvc.ParameterizableViewController]
[13:41:00:645] [INFO] - org.springframework.web.servlet.handler.AbstractUrlHandlerMapping.registerHandler(AbstractUrlHandlerMapping.java:373) - Mapped URL path [/login] onto handler of type [class org.springframework.web.servlet.mvc.ParameterizableViewController]
[13:41:00:648] [INFO] - org.springframework.web.servlet.handler.AbstractUrlHandlerMapping.registerHandler(AbstractUrlHandlerMapping.java:373) - Mapped URL path [/webjars/**] onto handler of type [class org.springframework.web.servlet.resource.ResourceHttpRequestHandler]
[13:41:00:649] [INFO] - org.springframework.web.servlet.handler.AbstractUrlHandlerMapping.registerHandler(AbstractUrlHandlerMapping.java:373) - Mapped URL path [/**] onto handler of type [class org.springframework.web.servlet.resource.ResourceHttpRequestHandler]
[13:41:00:649] [INFO] - org.springframework.web.servlet.handler.AbstractUrlHandlerMapping.registerHandler(AbstractUrlHandlerMapping.java:373) - Mapped URL path [/files/ArtUpload/**] onto handler of type [class org.springframework.web.servlet.resource.ResourceHttpRequestHandler]
[13:41:00:670] [INFO] - org.springframework.boot.autoconfigure.web.servlet.WelcomePageHandlerMapping.<init>(WelcomePageHandlerMapping.java:56) - Adding welcome page: class path resource [static/index.html]
[13:41:00:730] [INFO] - org.springframework.boot.devtools.autoconfigure.OptionalLiveReloadServer.startServer(OptionalLiveReloadServer.java:57) - LiveReload server is running on port 35729
[13:41:00:755] [INFO] - org.springframework.jmx.export.MBeanExporter.afterSingletonsInstantiated(MBeanExporter.java:433) - Registering beans for JMX exposure on startup
[13:41:00:756] [INFO] - org.springframework.jmx.export.MBeanExporter.autodetect(MBeanExporter.java:895) - Bean with name 'springDruidDataSource' has been autodetected for JMX exposure
[13:41:00:757] [INFO] - org.springframework.jmx.export.MBeanExporter.autodetect(MBeanExporter.java:895) - Bean with name 'statFilter' has been autodetected for JMX exposure
[13:41:00:760] [INFO] - org.springframework.jmx.export.MBeanExporter.registerBeanInstance(MBeanExporter.java:668) - Located MBean 'springDruidDataSource': registering with JMX server as MBean [com.alibaba.druid.pool:name=springDruidDataSource,type=DruidDataSource]
[13:41:00:760] [INFO] - org.springframework.jmx.export.MBeanExporter.registerBeanInstance(MBeanExporter.java:668) - Located MBean 'statFilter': registering with JMX server as MBean [com.alibaba.druid.filter.stat:name=statFilter,type=StatFilter]
[13:41:00:766] [INFO] - org.apache.juli.logging.DirectJDKLog.log(DirectJDKLog.java:180) - Starting ProtocolHandler ["http-nio-8088"]
[13:41:00:767] [INFO] - org.apache.juli.logging.DirectJDKLog.log(DirectJDKLog.java:180) - Using a shared selector for servlet write/read
[13:41:00:771] [INFO] - org.springframework.boot.web.embedded.tomcat.TomcatWebServer.start(TomcatWebServer.java:206) - Tomcat started on port(s): 8088 (http) with context path ''
[13:41:00:772] [INFO] - org.springframework.boot.StartupInfoLogger.logStarted(StartupInfoLogger.java:59) - Started BlogApplication in 1.079 seconds (JVM running for 1641.857)
[13:41:00:775] [INFO] - org.springframework.boot.devtools.autoconfigure.ConditionEvaluationDeltaLoggingListener.onApplicationEvent(ConditionEvaluationDeltaLoggingListener.java:56) - Condition evaluation unchanged
