[08:17:23:671] [INFO] - org.springframework.boot.StartupInfoLogger.logStarting(StartupInfoLogger.java:50) - Starting BlogApplication on DESKTOP-52NRVFL with PID 16768 (D:\IdeaProjects\blog\target\classes started by jzx in D:\IdeaProjects\blog)
[08:17:23:681] [INFO] - org.springframework.boot.SpringApplication.logStartupProfileInfo(SpringApplication.java:659) - No active profile set, falling back to default profiles: default
[08:17:23:751] [INFO] - org.springframework.context.support.AbstractApplicationContext.prepareRefresh(AbstractApplicationContext.java:590) - Refreshing org.springframework.boot.web.servlet.context.AnnotationConfigServletWebServerApplicationContext@66c3d238: startup date [Fri Oct 16 08:17:23 CST 2020]; root of context hierarchy
[08:17:24:850] [INFO] - org.springframework.context.support.PostProcessorRegistrationDelegate$BeanPostProcessorChecker.postProcessAfterInitialization(PostProcessorRegistrationDelegate.java:328) - Bean 'org.springframework.transaction.annotation.ProxyTransactionManagementConfiguration' of type [org.springframework.transaction.annotation.ProxyTransactionManagementConfiguration$$EnhancerBySpringCGLIB$$c3ec5408] is not eligible for getting processed by all BeanPostProcessors (for example: not eligible for auto-proxying)
[08:17:25:120] [INFO] - org.springframework.boot.web.embedded.tomcat.TomcatWebServer.initialize(TomcatWebServer.java:91) - Tomcat initialized with port(s): 8088 (http)
[08:17:25:130] [INFO] - org.apache.juli.logging.DirectJDKLog.log(DirectJDKLog.java:180) - Initializing ProtocolHandler ["http-nio-8088"]
[08:17:25:130] [INFO] - org.apache.juli.logging.DirectJDKLog.log(DirectJDKLog.java:180) - Starting service [Tomcat]
[08:17:25:130] [INFO] - org.apache.juli.logging.DirectJDKLog.log(DirectJDKLog.java:180) - Starting Servlet Engine: Apache Tomcat/8.5.29
[08:17:25:140] [INFO] - org.apache.juli.logging.DirectJDKLog.log(DirectJDKLog.java:180) - The APR based Apache Tomcat Native library which allows optimal performance in production environments was not found on the java.library.path: [C:\Program Files\Java\jdk1.8.0_211\bin;C:\Windows\Sun\Java\bin;C:\Windows\system32;C:\Windows;C:\Program Files (x86)\Common Files\Oracle\Java\javapath;C:\Windows\system32;C:\Windows;C:\Windows\System32\Wbem;C:\Windows\System32\WindowsPowerShell\v1.0\;C:\Windows\System32\OpenSSH\;C:\Program Files\Java\jdk1.8.0_211\bin;C:\Program Files\Java\jdk1.8.0_211\jre\bin;C:\strawberry\c\bin;C:\strawberry\perl\bin;D:\Rational Rose\Common;D:\java\apache-maven-3.5.4\bin;C:\Program Files\Git\cmd;C:\Program Files\TortoiseGit\bin;C:\Program Files\nodejs\;C:\Program Files\nodejs\node_global\node_modules;C:\Users\jzx\AppData\Local\Microsoft\WindowsApps;D:\Program Files (x86)\SSH Communications Security\SSH Secure Shell;D:\Microsoft VS Code\bin;C:\Program Files\nodejs\node_global;C:\Users\jzx\AppData\Roaming\npm;.]
[08:17:25:260] [INFO] - org.apache.juli.logging.DirectJDKLog.log(DirectJDKLog.java:180) - Initializing Spring embedded WebApplicationContext
[08:17:25:260] [INFO] - org.springframework.boot.web.servlet.context.ServletWebServerApplicationContext.prepareWebApplicationContext(ServletWebServerApplicationContext.java:285) - Root WebApplicationContext: initialization completed in 1509 ms
[08:17:25:270] [INFO] - com.jzx.blog.config.DruidConfiguration.druidServlet(DruidConfiguration.java:20) - init Druid Servlet Configuration 
[08:17:25:360] [INFO] - org.springframework.boot.web.servlet.ServletRegistrationBean.addRegistration(ServletRegistrationBean.java:185) - Servlet statViewServlet mapped to [/druid/*]
[08:17:25:370] [INFO] - org.springframework.boot.web.servlet.ServletRegistrationBean.addRegistration(ServletRegistrationBean.java:185) - Servlet dispatcherServlet mapped to [/]
[08:17:25:370] [INFO] - org.springframework.boot.web.servlet.ServletRegistrationBean.addRegistration(ServletRegistrationBean.java:185) - Servlet statViewServlet mapped to [/druid/*]
[08:17:25:370] [INFO] - org.springframework.boot.web.servlet.DynamicRegistrationBean.register(DynamicRegistrationBean.java:111) - Servlet statViewServlet was not registered (possibly already registered?)
[08:17:25:370] [INFO] - org.springframework.boot.web.servlet.AbstractFilterRegistrationBean.configure(AbstractFilterRegistrationBean.java:244) - Mapping filter: 'characterEncodingFilter' to: [/*]
[08:17:25:370] [INFO] - org.springframework.boot.web.servlet.AbstractFilterRegistrationBean.configure(AbstractFilterRegistrationBean.java:244) - Mapping filter: 'hiddenHttpMethodFilter' to: [/*]
[08:17:25:370] [INFO] - org.springframework.boot.web.servlet.AbstractFilterRegistrationBean.configure(AbstractFilterRegistrationBean.java:244) - Mapping filter: 'httpPutFormContentFilter' to: [/*]
[08:17:25:370] [INFO] - org.springframework.boot.web.servlet.AbstractFilterRegistrationBean.configure(AbstractFilterRegistrationBean.java:244) - Mapping filter: 'requestContextFilter' to: [/*]
[08:17:25:370] [INFO] - org.springframework.boot.web.servlet.AbstractFilterRegistrationBean.configure(AbstractFilterRegistrationBean.java:257) - Mapping filter: 'webStatFilter' to urls: [/*]
[08:17:25:370] [INFO] - org.springframework.boot.web.servlet.DynamicRegistrationBean.register(DynamicRegistrationBean.java:111) - Filter webStatFilter was not registered (possibly already registered?)
[08:17:25:540] [INFO] - org.springframework.orm.jpa.LocalContainerEntityManagerFactoryBean.createNativeEntityManagerFactory(LocalContainerEntityManagerFactoryBean.java:361) - Building JPA container EntityManagerFactory for persistence unit 'default'
[08:17:25:550] [INFO] - org.hibernate.jpa.internal.util.LogHelper.logPersistenceUnitInformation(LogHelper.java:31) - HHH000204: Processing PersistenceUnitInfo [
	name: default
	...]
[08:17:25:610] [INFO] - org.hibernate.Version.logVersion(Version.java:45) - HHH000412: Hibernate Core {5.2.16.Final}
[08:17:25:610] [INFO] - org.hibernate.cfg.Environment.<clinit>(Environment.java:213) - HHH000206: hibernate.properties not found
[08:17:25:640] [INFO] - org.hibernate.annotations.common.reflection.java.JavaReflectionManager.<clinit>(JavaReflectionManager.java:66) - HCANN000001: Hibernate Commons Annotations {5.0.1.Final}
[08:17:25:890] [INFO] - com.alibaba.druid.pool.DruidDataSource.init(DruidDataSource.java:930) - {dataSource-1} inited
[08:17:25:900] [INFO] - org.hibernate.dialect.Dialect.<init>(Dialect.java:157) - HHH000400: Using dialect: org.hibernate.dialect.MySQL5Dialect
[08:17:26:220] [INFO] - org.springframework.orm.jpa.AbstractEntityManagerFactoryBean.buildNativeEntityManagerFactory(AbstractEntityManagerFactoryBean.java:415) - Initialized JPA EntityManagerFactory for persistence unit 'default'
[08:17:26:400] [INFO] - org.hibernate.hql.internal.QueryTranslatorFactoryInitiator.initiateService(QueryTranslatorFactoryInitiator.java:47) - HHH000397: Using ASTQueryTranslatorFactory
[08:17:26:520] [INFO] - org.springframework.web.servlet.handler.AbstractUrlHandlerMapping.registerHandler(AbstractUrlHandlerMapping.java:373) - Mapped URL path [/**/favicon.ico] onto handler of type [class org.springframework.web.servlet.resource.ResourceHttpRequestHandler]
[08:17:26:679] [INFO] - org.springframework.web.servlet.mvc.method.annotation.RequestMappingHandlerAdapter.initControllerAdviceCache(RequestMappingHandlerAdapter.java:574) - Looking for @ControllerAdvice: org.springframework.boot.web.servlet.context.AnnotationConfigServletWebServerApplicationContext@66c3d238: startup date [Fri Oct 16 08:17:23 CST 2020]; root of context hierarchy
[08:17:26:699] [WARN] - org.springframework.boot.autoconfigure.orm.jpa.JpaBaseConfiguration$JpaWebConfiguration$JpaWebMvcConfiguration.openEntityManagerInViewInterceptor(JpaBaseConfiguration.java:235) - spring.jpa.open-in-view is enabled by default. Therefore, database queries may be performed during view rendering. Explicitly configure spring.jpa.open-in-view to disable this warning
[08:17:26:719] [INFO] - org.springframework.web.servlet.handler.AbstractHandlerMethodMapping$MappingRegistry.register(AbstractHandlerMethodMapping.java:547) - Mapped "{[/findAllPageArtList],methods=[GET]}" onto public com.jzx.blog.common.lang.Result com.jzx.blog.controller.ArticleController.findAllPageArtList()
[08:17:26:729] [INFO] - org.springframework.web.servlet.handler.AbstractHandlerMethodMapping$MappingRegistry.register(AbstractHandlerMethodMapping.java:547) - Mapped "{[/findAllPageArtList/{currentPage}/{pageSize}],methods=[GET]}" onto public com.jzx.blog.common.lang.Result com.jzx.blog.controller.ArticleController.findAllPageArtList(java.lang.Integer,java.lang.Integer)
[08:17:26:729] [INFO] - org.springframework.web.servlet.handler.AbstractHandlerMethodMapping$MappingRegistry.register(AbstractHandlerMethodMapping.java:547) - Mapped "{[/findAllArt],methods=[GET]}" onto public java.util.List<com.jzx.blog.domain.Article> com.jzx.blog.controller.ArticleController.findAllArt()
[08:17:26:729] [INFO] - org.springframework.web.servlet.handler.AbstractHandlerMethodMapping$MappingRegistry.register(AbstractHandlerMethodMapping.java:547) - Mapped "{[/test],methods=[GET]}" onto public com.jzx.blog.domain.Article com.jzx.blog.controller.ArticleController.tset()
[08:17:26:729] [INFO] - org.springframework.web.servlet.handler.AbstractHandlerMethodMapping$MappingRegistry.register(AbstractHandlerMethodMapping.java:547) - Mapped "{[/addSignArtInfo],methods=[POST]}" onto public void com.jzx.blog.controller.ArticleController.addSignArtInfo(com.jzx.blog.domain.Article)
[08:17:26:729] [INFO] - org.springframework.web.servlet.handler.AbstractHandlerMethodMapping$MappingRegistry.register(AbstractHandlerMethodMapping.java:547) - Mapped "{[/findOneArt/{AId}],methods=[GET]}" onto public com.jzx.blog.domain.Article com.jzx.blog.controller.ArticleController.findOneArt(java.lang.Long)
[08:17:26:729] [INFO] - org.springframework.web.servlet.handler.AbstractHandlerMethodMapping$MappingRegistry.register(AbstractHandlerMethodMapping.java:547) - Mapped "{[/findAllArtList],methods=[GET]}" onto public com.jzx.blog.common.lang.Result com.jzx.blog.controller.ArticleController.findAllArtList()
[08:17:26:729] [INFO] - org.springframework.web.servlet.handler.AbstractHandlerMethodMapping$MappingRegistry.register(AbstractHandlerMethodMapping.java:547) - Mapped "{[/findAllPage/{currentPage}/{pageSize}],methods=[GET]}" onto public org.springframework.data.domain.Page<com.jzx.blog.domain.Article> com.jzx.blog.controller.ArticleController.findAllPage(java.lang.Integer,java.lang.Integer)
[08:17:26:729] [INFO] - org.springframework.web.servlet.handler.AbstractHandlerMethodMapping$MappingRegistry.register(AbstractHandlerMethodMapping.java:547) - Mapped "{[/findAllPageCateList/{currentPage}/{pageSize}],methods=[GET]}" onto public com.jzx.blog.common.lang.Result com.jzx.blog.controller.CategoryController.findAllPageCateList(java.lang.Integer,java.lang.Integer)
[08:17:26:729] [INFO] - org.springframework.web.servlet.handler.AbstractHandlerMethodMapping$MappingRegistry.register(AbstractHandlerMethodMapping.java:547) - Mapped "{[/saveCate],methods=[POST]}" onto public com.jzx.blog.common.lang.Result com.jzx.blog.controller.CategoryController.saveCate(com.jzx.blog.domain.Category)
[08:17:26:729] [INFO] - org.springframework.web.servlet.handler.AbstractHandlerMethodMapping$MappingRegistry.register(AbstractHandlerMethodMapping.java:547) - Mapped "{[/updCateInfo],methods=[POST]}" onto public com.jzx.blog.common.lang.Result com.jzx.blog.controller.CategoryController.updCateInfo(com.jzx.blog.domain.Category)
[08:17:26:729] [INFO] - org.springframework.web.servlet.handler.AbstractHandlerMethodMapping$MappingRegistry.register(AbstractHandlerMethodMapping.java:547) - Mapped "{[/getCateinfoByCid/{cid}],methods=[GET]}" onto public com.jzx.blog.common.lang.Result com.jzx.blog.controller.CategoryController.getCateinfoByCid(java.lang.Long)
[08:17:26:729] [INFO] - org.springframework.web.servlet.handler.AbstractHandlerMethodMapping$MappingRegistry.register(AbstractHandlerMethodMapping.java:547) - Mapped "{[/delCate/{cid}],methods=[DELETE]}" onto public com.jzx.blog.common.lang.Result com.jzx.blog.controller.CategoryController.delCate(java.lang.Long)
[08:17:26:739] [INFO] - org.springframework.web.servlet.handler.AbstractHandlerMethodMapping$MappingRegistry.register(AbstractHandlerMethodMapping.java:547) - Mapped "{[/error]}" onto public org.springframework.http.ResponseEntity<java.util.Map<java.lang.String, java.lang.Object>> org.springframework.boot.autoconfigure.web.servlet.error.BasicErrorController.error(javax.servlet.http.HttpServletRequest)
[08:17:26:739] [INFO] - org.springframework.web.servlet.handler.AbstractHandlerMethodMapping$MappingRegistry.register(AbstractHandlerMethodMapping.java:547) - Mapped "{[/error],produces=[text/html]}" onto public org.springframework.web.servlet.ModelAndView org.springframework.boot.autoconfigure.web.servlet.error.BasicErrorController.errorHtml(javax.servlet.http.HttpServletRequest,javax.servlet.http.HttpServletResponse)
[08:17:26:739] [INFO] - org.springframework.web.servlet.handler.AbstractUrlHandlerMapping.registerHandler(AbstractUrlHandlerMapping.java:360) - Root mapping to handler of type [class org.springframework.web.servlet.mvc.ParameterizableViewController]
[08:17:26:739] [INFO] - org.springframework.web.servlet.handler.AbstractUrlHandlerMapping.registerHandler(AbstractUrlHandlerMapping.java:373) - Mapped URL path [/index.html] onto handler of type [class org.springframework.web.servlet.mvc.ParameterizableViewController]
[08:17:26:739] [INFO] - org.springframework.web.servlet.handler.AbstractUrlHandlerMapping.registerHandler(AbstractUrlHandlerMapping.java:373) - Mapped URL path [/login] onto handler of type [class org.springframework.web.servlet.mvc.ParameterizableViewController]
[08:17:26:749] [INFO] - org.springframework.web.servlet.handler.AbstractUrlHandlerMapping.registerHandler(AbstractUrlHandlerMapping.java:373) - Mapped URL path [/webjars/**] onto handler of type [class org.springframework.web.servlet.resource.ResourceHttpRequestHandler]
[08:17:26:749] [INFO] - org.springframework.web.servlet.handler.AbstractUrlHandlerMapping.registerHandler(AbstractUrlHandlerMapping.java:373) - Mapped URL path [/**] onto handler of type [class org.springframework.web.servlet.resource.ResourceHttpRequestHandler]
[08:17:26:829] [INFO] - org.springframework.boot.autoconfigure.web.servlet.WelcomePageHandlerMapping.<init>(WelcomePageHandlerMapping.java:56) - Adding welcome page: class path resource [static/index.html]
[08:17:27:009] [INFO] - org.springframework.boot.devtools.autoconfigure.OptionalLiveReloadServer.startServer(OptionalLiveReloadServer.java:57) - LiveReload server is running on port 35729
[08:17:27:029] [INFO] - org.springframework.jmx.export.MBeanExporter.afterSingletonsInstantiated(MBeanExporter.java:433) - Registering beans for JMX exposure on startup
[08:17:27:029] [INFO] - org.springframework.jmx.export.MBeanExporter.autodetect(MBeanExporter.java:895) - Bean with name 'springDruidDataSource' has been autodetected for JMX exposure
[08:17:27:029] [INFO] - org.springframework.jmx.export.MBeanExporter.autodetect(MBeanExporter.java:895) - Bean with name 'statFilter' has been autodetected for JMX exposure
[08:17:27:039] [INFO] - org.springframework.jmx.export.MBeanExporter.registerBeanInstance(MBeanExporter.java:668) - Located MBean 'springDruidDataSource': registering with JMX server as MBean [com.alibaba.druid.pool:name=springDruidDataSource,type=DruidDataSource]
[08:17:27:039] [INFO] - org.springframework.jmx.export.MBeanExporter.registerBeanInstance(MBeanExporter.java:668) - Located MBean 'statFilter': registering with JMX server as MBean [com.alibaba.druid.filter.stat:name=statFilter,type=StatFilter]
[08:17:27:049] [INFO] - org.apache.juli.logging.DirectJDKLog.log(DirectJDKLog.java:180) - Starting ProtocolHandler ["http-nio-8088"]
[08:17:27:059] [INFO] - org.apache.juli.logging.DirectJDKLog.log(DirectJDKLog.java:180) - Using a shared selector for servlet write/read
[08:17:27:069] [INFO] - org.springframework.boot.web.embedded.tomcat.TomcatWebServer.start(TomcatWebServer.java:206) - Tomcat started on port(s): 8088 (http) with context path ''
[08:17:27:069] [INFO] - org.springframework.boot.StartupInfoLogger.logStarted(StartupInfoLogger.java:59) - Started BlogApplication in 3.698 seconds (JVM running for 5.113)
[08:25:16:475] [INFO] - org.springframework.context.support.AbstractApplicationContext.doClose(AbstractApplicationContext.java:993) - Closing org.springframework.boot.web.servlet.context.AnnotationConfigServletWebServerApplicationContext@66c3d238: startup date [Fri Oct 16 08:17:23 CST 2020]; root of context hierarchy
[08:25:16:479] [INFO] - org.springframework.jmx.export.MBeanExporter.destroy(MBeanExporter.java:451) - Unregistering JMX-exposed beans on shutdown
[08:25:16:481] [INFO] - org.springframework.jmx.support.MBeanRegistrationSupport.unregisterBeans(MBeanRegistrationSupport.java:183) - Unregistering JMX-exposed beans
[08:25:16:486] [INFO] - org.springframework.orm.jpa.AbstractEntityManagerFactoryBean.destroy(AbstractEntityManagerFactoryBean.java:597) - Closing JPA EntityManagerFactory for persistence unit 'default'
[08:25:16:509] [INFO] - com.alibaba.druid.pool.DruidDataSource.close(DruidDataSource.java:1825) - {dataSource-1} closed
[08:25:18:510] [INFO] - org.springframework.boot.StartupInfoLogger.logStarting(StartupInfoLogger.java:50) - Starting BlogApplication on DESKTOP-52NRVFL with PID 16768 (D:\IdeaProjects\blog\target\classes started by jzx in D:\IdeaProjects\blog)
[08:25:18:510] [INFO] - org.springframework.boot.SpringApplication.logStartupProfileInfo(SpringApplication.java:659) - No active profile set, falling back to default profiles: default
[08:25:18:518] [INFO] - org.springframework.context.support.AbstractApplicationContext.prepareRefresh(AbstractApplicationContext.java:590) - Refreshing org.springframework.boot.web.servlet.context.AnnotationConfigServletWebServerApplicationContext@49655cea: startup date [Fri Oct 16 08:25:18 CST 2020]; root of context hierarchy
[08:25:19:401] [INFO] - org.springframework.context.support.PostProcessorRegistrationDelegate$BeanPostProcessorChecker.postProcessAfterInitialization(PostProcessorRegistrationDelegate.java:328) - Bean 'org.springframework.transaction.annotation.ProxyTransactionManagementConfiguration' of type [org.springframework.transaction.annotation.ProxyTransactionManagementConfiguration$$EnhancerBySpringCGLIB$$c3ec5408] is not eligible for getting processed by all BeanPostProcessors (for example: not eligible for auto-proxying)
[08:25:19:546] [INFO] - org.springframework.boot.web.embedded.tomcat.TomcatWebServer.initialize(TomcatWebServer.java:91) - Tomcat initialized with port(s): 8088 (http)
[08:25:19:547] [INFO] - org.apache.juli.logging.DirectJDKLog.log(DirectJDKLog.java:180) - Initializing ProtocolHandler ["http-nio-8088"]
[08:25:19:550] [INFO] - org.apache.juli.logging.DirectJDKLog.log(DirectJDKLog.java:180) - Starting service [Tomcat]
[08:25:19:551] [INFO] - org.apache.juli.logging.DirectJDKLog.log(DirectJDKLog.java:180) - Starting Servlet Engine: Apache Tomcat/8.5.29
[08:25:19:589] [INFO] - org.apache.juli.logging.DirectJDKLog.log(DirectJDKLog.java:180) - Initializing Spring embedded WebApplicationContext
[08:25:19:589] [INFO] - org.springframework.boot.web.servlet.context.ServletWebServerApplicationContext.prepareWebApplicationContext(ServletWebServerApplicationContext.java:285) - Root WebApplicationContext: initialization completed in 1071 ms
[08:25:19:612] [INFO] - com.jzx.blog.config.DruidConfiguration.druidServlet(DruidConfiguration.java:20) - init Druid Servlet Configuration 
[08:25:19:702] [INFO] - org.springframework.boot.web.servlet.ServletRegistrationBean.addRegistration(ServletRegistrationBean.java:185) - Servlet statViewServlet mapped to [/druid/*]
[08:25:19:703] [INFO] - org.springframework.boot.web.servlet.ServletRegistrationBean.addRegistration(ServletRegistrationBean.java:185) - Servlet dispatcherServlet mapped to [/]
[08:25:19:705] [INFO] - org.springframework.boot.web.servlet.ServletRegistrationBean.addRegistration(ServletRegistrationBean.java:185) - Servlet statViewServlet mapped to [/druid/*]
[08:25:19:705] [INFO] - org.springframework.boot.web.servlet.DynamicRegistrationBean.register(DynamicRegistrationBean.java:111) - Servlet statViewServlet was not registered (possibly already registered?)
[08:25:19:706] [INFO] - org.springframework.boot.web.servlet.AbstractFilterRegistrationBean.configure(AbstractFilterRegistrationBean.java:244) - Mapping filter: 'characterEncodingFilter' to: [/*]
[08:25:19:706] [INFO] - org.springframework.boot.web.servlet.AbstractFilterRegistrationBean.configure(AbstractFilterRegistrationBean.java:244) - Mapping filter: 'hiddenHttpMethodFilter' to: [/*]
[08:25:19:707] [INFO] - org.springframework.boot.web.servlet.AbstractFilterRegistrationBean.configure(AbstractFilterRegistrationBean.java:244) - Mapping filter: 'httpPutFormContentFilter' to: [/*]
[08:25:19:707] [INFO] - org.springframework.boot.web.servlet.AbstractFilterRegistrationBean.configure(AbstractFilterRegistrationBean.java:244) - Mapping filter: 'requestContextFilter' to: [/*]
[08:25:19:707] [INFO] - org.springframework.boot.web.servlet.AbstractFilterRegistrationBean.configure(AbstractFilterRegistrationBean.java:257) - Mapping filter: 'webStatFilter' to urls: [/*]
[08:25:19:707] [INFO] - org.springframework.boot.web.servlet.DynamicRegistrationBean.register(DynamicRegistrationBean.java:111) - Filter webStatFilter was not registered (possibly already registered?)
[08:25:19:843] [INFO] - org.springframework.orm.jpa.LocalContainerEntityManagerFactoryBean.createNativeEntityManagerFactory(LocalContainerEntityManagerFactoryBean.java:361) - Building JPA container EntityManagerFactory for persistence unit 'default'
[08:25:19:844] [INFO] - org.hibernate.jpa.internal.util.LogHelper.logPersistenceUnitInformation(LogHelper.java:31) - HHH000204: Processing PersistenceUnitInfo [
	name: default
	...]
[08:25:19:922] [INFO] - com.alibaba.druid.pool.DruidDataSource.init(DruidDataSource.java:930) - {dataSource-2} inited
[08:25:19:923] [INFO] - org.hibernate.dialect.Dialect.<init>(Dialect.java:157) - HHH000400: Using dialect: org.hibernate.dialect.MySQL5Dialect
[08:25:19:977] [INFO] - org.springframework.orm.jpa.AbstractEntityManagerFactoryBean.buildNativeEntityManagerFactory(AbstractEntityManagerFactoryBean.java:415) - Initialized JPA EntityManagerFactory for persistence unit 'default'
[08:25:20:020] [INFO] - org.hibernate.hql.internal.QueryTranslatorFactoryInitiator.initiateService(QueryTranslatorFactoryInitiator.java:47) - HHH000397: Using ASTQueryTranslatorFactory
[08:25:20:066] [INFO] - org.springframework.web.servlet.handler.AbstractUrlHandlerMapping.registerHandler(AbstractUrlHandlerMapping.java:373) - Mapped URL path [/**/favicon.ico] onto handler of type [class org.springframework.web.servlet.resource.ResourceHttpRequestHandler]
[08:25:20:126] [INFO] - org.springframework.web.servlet.mvc.method.annotation.RequestMappingHandlerAdapter.initControllerAdviceCache(RequestMappingHandlerAdapter.java:574) - Looking for @ControllerAdvice: org.springframework.boot.web.servlet.context.AnnotationConfigServletWebServerApplicationContext@49655cea: startup date [Fri Oct 16 08:25:18 CST 2020]; root of context hierarchy
[08:25:20:132] [WARN] - org.springframework.boot.autoconfigure.orm.jpa.JpaBaseConfiguration$JpaWebConfiguration$JpaWebMvcConfiguration.openEntityManagerInViewInterceptor(JpaBaseConfiguration.java:235) - spring.jpa.open-in-view is enabled by default. Therefore, database queries may be performed during view rendering. Explicitly configure spring.jpa.open-in-view to disable this warning
[08:25:20:140] [INFO] - org.springframework.web.servlet.handler.AbstractHandlerMethodMapping$MappingRegistry.register(AbstractHandlerMethodMapping.java:547) - Mapped "{[/findAllPageArtList],methods=[GET]}" onto public com.jzx.blog.common.lang.Result com.jzx.blog.controller.ArticleController.findAllPageArtList()
[08:25:20:140] [INFO] - org.springframework.web.servlet.handler.AbstractHandlerMethodMapping$MappingRegistry.register(AbstractHandlerMethodMapping.java:547) - Mapped "{[/findAllPageArtList/{currentPage}/{pageSize}],methods=[GET]}" onto public com.jzx.blog.common.lang.Result com.jzx.blog.controller.ArticleController.findAllPageArtList(java.lang.Integer,java.lang.Integer)
[08:25:20:141] [INFO] - org.springframework.web.servlet.handler.AbstractHandlerMethodMapping$MappingRegistry.register(AbstractHandlerMethodMapping.java:547) - Mapped "{[/findAllArt],methods=[GET]}" onto public java.util.List<com.jzx.blog.domain.Article> com.jzx.blog.controller.ArticleController.findAllArt()
[08:25:20:141] [INFO] - org.springframework.web.servlet.handler.AbstractHandlerMethodMapping$MappingRegistry.register(AbstractHandlerMethodMapping.java:547) - Mapped "{[/test],methods=[GET]}" onto public com.jzx.blog.domain.Article com.jzx.blog.controller.ArticleController.tset()
[08:25:20:141] [INFO] - org.springframework.web.servlet.handler.AbstractHandlerMethodMapping$MappingRegistry.register(AbstractHandlerMethodMapping.java:547) - Mapped "{[/addSignArtInfo],methods=[POST]}" onto public void com.jzx.blog.controller.ArticleController.addSignArtInfo(com.jzx.blog.domain.Article)
[08:25:20:142] [INFO] - org.springframework.web.servlet.handler.AbstractHandlerMethodMapping$MappingRegistry.register(AbstractHandlerMethodMapping.java:547) - Mapped "{[/findOneArt/{AId}],methods=[GET]}" onto public com.jzx.blog.domain.Article com.jzx.blog.controller.ArticleController.findOneArt(java.lang.Long)
[08:25:20:142] [INFO] - org.springframework.web.servlet.handler.AbstractHandlerMethodMapping$MappingRegistry.register(AbstractHandlerMethodMapping.java:547) - Mapped "{[/findAllArtList],methods=[GET]}" onto public com.jzx.blog.common.lang.Result com.jzx.blog.controller.ArticleController.findAllArtList()
[08:25:20:142] [INFO] - org.springframework.web.servlet.handler.AbstractHandlerMethodMapping$MappingRegistry.register(AbstractHandlerMethodMapping.java:547) - Mapped "{[/findAllPage/{currentPage}/{pageSize}],methods=[GET]}" onto public org.springframework.data.domain.Page<com.jzx.blog.domain.Article> com.jzx.blog.controller.ArticleController.findAllPage(java.lang.Integer,java.lang.Integer)
[08:25:20:144] [INFO] - org.springframework.web.servlet.handler.AbstractHandlerMethodMapping$MappingRegistry.register(AbstractHandlerMethodMapping.java:547) - Mapped "{[/findAllPageCateList/{currentPage}/{pageSize}],methods=[GET]}" onto public com.jzx.blog.common.lang.Result com.jzx.blog.controller.CategoryController.findAllPageCateList(java.lang.Integer,java.lang.Integer)
[08:25:20:145] [INFO] - org.springframework.web.servlet.handler.AbstractHandlerMethodMapping$MappingRegistry.register(AbstractHandlerMethodMapping.java:547) - Mapped "{[/saveCate],methods=[POST]}" onto public com.jzx.blog.common.lang.Result com.jzx.blog.controller.CategoryController.saveCate(com.jzx.blog.domain.Category)
[08:25:20:145] [INFO] - org.springframework.web.servlet.handler.AbstractHandlerMethodMapping$MappingRegistry.register(AbstractHandlerMethodMapping.java:547) - Mapped "{[/updCateInfo],methods=[POST]}" onto public com.jzx.blog.common.lang.Result com.jzx.blog.controller.CategoryController.updCateInfo(com.jzx.blog.domain.Category)
[08:25:20:146] [INFO] - org.springframework.web.servlet.handler.AbstractHandlerMethodMapping$MappingRegistry.register(AbstractHandlerMethodMapping.java:547) - Mapped "{[/getCateinfoByCid/{cid}],methods=[GET]}" onto public com.jzx.blog.common.lang.Result com.jzx.blog.controller.CategoryController.getCateinfoByCid(java.lang.Long)
[08:25:20:146] [INFO] - org.springframework.web.servlet.handler.AbstractHandlerMethodMapping$MappingRegistry.register(AbstractHandlerMethodMapping.java:547) - Mapped "{[/delCate/{cid}],methods=[DELETE]}" onto public com.jzx.blog.common.lang.Result com.jzx.blog.controller.CategoryController.delCate(java.lang.Long)
[08:25:20:150] [INFO] - org.springframework.web.servlet.handler.AbstractHandlerMethodMapping$MappingRegistry.register(AbstractHandlerMethodMapping.java:547) - Mapped "{[/error]}" onto public org.springframework.http.ResponseEntity<java.util.Map<java.lang.String, java.lang.Object>> org.springframework.boot.autoconfigure.web.servlet.error.BasicErrorController.error(javax.servlet.http.HttpServletRequest)
[08:25:20:151] [INFO] - org.springframework.web.servlet.handler.AbstractHandlerMethodMapping$MappingRegistry.register(AbstractHandlerMethodMapping.java:547) - Mapped "{[/error],produces=[text/html]}" onto public org.springframework.web.servlet.ModelAndView org.springframework.boot.autoconfigure.web.servlet.error.BasicErrorController.errorHtml(javax.servlet.http.HttpServletRequest,javax.servlet.http.HttpServletResponse)
[08:25:20:159] [INFO] - org.springframework.web.servlet.handler.AbstractUrlHandlerMapping.registerHandler(AbstractUrlHandlerMapping.java:360) - Root mapping to handler of type [class org.springframework.web.servlet.mvc.ParameterizableViewController]
[08:25:20:160] [INFO] - org.springframework.web.servlet.handler.AbstractUrlHandlerMapping.registerHandler(AbstractUrlHandlerMapping.java:373) - Mapped URL path [/index.html] onto handler of type [class org.springframework.web.servlet.mvc.ParameterizableViewController]
[08:25:20:160] [INFO] - org.springframework.web.servlet.handler.AbstractUrlHandlerMapping.registerHandler(AbstractUrlHandlerMapping.java:373) - Mapped URL path [/login] onto handler of type [class org.springframework.web.servlet.mvc.ParameterizableViewController]
[08:25:20:165] [INFO] - org.springframework.web.servlet.handler.AbstractUrlHandlerMapping.registerHandler(AbstractUrlHandlerMapping.java:373) - Mapped URL path [/webjars/**] onto handler of type [class org.springframework.web.servlet.resource.ResourceHttpRequestHandler]
[08:25:20:165] [INFO] - org.springframework.web.servlet.handler.AbstractUrlHandlerMapping.registerHandler(AbstractUrlHandlerMapping.java:373) - Mapped URL path [/**] onto handler of type [class org.springframework.web.servlet.resource.ResourceHttpRequestHandler]
[08:25:20:190] [INFO] - org.springframework.boot.autoconfigure.web.servlet.WelcomePageHandlerMapping.<init>(WelcomePageHandlerMapping.java:56) - Adding welcome page: class path resource [static/index.html]
[08:25:20:259] [INFO] - org.springframework.boot.devtools.autoconfigure.OptionalLiveReloadServer.startServer(OptionalLiveReloadServer.java:57) - LiveReload server is running on port 35729
[08:25:20:301] [INFO] - org.springframework.jmx.export.MBeanExporter.afterSingletonsInstantiated(MBeanExporter.java:433) - Registering beans for JMX exposure on startup
[08:25:20:302] [INFO] - org.springframework.jmx.export.MBeanExporter.autodetect(MBeanExporter.java:895) - Bean with name 'springDruidDataSource' has been autodetected for JMX exposure
[08:25:20:303] [INFO] - org.springframework.jmx.export.MBeanExporter.autodetect(MBeanExporter.java:895) - Bean with name 'statFilter' has been autodetected for JMX exposure
[08:25:20:308] [INFO] - org.springframework.jmx.export.MBeanExporter.registerBeanInstance(MBeanExporter.java:668) - Located MBean 'springDruidDataSource': registering with JMX server as MBean [com.alibaba.druid.pool:name=springDruidDataSource,type=DruidDataSource]
[08:25:20:310] [INFO] - org.springframework.jmx.export.MBeanExporter.registerBeanInstance(MBeanExporter.java:668) - Located MBean 'statFilter': registering with JMX server as MBean [com.alibaba.druid.filter.stat:name=statFilter,type=StatFilter]
[08:25:20:320] [INFO] - org.apache.juli.logging.DirectJDKLog.log(DirectJDKLog.java:180) - Starting ProtocolHandler ["http-nio-8088"]
[08:25:20:325] [INFO] - org.apache.juli.logging.DirectJDKLog.log(DirectJDKLog.java:180) - Using a shared selector for servlet write/read
[08:25:20:331] [INFO] - org.springframework.boot.web.embedded.tomcat.TomcatWebServer.start(TomcatWebServer.java:206) - Tomcat started on port(s): 8088 (http) with context path ''
[08:25:20:333] [INFO] - org.springframework.boot.StartupInfoLogger.logStarted(StartupInfoLogger.java:59) - Started BlogApplication in 1.979 seconds (JVM running for 478.369)
[08:25:20:336] [INFO] - org.springframework.boot.devtools.autoconfigure.ConditionEvaluationDeltaLoggingListener.onApplicationEvent(ConditionEvaluationDeltaLoggingListener.java:56) - Condition evaluation unchanged
[16:32:03:967] [INFO] - org.springframework.boot.StartupInfoLogger.logStarting(StartupInfoLogger.java:50) - Starting BlogApplication on DESKTOP-52NRVFL with PID 9668 (D:\IdeaProjects\blog\target\classes started by jzx in D:\IdeaProjects\blog)
[16:32:03:976] [INFO] - org.springframework.boot.SpringApplication.logStartupProfileInfo(SpringApplication.java:659) - No active profile set, falling back to default profiles: default
[16:32:04:073] [INFO] - org.springframework.context.support.AbstractApplicationContext.prepareRefresh(AbstractApplicationContext.java:590) - Refreshing org.springframework.boot.web.servlet.context.AnnotationConfigServletWebServerApplicationContext@fe8c45d: startup date [Fri Oct 16 16:32:04 CST 2020]; root of context hierarchy
[16:32:05:852] [INFO] - org.springframework.context.support.PostProcessorRegistrationDelegate$BeanPostProcessorChecker.postProcessAfterInitialization(PostProcessorRegistrationDelegate.java:328) - Bean 'org.springframework.transaction.annotation.ProxyTransactionManagementConfiguration' of type [org.springframework.transaction.annotation.ProxyTransactionManagementConfiguration$$EnhancerBySpringCGLIB$$53e35bec] is not eligible for getting processed by all BeanPostProcessors (for example: not eligible for auto-proxying)
[16:32:06:310] [INFO] - org.springframework.boot.web.embedded.tomcat.TomcatWebServer.initialize(TomcatWebServer.java:91) - Tomcat initialized with port(s): 8088 (http)
[16:32:06:321] [INFO] - org.apache.juli.logging.DirectJDKLog.log(DirectJDKLog.java:180) - Initializing ProtocolHandler ["http-nio-8088"]
[16:32:06:330] [INFO] - org.apache.juli.logging.DirectJDKLog.log(DirectJDKLog.java:180) - Starting service [Tomcat]
[16:32:06:331] [INFO] - org.apache.juli.logging.DirectJDKLog.log(DirectJDKLog.java:180) - Starting Servlet Engine: Apache Tomcat/8.5.29
[16:32:06:334] [INFO] - org.apache.juli.logging.DirectJDKLog.log(DirectJDKLog.java:180) - The APR based Apache Tomcat Native library which allows optimal performance in production environments was not found on the java.library.path: [C:\Program Files\Java\jdk1.8.0_211\bin;C:\Windows\Sun\Java\bin;C:\Windows\system32;C:\Windows;C:\Program Files (x86)\Common Files\Oracle\Java\javapath;C:\Windows\system32;C:\Windows;C:\Windows\System32\Wbem;C:\Windows\System32\WindowsPowerShell\v1.0\;C:\Windows\System32\OpenSSH\;C:\Program Files\Java\jdk1.8.0_211\bin;C:\Program Files\Java\jdk1.8.0_211\jre\bin;C:\strawberry\c\bin;C:\strawberry\perl\bin;D:\Rational Rose\Common;D:\java\apache-maven-3.5.4\bin;C:\Program Files\Git\cmd;C:\Program Files\TortoiseGit\bin;C:\Program Files\nodejs\;C:\Program Files\nodejs\node_global\node_modules;C:\Users\jzx\AppData\Local\Microsoft\WindowsApps;D:\Program Files (x86)\SSH Communications Security\SSH Secure Shell;D:\Microsoft VS Code\bin;C:\Program Files\nodejs\node_global;C:\Users\jzx\AppData\Roaming\npm;.]
[16:32:06:502] [INFO] - org.apache.juli.logging.DirectJDKLog.log(DirectJDKLog.java:180) - Initializing Spring embedded WebApplicationContext
[16:32:06:502] [INFO] - org.springframework.boot.web.servlet.context.ServletWebServerApplicationContext.prepareWebApplicationContext(ServletWebServerApplicationContext.java:285) - Root WebApplicationContext: initialization completed in 2433 ms
[16:32:06:514] [INFO] - com.jzx.blog.config.DruidConfiguration.druidServlet(DruidConfiguration.java:20) - init Druid Servlet Configuration 
[16:32:06:637] [INFO] - org.springframework.boot.web.servlet.ServletRegistrationBean.addRegistration(ServletRegistrationBean.java:185) - Servlet statViewServlet mapped to [/druid/*]
[16:32:06:638] [INFO] - org.springframework.boot.web.servlet.ServletRegistrationBean.addRegistration(ServletRegistrationBean.java:185) - Servlet dispatcherServlet mapped to [/]
[16:32:06:638] [INFO] - org.springframework.boot.web.servlet.ServletRegistrationBean.addRegistration(ServletRegistrationBean.java:185) - Servlet statViewServlet mapped to [/druid/*]
[16:32:06:639] [INFO] - org.springframework.boot.web.servlet.DynamicRegistrationBean.register(DynamicRegistrationBean.java:111) - Servlet statViewServlet was not registered (possibly already registered?)
[16:32:06:641] [INFO] - org.springframework.boot.web.servlet.AbstractFilterRegistrationBean.configure(AbstractFilterRegistrationBean.java:244) - Mapping filter: 'characterEncodingFilter' to: [/*]
[16:32:06:641] [INFO] - org.springframework.boot.web.servlet.AbstractFilterRegistrationBean.configure(AbstractFilterRegistrationBean.java:244) - Mapping filter: 'hiddenHttpMethodFilter' to: [/*]
[16:32:06:642] [INFO] - org.springframework.boot.web.servlet.AbstractFilterRegistrationBean.configure(AbstractFilterRegistrationBean.java:244) - Mapping filter: 'httpPutFormContentFilter' to: [/*]
[16:32:06:642] [INFO] - org.springframework.boot.web.servlet.AbstractFilterRegistrationBean.configure(AbstractFilterRegistrationBean.java:244) - Mapping filter: 'requestContextFilter' to: [/*]
[16:32:06:642] [INFO] - org.springframework.boot.web.servlet.AbstractFilterRegistrationBean.configure(AbstractFilterRegistrationBean.java:257) - Mapping filter: 'webStatFilter' to urls: [/*]
[16:32:06:642] [INFO] - org.springframework.boot.web.servlet.DynamicRegistrationBean.register(DynamicRegistrationBean.java:111) - Filter webStatFilter was not registered (possibly already registered?)
[16:32:06:846] [INFO] - org.springframework.orm.jpa.LocalContainerEntityManagerFactoryBean.createNativeEntityManagerFactory(LocalContainerEntityManagerFactoryBean.java:361) - Building JPA container EntityManagerFactory for persistence unit 'default'
[16:32:06:868] [INFO] - org.hibernate.jpa.internal.util.LogHelper.logPersistenceUnitInformation(LogHelper.java:31) - HHH000204: Processing PersistenceUnitInfo [
	name: default
	...]
[16:32:06:985] [INFO] - org.hibernate.Version.logVersion(Version.java:45) - HHH000412: Hibernate Core {5.2.16.Final}
[16:32:06:988] [INFO] - org.hibernate.cfg.Environment.<clinit>(Environment.java:213) - HHH000206: hibernate.properties not found
[16:32:07:040] [INFO] - org.hibernate.annotations.common.reflection.java.JavaReflectionManager.<clinit>(JavaReflectionManager.java:66) - HCANN000001: Hibernate Commons Annotations {5.0.1.Final}
[16:32:07:712] [INFO] - com.alibaba.druid.pool.DruidDataSource.init(DruidDataSource.java:930) - {dataSource-1} inited
[16:32:07:729] [INFO] - org.hibernate.dialect.Dialect.<init>(Dialect.java:157) - HHH000400: Using dialect: org.hibernate.dialect.MySQL5Dialect
[16:32:08:313] [INFO] - org.springframework.orm.jpa.AbstractEntityManagerFactoryBean.buildNativeEntityManagerFactory(AbstractEntityManagerFactoryBean.java:415) - Initialized JPA EntityManagerFactory for persistence unit 'default'
[16:32:08:609] [INFO] - org.hibernate.hql.internal.QueryTranslatorFactoryInitiator.initiateService(QueryTranslatorFactoryInitiator.java:47) - HHH000397: Using ASTQueryTranslatorFactory
[16:32:08:818] [INFO] - org.springframework.web.servlet.handler.AbstractUrlHandlerMapping.registerHandler(AbstractUrlHandlerMapping.java:373) - Mapped URL path [/**/favicon.ico] onto handler of type [class org.springframework.web.servlet.resource.ResourceHttpRequestHandler]
[16:32:09:116] [INFO] - org.springframework.web.servlet.mvc.method.annotation.RequestMappingHandlerAdapter.initControllerAdviceCache(RequestMappingHandlerAdapter.java:574) - Looking for @ControllerAdvice: org.springframework.boot.web.servlet.context.AnnotationConfigServletWebServerApplicationContext@fe8c45d: startup date [Fri Oct 16 16:32:04 CST 2020]; root of context hierarchy
[16:32:09:155] [WARN] - org.springframework.boot.autoconfigure.orm.jpa.JpaBaseConfiguration$JpaWebConfiguration$JpaWebMvcConfiguration.openEntityManagerInViewInterceptor(JpaBaseConfiguration.java:235) - spring.jpa.open-in-view is enabled by default. Therefore, database queries may be performed during view rendering. Explicitly configure spring.jpa.open-in-view to disable this warning
[16:32:09:212] [INFO] - org.springframework.web.servlet.handler.AbstractHandlerMethodMapping$MappingRegistry.register(AbstractHandlerMethodMapping.java:547) - Mapped "{[/findOneArt/{AId}],methods=[GET]}" onto public com.jzx.blog.domain.Article com.jzx.blog.controller.ArticleController.findOneArt(java.lang.Long)
[16:32:09:214] [INFO] - org.springframework.web.servlet.handler.AbstractHandlerMethodMapping$MappingRegistry.register(AbstractHandlerMethodMapping.java:547) - Mapped "{[/test],methods=[GET]}" onto public com.jzx.blog.domain.Article com.jzx.blog.controller.ArticleController.tset()
[16:32:09:215] [INFO] - org.springframework.web.servlet.handler.AbstractHandlerMethodMapping$MappingRegistry.register(AbstractHandlerMethodMapping.java:547) - Mapped "{[/addSignArtInfo],methods=[POST]}" onto public void com.jzx.blog.controller.ArticleController.addSignArtInfo(com.jzx.blog.domain.Article)
[16:32:09:215] [INFO] - org.springframework.web.servlet.handler.AbstractHandlerMethodMapping$MappingRegistry.register(AbstractHandlerMethodMapping.java:547) - Mapped "{[/findAllArtList],methods=[GET]}" onto public com.jzx.blog.common.lang.Result com.jzx.blog.controller.ArticleController.findAllArtList()
[16:32:09:216] [INFO] - org.springframework.web.servlet.handler.AbstractHandlerMethodMapping$MappingRegistry.register(AbstractHandlerMethodMapping.java:547) - Mapped "{[/findAllPage/{currentPage}/{pageSize}],methods=[GET]}" onto public org.springframework.data.domain.Page<com.jzx.blog.domain.Article> com.jzx.blog.controller.ArticleController.findAllPage(java.lang.Integer,java.lang.Integer)
[16:32:09:217] [INFO] - org.springframework.web.servlet.handler.AbstractHandlerMethodMapping$MappingRegistry.register(AbstractHandlerMethodMapping.java:547) - Mapped "{[/findAllArt],methods=[GET]}" onto public java.util.List<com.jzx.blog.domain.Article> com.jzx.blog.controller.ArticleController.findAllArt()
[16:32:09:218] [INFO] - org.springframework.web.servlet.handler.AbstractHandlerMethodMapping$MappingRegistry.register(AbstractHandlerMethodMapping.java:547) - Mapped "{[/findAllPageArtList/{currentPage}/{pageSize}],methods=[GET]}" onto public com.jzx.blog.common.lang.Result com.jzx.blog.controller.ArticleController.findAllPageArtList(java.lang.Integer,java.lang.Integer)
[16:32:09:218] [INFO] - org.springframework.web.servlet.handler.AbstractHandlerMethodMapping$MappingRegistry.register(AbstractHandlerMethodMapping.java:547) - Mapped "{[/findAllPageArtList],methods=[GET]}" onto public com.jzx.blog.common.lang.Result com.jzx.blog.controller.ArticleController.findAllPageArtList()
[16:32:09:222] [INFO] - org.springframework.web.servlet.handler.AbstractHandlerMethodMapping$MappingRegistry.register(AbstractHandlerMethodMapping.java:547) - Mapped "{[/updCateInfo],methods=[POST]}" onto public com.jzx.blog.common.lang.Result com.jzx.blog.controller.CategoryController.updCateInfo(com.jzx.blog.domain.Category)
[16:32:09:223] [INFO] - org.springframework.web.servlet.handler.AbstractHandlerMethodMapping$MappingRegistry.register(AbstractHandlerMethodMapping.java:547) - Mapped "{[/getCateinfoByCid/{cid}],methods=[GET]}" onto public com.jzx.blog.common.lang.Result com.jzx.blog.controller.CategoryController.getCateinfoByCid(java.lang.Long)
[16:32:09:223] [INFO] - org.springframework.web.servlet.handler.AbstractHandlerMethodMapping$MappingRegistry.register(AbstractHandlerMethodMapping.java:547) - Mapped "{[/delCate/{cid}],methods=[DELETE]}" onto public com.jzx.blog.common.lang.Result com.jzx.blog.controller.CategoryController.delCate(java.lang.Long)
[16:32:09:224] [INFO] - org.springframework.web.servlet.handler.AbstractHandlerMethodMapping$MappingRegistry.register(AbstractHandlerMethodMapping.java:547) - Mapped "{[/saveCate],methods=[POST]}" onto public com.jzx.blog.common.lang.Result com.jzx.blog.controller.CategoryController.saveCate(com.jzx.blog.domain.Category)
[16:32:09:224] [INFO] - org.springframework.web.servlet.handler.AbstractHandlerMethodMapping$MappingRegistry.register(AbstractHandlerMethodMapping.java:547) - Mapped "{[/findAllPageCateList/{currentPage}/{pageSize}],methods=[GET]}" onto public com.jzx.blog.common.lang.Result com.jzx.blog.controller.CategoryController.findAllPageCateList(java.lang.Integer,java.lang.Integer)
[16:32:09:227] [INFO] - org.springframework.web.servlet.handler.AbstractHandlerMethodMapping$MappingRegistry.register(AbstractHandlerMethodMapping.java:547) - Mapped "{[/error]}" onto public org.springframework.http.ResponseEntity<java.util.Map<java.lang.String, java.lang.Object>> org.springframework.boot.autoconfigure.web.servlet.error.BasicErrorController.error(javax.servlet.http.HttpServletRequest)
[16:32:09:228] [INFO] - org.springframework.web.servlet.handler.AbstractHandlerMethodMapping$MappingRegistry.register(AbstractHandlerMethodMapping.java:547) - Mapped "{[/error],produces=[text/html]}" onto public org.springframework.web.servlet.ModelAndView org.springframework.boot.autoconfigure.web.servlet.error.BasicErrorController.errorHtml(javax.servlet.http.HttpServletRequest,javax.servlet.http.HttpServletResponse)
[16:32:09:240] [INFO] - org.springframework.web.servlet.handler.AbstractUrlHandlerMapping.registerHandler(AbstractUrlHandlerMapping.java:360) - Root mapping to handler of type [class org.springframework.web.servlet.mvc.ParameterizableViewController]
[16:32:09:240] [INFO] - org.springframework.web.servlet.handler.AbstractUrlHandlerMapping.registerHandler(AbstractUrlHandlerMapping.java:373) - Mapped URL path [/index.html] onto handler of type [class org.springframework.web.servlet.mvc.ParameterizableViewController]
[16:32:09:240] [INFO] - org.springframework.web.servlet.handler.AbstractUrlHandlerMapping.registerHandler(AbstractUrlHandlerMapping.java:373) - Mapped URL path [/login] onto handler of type [class org.springframework.web.servlet.mvc.ParameterizableViewController]
[16:32:09:253] [INFO] - org.springframework.web.servlet.handler.AbstractUrlHandlerMapping.registerHandler(AbstractUrlHandlerMapping.java:373) - Mapped URL path [/webjars/**] onto handler of type [class org.springframework.web.servlet.resource.ResourceHttpRequestHandler]
[16:32:09:254] [INFO] - org.springframework.web.servlet.handler.AbstractUrlHandlerMapping.registerHandler(AbstractUrlHandlerMapping.java:373) - Mapped URL path [/**] onto handler of type [class org.springframework.web.servlet.resource.ResourceHttpRequestHandler]
[16:32:09:403] [INFO] - org.springframework.boot.autoconfigure.web.servlet.WelcomePageHandlerMapping.<init>(WelcomePageHandlerMapping.java:56) - Adding welcome page: class path resource [static/index.html]
[16:32:09:723] [INFO] - org.springframework.boot.devtools.autoconfigure.OptionalLiveReloadServer.startServer(OptionalLiveReloadServer.java:57) - LiveReload server is running on port 35729
[16:32:09:766] [INFO] - org.springframework.jmx.export.MBeanExporter.afterSingletonsInstantiated(MBeanExporter.java:433) - Registering beans for JMX exposure on startup
[16:32:09:767] [INFO] - org.springframework.jmx.export.MBeanExporter.autodetect(MBeanExporter.java:895) - Bean with name 'springDruidDataSource' has been autodetected for JMX exposure
[16:32:09:768] [INFO] - org.springframework.jmx.export.MBeanExporter.autodetect(MBeanExporter.java:895) - Bean with name 'statFilter' has been autodetected for JMX exposure
[16:32:09:775] [INFO] - org.springframework.jmx.export.MBeanExporter.registerBeanInstance(MBeanExporter.java:668) - Located MBean 'springDruidDataSource': registering with JMX server as MBean [com.alibaba.druid.pool:name=springDruidDataSource,type=DruidDataSource]
[16:32:09:776] [INFO] - org.springframework.jmx.export.MBeanExporter.registerBeanInstance(MBeanExporter.java:668) - Located MBean 'statFilter': registering with JMX server as MBean [com.alibaba.druid.filter.stat:name=statFilter,type=StatFilter]
[16:32:09:788] [INFO] - org.apache.juli.logging.DirectJDKLog.log(DirectJDKLog.java:180) - Starting ProtocolHandler ["http-nio-8088"]
[16:32:09:800] [INFO] - org.apache.juli.logging.DirectJDKLog.log(DirectJDKLog.java:180) - Using a shared selector for servlet write/read
[16:32:09:818] [INFO] - org.springframework.boot.web.embedded.tomcat.TomcatWebServer.start(TomcatWebServer.java:206) - Tomcat started on port(s): 8088 (http) with context path ''
[16:32:09:822] [INFO] - org.springframework.boot.StartupInfoLogger.logStarted(StartupInfoLogger.java:59) - Started BlogApplication in 6.296 seconds (JVM running for 8.514)
[16:33:15:091] [INFO] - org.apache.juli.logging.DirectJDKLog.log(DirectJDKLog.java:180) - Initializing Spring FrameworkServlet 'dispatcherServlet'
[16:33:15:091] [INFO] - org.springframework.web.servlet.FrameworkServlet.initServletBean(FrameworkServlet.java:494) - FrameworkServlet 'dispatcherServlet': initialization started
[16:33:15:111] [INFO] - org.springframework.web.servlet.FrameworkServlet.initServletBean(FrameworkServlet.java:509) - FrameworkServlet 'dispatcherServlet': initialization completed in 20 ms
[16:33:15:201] [DEBUG] - org.hibernate.engine.jdbc.spi.SqlStatementLogger.logStatement(SqlStatementLogger.java:92) - select article0_.aid as aid1_0_, article0_.acontent as acontent2_0_, article0_.aname as aname3_0_, article0_.artime as artime4_0_ from b_article article0_ limit ?
[16:33:15:656] [DEBUG] - org.hibernate.engine.jdbc.spi.SqlStatementLogger.logStatement(SqlStatementLogger.java:92) - select count(article0_.aid) as col_0_0_ from b_article article0_
[16:33:33:560] [DEBUG] - org.hibernate.engine.jdbc.spi.SqlStatementLogger.logStatement(SqlStatementLogger.java:92) - select article0_.aid as aid1_0_, article0_.acontent as acontent2_0_, article0_.aname as aname3_0_, article0_.artime as artime4_0_ from b_article article0_ limit ?
[16:33:33:564] [DEBUG] - org.hibernate.engine.jdbc.spi.SqlStatementLogger.logStatement(SqlStatementLogger.java:92) - select count(article0_.aid) as col_0_0_ from b_article article0_
[16:37:13:884] [DEBUG] - org.hibernate.engine.jdbc.spi.SqlStatementLogger.logStatement(SqlStatementLogger.java:92) - select article0_.aid as aid1_0_, article0_.acontent as acontent2_0_, article0_.aname as aname3_0_, article0_.artime as artime4_0_ from b_article article0_ limit ?
[16:37:13:887] [DEBUG] - org.hibernate.engine.jdbc.spi.SqlStatementLogger.logStatement(SqlStatementLogger.java:92) - select count(article0_.aid) as col_0_0_ from b_article article0_
[16:37:43:375] [DEBUG] - org.hibernate.engine.jdbc.spi.SqlStatementLogger.logStatement(SqlStatementLogger.java:92) - select article0_.aid as aid1_0_, article0_.acontent as acontent2_0_, article0_.aname as aname3_0_, article0_.artime as artime4_0_ from b_article article0_ limit ?
[16:37:43:380] [DEBUG] - org.hibernate.engine.jdbc.spi.SqlStatementLogger.logStatement(SqlStatementLogger.java:92) - select count(article0_.aid) as col_0_0_ from b_article article0_
[16:38:04:326] [DEBUG] - org.hibernate.engine.jdbc.spi.SqlStatementLogger.logStatement(SqlStatementLogger.java:92) - select article0_.aid as aid1_0_, article0_.acontent as acontent2_0_, article0_.aname as aname3_0_, article0_.artime as artime4_0_ from b_article article0_ limit ?
[16:38:04:328] [DEBUG] - org.hibernate.engine.jdbc.spi.SqlStatementLogger.logStatement(SqlStatementLogger.java:92) - select count(article0_.aid) as col_0_0_ from b_article article0_
[16:45:01:809] [DEBUG] - org.hibernate.engine.jdbc.spi.SqlStatementLogger.logStatement(SqlStatementLogger.java:92) - select article0_.aid as aid1_0_, article0_.acontent as acontent2_0_, article0_.aname as aname3_0_, article0_.artime as artime4_0_ from b_article article0_ limit ?
[16:45:01:816] [DEBUG] - org.hibernate.engine.jdbc.spi.SqlStatementLogger.logStatement(SqlStatementLogger.java:92) - select count(article0_.aid) as col_0_0_ from b_article article0_
[16:47:08:768] [DEBUG] - org.hibernate.engine.jdbc.spi.SqlStatementLogger.logStatement(SqlStatementLogger.java:92) - select article0_.aid as aid1_0_, article0_.acontent as acontent2_0_, article0_.aname as aname3_0_, article0_.artime as artime4_0_ from b_article article0_ limit ?
[16:47:08:772] [DEBUG] - org.hibernate.engine.jdbc.spi.SqlStatementLogger.logStatement(SqlStatementLogger.java:92) - select count(article0_.aid) as col_0_0_ from b_article article0_
[16:47:13:680] [DEBUG] - org.hibernate.engine.jdbc.spi.SqlStatementLogger.logStatement(SqlStatementLogger.java:92) - select article0_.aid as aid1_0_, article0_.acontent as acontent2_0_, article0_.aname as aname3_0_, article0_.artime as artime4_0_ from b_article article0_ limit ?
[16:47:13:684] [DEBUG] - org.hibernate.engine.jdbc.spi.SqlStatementLogger.logStatement(SqlStatementLogger.java:92) - select count(article0_.aid) as col_0_0_ from b_article article0_
[16:49:37:889] [DEBUG] - org.hibernate.engine.jdbc.spi.SqlStatementLogger.logStatement(SqlStatementLogger.java:92) - select article0_.aid as aid1_0_, article0_.acontent as acontent2_0_, article0_.aname as aname3_0_, article0_.artime as artime4_0_ from b_article article0_ limit ?
[16:49:37:894] [DEBUG] - org.hibernate.engine.jdbc.spi.SqlStatementLogger.logStatement(SqlStatementLogger.java:92) - select count(article0_.aid) as col_0_0_ from b_article article0_
[16:49:50:824] [DEBUG] - org.hibernate.engine.jdbc.spi.SqlStatementLogger.logStatement(SqlStatementLogger.java:92) - select article0_.aid as aid1_0_, article0_.acontent as acontent2_0_, article0_.aname as aname3_0_, article0_.artime as artime4_0_ from b_article article0_ limit ?
[16:49:50:829] [DEBUG] - org.hibernate.engine.jdbc.spi.SqlStatementLogger.logStatement(SqlStatementLogger.java:92) - select count(article0_.aid) as col_0_0_ from b_article article0_
[16:50:00:613] [DEBUG] - org.hibernate.engine.jdbc.spi.SqlStatementLogger.logStatement(SqlStatementLogger.java:92) - select article0_.aid as aid1_0_, article0_.acontent as acontent2_0_, article0_.aname as aname3_0_, article0_.artime as artime4_0_ from b_article article0_ limit ?
[16:50:00:617] [DEBUG] - org.hibernate.engine.jdbc.spi.SqlStatementLogger.logStatement(SqlStatementLogger.java:92) - select count(article0_.aid) as col_0_0_ from b_article article0_
[16:50:11:884] [DEBUG] - org.hibernate.engine.jdbc.spi.SqlStatementLogger.logStatement(SqlStatementLogger.java:92) - select article0_.aid as aid1_0_, article0_.acontent as acontent2_0_, article0_.aname as aname3_0_, article0_.artime as artime4_0_ from b_article article0_ limit ?, ?
[16:50:11:891] [DEBUG] - org.hibernate.engine.jdbc.spi.SqlStatementLogger.logStatement(SqlStatementLogger.java:92) - select count(article0_.aid) as col_0_0_ from b_article article0_
[16:50:12:733] [DEBUG] - org.hibernate.engine.jdbc.spi.SqlStatementLogger.logStatement(SqlStatementLogger.java:92) - select article0_.aid as aid1_0_, article0_.acontent as acontent2_0_, article0_.aname as aname3_0_, article0_.artime as artime4_0_ from b_article article0_ limit ?, ?
[16:50:12:739] [DEBUG] - org.hibernate.engine.jdbc.spi.SqlStatementLogger.logStatement(SqlStatementLogger.java:92) - select count(article0_.aid) as col_0_0_ from b_article article0_
[16:50:13:986] [DEBUG] - org.hibernate.engine.jdbc.spi.SqlStatementLogger.logStatement(SqlStatementLogger.java:92) - select article0_.aid as aid1_0_, article0_.acontent as acontent2_0_, article0_.aname as aname3_0_, article0_.artime as artime4_0_ from b_article article0_ limit ?, ?
[16:50:13:990] [DEBUG] - org.hibernate.engine.jdbc.spi.SqlStatementLogger.logStatement(SqlStatementLogger.java:92) - select count(article0_.aid) as col_0_0_ from b_article article0_
[17:20:05:162] [DEBUG] - org.hibernate.engine.jdbc.spi.SqlStatementLogger.logStatement(SqlStatementLogger.java:92) - select article0_.aid as aid1_0_, article0_.acontent as acontent2_0_, article0_.aname as aname3_0_, article0_.artime as artime4_0_ from b_article article0_ limit ?
[17:20:06:142] [DEBUG] - org.hibernate.engine.jdbc.spi.SqlStatementLogger.logStatement(SqlStatementLogger.java:92) - select count(article0_.aid) as col_0_0_ from b_article article0_
[17:21:41:466] [DEBUG] - org.hibernate.engine.jdbc.spi.SqlStatementLogger.logStatement(SqlStatementLogger.java:92) - select article0_.aid as aid1_0_, article0_.acontent as acontent2_0_, article0_.aname as aname3_0_, article0_.artime as artime4_0_ from b_article article0_ limit ?
[17:21:41:515] [DEBUG] - org.hibernate.engine.jdbc.spi.SqlStatementLogger.logStatement(SqlStatementLogger.java:92) - select count(article0_.aid) as col_0_0_ from b_article article0_
[17:23:13:152] [DEBUG] - org.hibernate.engine.jdbc.spi.SqlStatementLogger.logStatement(SqlStatementLogger.java:92) - select article0_.aid as aid1_0_, article0_.acontent as acontent2_0_, article0_.aname as aname3_0_, article0_.artime as artime4_0_ from b_article article0_ limit ?
[17:23:13:194] [DEBUG] - org.hibernate.engine.jdbc.spi.SqlStatementLogger.logStatement(SqlStatementLogger.java:92) - select count(article0_.aid) as col_0_0_ from b_article article0_
[17:23:55:168] [DEBUG] - org.hibernate.engine.jdbc.spi.SqlStatementLogger.logStatement(SqlStatementLogger.java:92) - select article0_.aid as aid1_0_, article0_.acontent as acontent2_0_, article0_.aname as aname3_0_, article0_.artime as artime4_0_ from b_article article0_ limit ?
[17:23:55:172] [DEBUG] - org.hibernate.engine.jdbc.spi.SqlStatementLogger.logStatement(SqlStatementLogger.java:92) - select count(article0_.aid) as col_0_0_ from b_article article0_
[17:24:00:878] [DEBUG] - org.hibernate.engine.jdbc.spi.SqlStatementLogger.logStatement(SqlStatementLogger.java:92) - select article0_.aid as aid1_0_, article0_.acontent as acontent2_0_, article0_.aname as aname3_0_, article0_.artime as artime4_0_ from b_article article0_ limit ?
[17:24:00:882] [DEBUG] - org.hibernate.engine.jdbc.spi.SqlStatementLogger.logStatement(SqlStatementLogger.java:92) - select count(article0_.aid) as col_0_0_ from b_article article0_
[17:27:43:921] [DEBUG] - org.hibernate.engine.jdbc.spi.SqlStatementLogger.logStatement(SqlStatementLogger.java:92) - select article0_.aid as aid1_0_, article0_.acontent as acontent2_0_, article0_.aname as aname3_0_, article0_.artime as artime4_0_ from b_article article0_ limit ?
[17:27:43:950] [DEBUG] - org.hibernate.engine.jdbc.spi.SqlStatementLogger.logStatement(SqlStatementLogger.java:92) - select count(article0_.aid) as col_0_0_ from b_article article0_
[17:28:20:935] [DEBUG] - org.hibernate.engine.jdbc.spi.SqlStatementLogger.logStatement(SqlStatementLogger.java:92) - select article0_.aid as aid1_0_, article0_.acontent as acontent2_0_, article0_.aname as aname3_0_, article0_.artime as artime4_0_ from b_article article0_ limit ?
[17:28:20:941] [DEBUG] - org.hibernate.engine.jdbc.spi.SqlStatementLogger.logStatement(SqlStatementLogger.java:92) - select count(article0_.aid) as col_0_0_ from b_article article0_
