[18:15:40:131] [INFO] - org.springframework.boot.StartupInfoLogger.logStarting(StartupInfoLogger.java:50) - Starting BlogApplication on DESKTOP-52NRVFL with PID 14328 (D:\IdeaProjects\blog\target\classes started by jzx in D:\IdeaProjects\blog)
[18:15:40:165] [INFO] - org.springframework.boot.SpringApplication.logStartupProfileInfo(SpringApplication.java:659) - No active profile set, falling back to default profiles: default
[18:15:40:293] [INFO] - org.springframework.context.support.AbstractApplicationContext.prepareRefresh(AbstractApplicationContext.java:590) - Refreshing org.springframework.boot.web.servlet.context.AnnotationConfigServletWebServerApplicationContext@3688091a: startup date [Tue Oct 06 18:15:40 CST 2020]; root of context hierarchy
[18:15:42:600] [INFO] - org.springframework.context.support.PostProcessorRegistrationDelegate$BeanPostProcessorChecker.postProcessAfterInitialization(PostProcessorRegistrationDelegate.java:328) - Bean 'org.springframework.transaction.annotation.ProxyTransactionManagementConfiguration' of type [org.springframework.transaction.annotation.ProxyTransactionManagementConfiguration$$EnhancerBySpringCGLIB$$2c8f7b68] is not eligible for getting processed by all BeanPostProcessors (for example: not eligible for auto-proxying)
[18:15:43:179] [INFO] - org.springframework.boot.web.embedded.tomcat.TomcatWebServer.initialize(TomcatWebServer.java:91) - Tomcat initialized with port(s): 8088 (http)
[18:15:43:194] [INFO] - org.apache.juli.logging.DirectJDKLog.log(DirectJDKLog.java:180) - Initializing ProtocolHandler ["http-nio-8088"]
[18:15:43:204] [INFO] - org.apache.juli.logging.DirectJDKLog.log(DirectJDKLog.java:180) - Starting service [Tomcat]
[18:15:43:205] [INFO] - org.apache.juli.logging.DirectJDKLog.log(DirectJDKLog.java:180) - Starting Servlet Engine: Apache Tomcat/8.5.29
[18:15:43:209] [INFO] - org.apache.juli.logging.DirectJDKLog.log(DirectJDKLog.java:180) - The APR based Apache Tomcat Native library which allows optimal performance in production environments was not found on the java.library.path: [C:\Program Files\Java\jdk1.8.0_211\bin;C:\Windows\Sun\Java\bin;C:\Windows\system32;C:\Windows;C:\Program Files (x86)\Common Files\Oracle\Java\javapath;C:\Windows\system32;C:\Windows;C:\Windows\System32\Wbem;C:\Windows\System32\WindowsPowerShell\v1.0\;C:\Windows\System32\OpenSSH\;C:\Program Files\Java\jdk1.8.0_211\bin;C:\Program Files\Java\jdk1.8.0_211\jre\bin;C:\strawberry\c\bin;C:\strawberry\perl\bin;D:\Rational Rose\Common;D:\java\apache-maven-3.5.4\bin;C:\Program Files\Git\cmd;C:\Program Files\TortoiseGit\bin;C:\Program Files\nodejs\;C:\Program Files\nodejs\node_global\node_modules;C:\Users\jzx\AppData\Local\Microsoft\WindowsApps;D:\Program Files (x86)\SSH Communications Security\SSH Secure Shell;D:\Microsoft VS Code\bin;C:\Program Files\nodejs\node_global;C:\Users\jzx\AppData\Roaming\npm;.]
[18:15:43:362] [INFO] - org.apache.juli.logging.DirectJDKLog.log(DirectJDKLog.java:180) - Initializing Spring embedded WebApplicationContext
[18:15:43:363] [INFO] - org.springframework.boot.web.servlet.context.ServletWebServerApplicationContext.prepareWebApplicationContext(ServletWebServerApplicationContext.java:285) - Root WebApplicationContext: initialization completed in 3071 ms
[18:15:43:373] [INFO] - com.jzx.blog.config.DruidConfiguration.druidServlet(DruidConfiguration.java:20) - init Druid Servlet Configuration 
[18:15:43:634] [INFO] - org.springframework.boot.web.servlet.ServletRegistrationBean.addRegistration(ServletRegistrationBean.java:185) - Servlet statViewServlet mapped to [/druid/*]
[18:15:43:636] [INFO] - org.springframework.boot.web.servlet.ServletRegistrationBean.addRegistration(ServletRegistrationBean.java:185) - Servlet dispatcherServlet mapped to [/]
[18:15:43:637] [INFO] - org.springframework.boot.web.servlet.ServletRegistrationBean.addRegistration(ServletRegistrationBean.java:185) - Servlet statViewServlet mapped to [/druid/*]
[18:15:43:637] [INFO] - org.springframework.boot.web.servlet.DynamicRegistrationBean.register(DynamicRegistrationBean.java:111) - Servlet statViewServlet was not registered (possibly already registered?)
[18:15:43:640] [INFO] - org.springframework.boot.web.servlet.AbstractFilterRegistrationBean.configure(AbstractFilterRegistrationBean.java:244) - Mapping filter: 'characterEncodingFilter' to: [/*]
[18:15:43:641] [INFO] - org.springframework.boot.web.servlet.AbstractFilterRegistrationBean.configure(AbstractFilterRegistrationBean.java:244) - Mapping filter: 'hiddenHttpMethodFilter' to: [/*]
[18:15:43:641] [INFO] - org.springframework.boot.web.servlet.AbstractFilterRegistrationBean.configure(AbstractFilterRegistrationBean.java:244) - Mapping filter: 'httpPutFormContentFilter' to: [/*]
[18:15:43:641] [INFO] - org.springframework.boot.web.servlet.AbstractFilterRegistrationBean.configure(AbstractFilterRegistrationBean.java:244) - Mapping filter: 'requestContextFilter' to: [/*]
[18:15:43:642] [INFO] - org.springframework.boot.web.servlet.AbstractFilterRegistrationBean.configure(AbstractFilterRegistrationBean.java:257) - Mapping filter: 'webStatFilter' to urls: [/*]
[18:15:43:642] [INFO] - org.springframework.boot.web.servlet.DynamicRegistrationBean.register(DynamicRegistrationBean.java:111) - Filter webStatFilter was not registered (possibly already registered?)
[18:15:43:856] [INFO] - org.springframework.orm.jpa.LocalContainerEntityManagerFactoryBean.createNativeEntityManagerFactory(LocalContainerEntityManagerFactoryBean.java:361) - Building JPA container EntityManagerFactory for persistence unit 'default'
[18:15:43:875] [INFO] - org.hibernate.jpa.internal.util.LogHelper.logPersistenceUnitInformation(LogHelper.java:31) - HHH000204: Processing PersistenceUnitInfo [
	name: default
	...]
[18:15:44:009] [INFO] - org.hibernate.Version.logVersion(Version.java:45) - HHH000412: Hibernate Core {5.2.16.Final}
[18:15:44:013] [INFO] - org.hibernate.cfg.Environment.<clinit>(Environment.java:213) - HHH000206: hibernate.properties not found
[18:15:44:079] [INFO] - org.hibernate.annotations.common.reflection.java.JavaReflectionManager.<clinit>(JavaReflectionManager.java:66) - HCANN000001: Hibernate Commons Annotations {5.0.1.Final}
[18:15:44:446] [INFO] - com.alibaba.druid.pool.DruidDataSource.init(DruidDataSource.java:930) - {dataSource-1} inited
[18:15:44:457] [INFO] - org.hibernate.dialect.Dialect.<init>(Dialect.java:157) - HHH000400: Using dialect: org.hibernate.dialect.MySQL5Dialect
[18:15:44:989] [INFO] - org.springframework.orm.jpa.AbstractEntityManagerFactoryBean.buildNativeEntityManagerFactory(AbstractEntityManagerFactoryBean.java:415) - Initialized JPA EntityManagerFactory for persistence unit 'default'
[18:15:45:233] [INFO] - org.hibernate.hql.internal.QueryTranslatorFactoryInitiator.initiateService(QueryTranslatorFactoryInitiator.java:47) - HHH000397: Using ASTQueryTranslatorFactory
[18:15:45:405] [INFO] - org.springframework.web.servlet.handler.AbstractUrlHandlerMapping.registerHandler(AbstractUrlHandlerMapping.java:373) - Mapped URL path [/**/favicon.ico] onto handler of type [class org.springframework.web.servlet.resource.ResourceHttpRequestHandler]
[18:15:45:629] [INFO] - org.springframework.web.servlet.mvc.method.annotation.RequestMappingHandlerAdapter.initControllerAdviceCache(RequestMappingHandlerAdapter.java:574) - Looking for @ControllerAdvice: org.springframework.boot.web.servlet.context.AnnotationConfigServletWebServerApplicationContext@3688091a: startup date [Tue Oct 06 18:15:40 CST 2020]; root of context hierarchy
[18:15:45:656] [WARN] - org.springframework.boot.autoconfigure.orm.jpa.JpaBaseConfiguration$JpaWebConfiguration$JpaWebMvcConfiguration.openEntityManagerInViewInterceptor(JpaBaseConfiguration.java:235) - spring.jpa.open-in-view is enabled by default. Therefore, database queries may be performed during view rendering. Explicitly configure spring.jpa.open-in-view to disable this warning
[18:15:45:694] [INFO] - org.springframework.web.servlet.handler.AbstractHandlerMethodMapping$MappingRegistry.register(AbstractHandlerMethodMapping.java:547) - Mapped "{[/findAllPageArtList],methods=[GET]}" onto public com.jzx.blog.common.lang.Result com.jzx.blog.controller.ArticleController.findAllPageArtList()
[18:15:45:696] [INFO] - org.springframework.web.servlet.handler.AbstractHandlerMethodMapping$MappingRegistry.register(AbstractHandlerMethodMapping.java:547) - Mapped "{[/findAllPageArtList/{currentPage}/{pageSize}],methods=[GET]}" onto public com.jzx.blog.common.lang.Result com.jzx.blog.controller.ArticleController.findAllPageArtList(java.lang.Integer,java.lang.Integer)
[18:15:45:696] [INFO] - org.springframework.web.servlet.handler.AbstractHandlerMethodMapping$MappingRegistry.register(AbstractHandlerMethodMapping.java:547) - Mapped "{[/findAllArt],methods=[GET]}" onto public java.util.List<com.jzx.blog.domain.Article> com.jzx.blog.controller.ArticleController.findAllArt()
[18:15:45:696] [INFO] - org.springframework.web.servlet.handler.AbstractHandlerMethodMapping$MappingRegistry.register(AbstractHandlerMethodMapping.java:547) - Mapped "{[/findAllArtList],methods=[GET]}" onto public com.jzx.blog.common.lang.Result com.jzx.blog.controller.ArticleController.findAllArtList()
[18:15:45:697] [INFO] - org.springframework.web.servlet.handler.AbstractHandlerMethodMapping$MappingRegistry.register(AbstractHandlerMethodMapping.java:547) - Mapped "{[/findAllPage/{currentPage}/{pageSize}],methods=[GET]}" onto public org.springframework.data.domain.Page<com.jzx.blog.domain.Article> com.jzx.blog.controller.ArticleController.findAllPage(java.lang.Integer,java.lang.Integer)
[18:15:45:697] [INFO] - org.springframework.web.servlet.handler.AbstractHandlerMethodMapping$MappingRegistry.register(AbstractHandlerMethodMapping.java:547) - Mapped "{[/test],methods=[GET]}" onto public com.jzx.blog.domain.Article com.jzx.blog.controller.ArticleController.tset()
[18:15:45:697] [INFO] - org.springframework.web.servlet.handler.AbstractHandlerMethodMapping$MappingRegistry.register(AbstractHandlerMethodMapping.java:547) - Mapped "{[/addSignArtInfo],methods=[POST]}" onto public void com.jzx.blog.controller.ArticleController.addSignArtInfo(com.jzx.blog.domain.Article)
[18:15:45:697] [INFO] - org.springframework.web.servlet.handler.AbstractHandlerMethodMapping$MappingRegistry.register(AbstractHandlerMethodMapping.java:547) - Mapped "{[/findOneArt/{AId}],methods=[GET]}" onto public com.jzx.blog.domain.Article com.jzx.blog.controller.ArticleController.findOneArt(java.lang.Long)
[18:15:45:699] [INFO] - org.springframework.web.servlet.handler.AbstractHandlerMethodMapping$MappingRegistry.register(AbstractHandlerMethodMapping.java:547) - Mapped "{[/findAllPageCateList/{currentPage}/{pageSize}],methods=[GET]}" onto public com.jzx.blog.common.lang.Result com.jzx.blog.controller.CategoryController.findAllPageCateList(java.lang.Integer,java.lang.Integer)
[18:15:45:699] [INFO] - org.springframework.web.servlet.handler.AbstractHandlerMethodMapping$MappingRegistry.register(AbstractHandlerMethodMapping.java:547) - Mapped "{[/delCate/{cid}],methods=[DELETE]}" onto public com.jzx.blog.common.lang.Result com.jzx.blog.controller.CategoryController.delCate(java.lang.Long)
[18:15:45:699] [INFO] - org.springframework.web.servlet.handler.AbstractHandlerMethodMapping$MappingRegistry.register(AbstractHandlerMethodMapping.java:547) - Mapped "{[/saveCate],methods=[POST]}" onto public com.jzx.blog.common.lang.Result com.jzx.blog.controller.CategoryController.saveCate(com.jzx.blog.domain.Category)
[18:15:45:701] [INFO] - org.springframework.web.servlet.handler.AbstractHandlerMethodMapping$MappingRegistry.register(AbstractHandlerMethodMapping.java:547) - Mapped "{[/error]}" onto public org.springframework.http.ResponseEntity<java.util.Map<java.lang.String, java.lang.Object>> org.springframework.boot.autoconfigure.web.servlet.error.BasicErrorController.error(javax.servlet.http.HttpServletRequest)
[18:15:45:701] [INFO] - org.springframework.web.servlet.handler.AbstractHandlerMethodMapping$MappingRegistry.register(AbstractHandlerMethodMapping.java:547) - Mapped "{[/error],produces=[text/html]}" onto public org.springframework.web.servlet.ModelAndView org.springframework.boot.autoconfigure.web.servlet.error.BasicErrorController.errorHtml(javax.servlet.http.HttpServletRequest,javax.servlet.http.HttpServletResponse)
[18:15:45:716] [INFO] - org.springframework.web.servlet.handler.AbstractUrlHandlerMapping.registerHandler(AbstractUrlHandlerMapping.java:360) - Root mapping to handler of type [class org.springframework.web.servlet.mvc.ParameterizableViewController]
[18:15:45:716] [INFO] - org.springframework.web.servlet.handler.AbstractUrlHandlerMapping.registerHandler(AbstractUrlHandlerMapping.java:373) - Mapped URL path [/index.html] onto handler of type [class org.springframework.web.servlet.mvc.ParameterizableViewController]
[18:15:45:716] [INFO] - org.springframework.web.servlet.handler.AbstractUrlHandlerMapping.registerHandler(AbstractUrlHandlerMapping.java:373) - Mapped URL path [/login] onto handler of type [class org.springframework.web.servlet.mvc.ParameterizableViewController]
[18:15:45:729] [INFO] - org.springframework.web.servlet.handler.AbstractUrlHandlerMapping.registerHandler(AbstractUrlHandlerMapping.java:373) - Mapped URL path [/webjars/**] onto handler of type [class org.springframework.web.servlet.resource.ResourceHttpRequestHandler]
[18:15:45:729] [INFO] - org.springframework.web.servlet.handler.AbstractUrlHandlerMapping.registerHandler(AbstractUrlHandlerMapping.java:373) - Mapped URL path [/**] onto handler of type [class org.springframework.web.servlet.resource.ResourceHttpRequestHandler]
[18:15:45:846] [INFO] - org.springframework.boot.autoconfigure.web.servlet.WelcomePageHandlerMapping.<init>(WelcomePageHandlerMapping.java:56) - Adding welcome page: class path resource [static/index.html]
[18:15:46:127] [INFO] - org.springframework.boot.devtools.autoconfigure.OptionalLiveReloadServer.startServer(OptionalLiveReloadServer.java:57) - LiveReload server is running on port 35729
[18:15:46:161] [INFO] - org.springframework.jmx.export.MBeanExporter.afterSingletonsInstantiated(MBeanExporter.java:433) - Registering beans for JMX exposure on startup
[18:15:46:162] [INFO] - org.springframework.jmx.export.MBeanExporter.autodetect(MBeanExporter.java:895) - Bean with name 'springDruidDataSource' has been autodetected for JMX exposure
[18:15:46:163] [INFO] - org.springframework.jmx.export.MBeanExporter.autodetect(MBeanExporter.java:895) - Bean with name 'statFilter' has been autodetected for JMX exposure
[18:15:46:167] [INFO] - org.springframework.jmx.export.MBeanExporter.registerBeanInstance(MBeanExporter.java:668) - Located MBean 'springDruidDataSource': registering with JMX server as MBean [com.alibaba.druid.pool:name=springDruidDataSource,type=DruidDataSource]
[18:15:46:168] [INFO] - org.springframework.jmx.export.MBeanExporter.registerBeanInstance(MBeanExporter.java:668) - Located MBean 'statFilter': registering with JMX server as MBean [com.alibaba.druid.filter.stat:name=statFilter,type=StatFilter]
[18:15:46:178] [INFO] - org.apache.juli.logging.DirectJDKLog.log(DirectJDKLog.java:180) - Starting ProtocolHandler ["http-nio-8088"]
[18:15:46:187] [INFO] - org.apache.juli.logging.DirectJDKLog.log(DirectJDKLog.java:180) - Using a shared selector for servlet write/read
[18:15:46:199] [INFO] - org.springframework.boot.web.embedded.tomcat.TomcatWebServer.start(TomcatWebServer.java:206) - Tomcat started on port(s): 8088 (http) with context path ''
[18:15:46:202] [INFO] - org.springframework.boot.StartupInfoLogger.logStarted(StartupInfoLogger.java:59) - Started BlogApplication in 6.501 seconds (JVM running for 8.963)
[18:52:51:124] [INFO] - org.apache.juli.logging.DirectJDKLog.log(DirectJDKLog.java:180) - Initializing Spring FrameworkServlet 'dispatcherServlet'
[18:52:51:152] [INFO] - org.springframework.web.servlet.FrameworkServlet.initServletBean(FrameworkServlet.java:494) - FrameworkServlet 'dispatcherServlet': initialization started
[18:52:51:499] [INFO] - org.springframework.web.servlet.FrameworkServlet.initServletBean(FrameworkServlet.java:509) - FrameworkServlet 'dispatcherServlet': initialization completed in 346 ms
[18:52:52:251] [DEBUG] - org.hibernate.engine.jdbc.spi.SqlStatementLogger.logStatement(SqlStatementLogger.java:92) - select article0_.aid as aid1_0_, article0_.acontent as acontent2_0_, article0_.aname as aname3_0_, article0_.artime as artime4_0_ from b_article article0_ limit ?
[18:52:53:666] [DEBUG] - org.hibernate.engine.jdbc.spi.SqlStatementLogger.logStatement(SqlStatementLogger.java:92) - select count(article0_.aid) as col_0_0_ from b_article article0_
[18:52:55:527] [DEBUG] - org.hibernate.engine.jdbc.spi.SqlStatementLogger.logStatement(SqlStatementLogger.java:92) - select category0_.cid as cid1_1_, category0_.cname as cname2_1_ from b_category category0_ limit ?
[18:52:55:541] [DEBUG] - org.hibernate.engine.jdbc.spi.SqlStatementLogger.logStatement(SqlStatementLogger.java:92) - select count(category0_.cid) as col_0_0_ from b_category category0_
[18:52:56:940] [DEBUG] - org.hibernate.engine.jdbc.spi.SqlStatementLogger.logStatement(SqlStatementLogger.java:92) - select article0_.aid as aid1_0_, article0_.acontent as acontent2_0_, article0_.aname as aname3_0_, article0_.artime as artime4_0_ from b_article article0_ limit ?
[18:52:56:946] [DEBUG] - org.hibernate.engine.jdbc.spi.SqlStatementLogger.logStatement(SqlStatementLogger.java:92) - select count(article0_.aid) as col_0_0_ from b_article article0_
[18:53:01:685] [DEBUG] - org.hibernate.engine.jdbc.spi.SqlStatementLogger.logStatement(SqlStatementLogger.java:92) - select article0_.aid as aid1_0_, article0_.acontent as acontent2_0_, article0_.aname as aname3_0_, article0_.artime as artime4_0_ from b_article article0_ limit ?
[18:53:01:697] [DEBUG] - org.hibernate.engine.jdbc.spi.SqlStatementLogger.logStatement(SqlStatementLogger.java:92) - select count(article0_.aid) as col_0_0_ from b_article article0_
[18:53:06:556] [DEBUG] - org.hibernate.engine.jdbc.spi.SqlStatementLogger.logStatement(SqlStatementLogger.java:92) - select article0_.aid as aid1_0_, article0_.acontent as acontent2_0_, article0_.aname as aname3_0_, article0_.artime as artime4_0_ from b_article article0_ limit ?
[18:53:06:562] [DEBUG] - org.hibernate.engine.jdbc.spi.SqlStatementLogger.logStatement(SqlStatementLogger.java:92) - select count(article0_.aid) as col_0_0_ from b_article article0_
[18:53:11:995] [DEBUG] - org.hibernate.engine.jdbc.spi.SqlStatementLogger.logStatement(SqlStatementLogger.java:92) - select article0_.aid as aid1_0_, article0_.acontent as acontent2_0_, article0_.aname as aname3_0_, article0_.artime as artime4_0_ from b_article article0_ limit ?, ?
[18:53:12:002] [DEBUG] - org.hibernate.engine.jdbc.spi.SqlStatementLogger.logStatement(SqlStatementLogger.java:92) - select count(article0_.aid) as col_0_0_ from b_article article0_
[18:53:14:707] [DEBUG] - org.hibernate.engine.jdbc.spi.SqlStatementLogger.logStatement(SqlStatementLogger.java:92) - select article0_.aid as aid1_0_, article0_.acontent as acontent2_0_, article0_.aname as aname3_0_, article0_.artime as artime4_0_ from b_article article0_ limit ?
[18:53:14:714] [DEBUG] - org.hibernate.engine.jdbc.spi.SqlStatementLogger.logStatement(SqlStatementLogger.java:92) - select count(article0_.aid) as col_0_0_ from b_article article0_
[18:53:14:743] [DEBUG] - org.hibernate.engine.jdbc.spi.SqlStatementLogger.logStatement(SqlStatementLogger.java:92) - select article0_.aid as aid1_0_, article0_.acontent as acontent2_0_, article0_.aname as aname3_0_, article0_.artime as artime4_0_ from b_article article0_ limit ?, ?
[18:53:14:748] [DEBUG] - org.hibernate.engine.jdbc.spi.SqlStatementLogger.logStatement(SqlStatementLogger.java:92) - select count(article0_.aid) as col_0_0_ from b_article article0_
[18:53:16:192] [DEBUG] - org.hibernate.engine.jdbc.spi.SqlStatementLogger.logStatement(SqlStatementLogger.java:92) - select article0_.aid as aid1_0_, article0_.acontent as acontent2_0_, article0_.aname as aname3_0_, article0_.artime as artime4_0_ from b_article article0_ limit ?
[18:53:16:198] [DEBUG] - org.hibernate.engine.jdbc.spi.SqlStatementLogger.logStatement(SqlStatementLogger.java:92) - select count(article0_.aid) as col_0_0_ from b_article article0_
[18:53:17:195] [DEBUG] - org.hibernate.engine.jdbc.spi.SqlStatementLogger.logStatement(SqlStatementLogger.java:92) - select article0_.aid as aid1_0_, article0_.acontent as acontent2_0_, article0_.aname as aname3_0_, article0_.artime as artime4_0_ from b_article article0_ limit ?, ?
[18:53:17:200] [DEBUG] - org.hibernate.engine.jdbc.spi.SqlStatementLogger.logStatement(SqlStatementLogger.java:92) - select count(article0_.aid) as col_0_0_ from b_article article0_
[18:53:19:583] [DEBUG] - org.hibernate.engine.jdbc.spi.SqlStatementLogger.logStatement(SqlStatementLogger.java:92) - select category0_.cid as cid1_1_, category0_.cname as cname2_1_ from b_category category0_ limit ?
[18:53:19:588] [DEBUG] - org.hibernate.engine.jdbc.spi.SqlStatementLogger.logStatement(SqlStatementLogger.java:92) - select count(category0_.cid) as col_0_0_ from b_category category0_
[18:53:20:164] [DEBUG] - org.hibernate.engine.jdbc.spi.SqlStatementLogger.logStatement(SqlStatementLogger.java:92) - select article0_.aid as aid1_0_, article0_.acontent as acontent2_0_, article0_.aname as aname3_0_, article0_.artime as artime4_0_ from b_article article0_ limit ?
[18:53:20:170] [DEBUG] - org.hibernate.engine.jdbc.spi.SqlStatementLogger.logStatement(SqlStatementLogger.java:92) - select count(article0_.aid) as col_0_0_ from b_article article0_
[18:53:21:013] [DEBUG] - org.hibernate.engine.jdbc.spi.SqlStatementLogger.logStatement(SqlStatementLogger.java:92) - select category0_.cid as cid1_1_, category0_.cname as cname2_1_ from b_category category0_ limit ?
[18:53:21:021] [DEBUG] - org.hibernate.engine.jdbc.spi.SqlStatementLogger.logStatement(SqlStatementLogger.java:92) - select count(category0_.cid) as col_0_0_ from b_category category0_
[18:53:21:698] [DEBUG] - org.hibernate.engine.jdbc.spi.SqlStatementLogger.logStatement(SqlStatementLogger.java:92) - select article0_.aid as aid1_0_, article0_.acontent as acontent2_0_, article0_.aname as aname3_0_, article0_.artime as artime4_0_ from b_article article0_ limit ?
[18:53:21:702] [DEBUG] - org.hibernate.engine.jdbc.spi.SqlStatementLogger.logStatement(SqlStatementLogger.java:92) - select count(article0_.aid) as col_0_0_ from b_article article0_
[18:53:23:305] [DEBUG] - org.hibernate.engine.jdbc.spi.SqlStatementLogger.logStatement(SqlStatementLogger.java:92) - select category0_.cid as cid1_1_, category0_.cname as cname2_1_ from b_category category0_ limit ?
[18:53:23:309] [DEBUG] - org.hibernate.engine.jdbc.spi.SqlStatementLogger.logStatement(SqlStatementLogger.java:92) - select count(category0_.cid) as col_0_0_ from b_category category0_
[18:53:27:401] [DEBUG] - org.hibernate.engine.jdbc.spi.SqlStatementLogger.logStatement(SqlStatementLogger.java:92) - select category0_.cid as cid1_1_, category0_.cname as cname2_1_ from b_category category0_ limit ?, ?
[18:53:28:708] [DEBUG] - org.hibernate.engine.jdbc.spi.SqlStatementLogger.logStatement(SqlStatementLogger.java:92) - select category0_.cid as cid1_1_, category0_.cname as cname2_1_ from b_category category0_ limit ?
[18:53:28:712] [DEBUG] - org.hibernate.engine.jdbc.spi.SqlStatementLogger.logStatement(SqlStatementLogger.java:92) - select count(category0_.cid) as col_0_0_ from b_category category0_
[18:53:32:680] [DEBUG] - org.hibernate.engine.jdbc.spi.SqlStatementLogger.logStatement(SqlStatementLogger.java:92) - select category0_.cid as cid1_1_, category0_.cname as cname2_1_ from b_category category0_ limit ?
[18:53:32:685] [DEBUG] - org.hibernate.engine.jdbc.spi.SqlStatementLogger.logStatement(SqlStatementLogger.java:92) - select count(category0_.cid) as col_0_0_ from b_category category0_
[18:53:34:786] [DEBUG] - org.hibernate.engine.jdbc.spi.SqlStatementLogger.logStatement(SqlStatementLogger.java:92) - select article0_.aid as aid1_0_, article0_.acontent as acontent2_0_, article0_.aname as aname3_0_, article0_.artime as artime4_0_ from b_article article0_ limit ?
[18:53:34:794] [DEBUG] - org.hibernate.engine.jdbc.spi.SqlStatementLogger.logStatement(SqlStatementLogger.java:92) - select count(article0_.aid) as col_0_0_ from b_article article0_
[18:53:35:456] [DEBUG] - org.hibernate.engine.jdbc.spi.SqlStatementLogger.logStatement(SqlStatementLogger.java:92) - select category0_.cid as cid1_1_, category0_.cname as cname2_1_ from b_category category0_ limit ?
[18:53:35:460] [DEBUG] - org.hibernate.engine.jdbc.spi.SqlStatementLogger.logStatement(SqlStatementLogger.java:92) - select count(category0_.cid) as col_0_0_ from b_category category0_
