[16:53:10:747] [INFO] - org.springframework.boot.StartupInfoLogger.logStarting(StartupInfoLogger.java:50) - Starting BlogApplication on DESKTOP-TNPLNQR with PID 7952 (D:\ideaProject\blog\target\classes started by JZX in D:\ideaProject\blog)
[16:53:10:772] [INFO] - org.springframework.boot.SpringApplication.logStartupProfileInfo(SpringApplication.java:659) - No active profile set, falling back to default profiles: default
[16:53:10:874] [INFO] - org.springframework.context.support.AbstractApplicationContext.prepareRefresh(AbstractApplicationContext.java:590) - Refreshing org.springframework.boot.web.servlet.context.AnnotationConfigServletWebServerApplicationContext@5f7518b3: startup date [Mon Nov 16 16:53:10 CST 2020]; root of context hierarchy
[16:53:14:048] [INFO] - org.springframework.context.support.PostProcessorRegistrationDelegate$BeanPostProcessorChecker.postProcessAfterInitialization(PostProcessorRegistrationDelegate.java:328) - Bean 'org.springframework.transaction.annotation.ProxyTransactionManagementConfiguration' of type [org.springframework.transaction.annotation.ProxyTransactionManagementConfiguration$$EnhancerBySpringCGLIB$$93da3371] is not eligible for getting processed by all BeanPostProcessors (for example: not eligible for auto-proxying)
[16:53:14:877] [INFO] - org.springframework.boot.web.embedded.tomcat.TomcatWebServer.initialize(TomcatWebServer.java:91) - Tomcat initialized with port(s): 8088 (http)
[16:53:14:942] [INFO] - org.apache.juli.logging.DirectJDKLog.log(DirectJDKLog.java:180) - Initializing ProtocolHandler ["http-nio-8088"]
[16:53:14:950] [INFO] - org.apache.juli.logging.DirectJDKLog.log(DirectJDKLog.java:180) - Starting service [Tomcat]
[16:53:14:951] [INFO] - org.apache.juli.logging.DirectJDKLog.log(DirectJDKLog.java:180) - Starting Servlet Engine: Apache Tomcat/8.5.29
[16:53:14:955] [INFO] - org.apache.juli.logging.DirectJDKLog.log(DirectJDKLog.java:180) - The APR based Apache Tomcat Native library which allows optimal performance in production environments was not found on the java.library.path: [D:\Program Files\Java\jdk1.8.0_271\bin;C:\Windows\Sun\Java\bin;C:\Windows\system32;C:\Windows;C:\Program Files (x86)\Razer\ChromaBroadcast\bin;C:\Program Files\Razer\ChromaBroadcast\bin;D:\Program Files\Java\jdk1.8.0_271\bin;C:\Program Files (x86)\Common Files\Oracle\Java\javapath;C:\Windows\system32;C:\Windows;C:\Windows\System32\Wbem;C:\Windows\System32\WindowsPowerShell\v1.0\;C:\Windows\System32\OpenSSH\;D:\Program Files\MySQL\mysql-5.7.32-winx64\bin;D:\Program Files\Git\cmd;C:\Program Files\TortoiseGit\bin;D:\Program Files\nodejs\;D:\maven\apache-maven-3.6.2\bin;C:\Users\JZX\AppData\Local\Microsoft\WindowsApps;D:\Program Files\nodejs\node_global;C:\Users\JZX\AppData\Local\Microsoft\WindowsApps;D:\Program Files\nodejs\node_global;;.]
[16:53:15:030] [INFO] - org.apache.juli.logging.DirectJDKLog.log(DirectJDKLog.java:180) - Initializing Spring embedded WebApplicationContext
[16:53:15:030] [INFO] - org.springframework.boot.web.servlet.context.ServletWebServerApplicationContext.prepareWebApplicationContext(ServletWebServerApplicationContext.java:285) - Root WebApplicationContext: initialization completed in 4156 ms
[16:53:15:058] [INFO] - com.jzx.blog.config.DruidConfiguration.druidServlet(DruidConfiguration.java:20) - init Druid Servlet Configuration 
[16:53:15:232] [INFO] - org.springframework.boot.web.servlet.ServletRegistrationBean.addRegistration(ServletRegistrationBean.java:185) - Servlet statViewServlet mapped to [/druid/*]
[16:53:15:233] [INFO] - org.springframework.boot.web.servlet.ServletRegistrationBean.addRegistration(ServletRegistrationBean.java:185) - Servlet dispatcherServlet mapped to [/]
[16:53:15:233] [INFO] - org.springframework.boot.web.servlet.ServletRegistrationBean.addRegistration(ServletRegistrationBean.java:185) - Servlet statViewServlet mapped to [/druid/*]
[16:53:15:233] [INFO] - org.springframework.boot.web.servlet.DynamicRegistrationBean.register(DynamicRegistrationBean.java:111) - Servlet statViewServlet was not registered (possibly already registered?)
[16:53:15:235] [INFO] - org.springframework.boot.web.servlet.AbstractFilterRegistrationBean.configure(AbstractFilterRegistrationBean.java:244) - Mapping filter: 'characterEncodingFilter' to: [/*]
[16:53:15:236] [INFO] - org.springframework.boot.web.servlet.AbstractFilterRegistrationBean.configure(AbstractFilterRegistrationBean.java:244) - Mapping filter: 'hiddenHttpMethodFilter' to: [/*]
[16:53:15:236] [INFO] - org.springframework.boot.web.servlet.AbstractFilterRegistrationBean.configure(AbstractFilterRegistrationBean.java:244) - Mapping filter: 'httpPutFormContentFilter' to: [/*]
[16:53:15:236] [INFO] - org.springframework.boot.web.servlet.AbstractFilterRegistrationBean.configure(AbstractFilterRegistrationBean.java:244) - Mapping filter: 'requestContextFilter' to: [/*]
[16:53:15:236] [INFO] - org.springframework.boot.web.servlet.AbstractFilterRegistrationBean.configure(AbstractFilterRegistrationBean.java:257) - Mapping filter: 'webStatFilter' to urls: [/*]
[16:53:15:236] [INFO] - org.springframework.boot.web.servlet.DynamicRegistrationBean.register(DynamicRegistrationBean.java:111) - Filter webStatFilter was not registered (possibly already registered?)
[16:53:15:790] [INFO] - org.springframework.orm.jpa.LocalContainerEntityManagerFactoryBean.createNativeEntityManagerFactory(LocalContainerEntityManagerFactoryBean.java:361) - Building JPA container EntityManagerFactory for persistence unit 'default'
[16:53:15:821] [INFO] - org.hibernate.jpa.internal.util.LogHelper.logPersistenceUnitInformation(LogHelper.java:31) - HHH000204: Processing PersistenceUnitInfo [
	name: default
	...]
[16:53:16:086] [INFO] - org.hibernate.Version.logVersion(Version.java:45) - HHH000412: Hibernate Core {5.2.16.Final}
[16:53:16:087] [INFO] - org.hibernate.cfg.Environment.<clinit>(Environment.java:213) - HHH000206: hibernate.properties not found
[16:53:16:170] [INFO] - org.hibernate.annotations.common.reflection.java.JavaReflectionManager.<clinit>(JavaReflectionManager.java:66) - HCANN000001: Hibernate Commons Annotations {5.0.1.Final}
[16:53:17:956] [INFO] - com.alibaba.druid.pool.DruidDataSource.init(DruidDataSource.java:930) - {dataSource-1} inited
[16:53:18:017] [INFO] - org.hibernate.dialect.Dialect.<init>(Dialect.java:157) - HHH000400: Using dialect: org.hibernate.dialect.MySQL5Dialect
[16:53:19:145] [INFO] - org.springframework.orm.jpa.AbstractEntityManagerFactoryBean.buildNativeEntityManagerFactory(AbstractEntityManagerFactoryBean.java:415) - Initialized JPA EntityManagerFactory for persistence unit 'default'
[16:53:19:530] [INFO] - org.hibernate.hql.internal.QueryTranslatorFactoryInitiator.initiateService(QueryTranslatorFactoryInitiator.java:47) - HHH000397: Using ASTQueryTranslatorFactory
[16:53:19:721] [INFO] - org.springframework.web.servlet.handler.AbstractUrlHandlerMapping.registerHandler(AbstractUrlHandlerMapping.java:373) - Mapped URL path [/**/favicon.ico] onto handler of type [class org.springframework.web.servlet.resource.ResourceHttpRequestHandler]
[16:53:19:976] [INFO] - org.springframework.web.servlet.mvc.method.annotation.RequestMappingHandlerAdapter.initControllerAdviceCache(RequestMappingHandlerAdapter.java:574) - Looking for @ControllerAdvice: org.springframework.boot.web.servlet.context.AnnotationConfigServletWebServerApplicationContext@5f7518b3: startup date [Mon Nov 16 16:53:10 CST 2020]; root of context hierarchy
[16:53:20:069] [WARN] - org.springframework.boot.autoconfigure.orm.jpa.JpaBaseConfiguration$JpaWebConfiguration$JpaWebMvcConfiguration.openEntityManagerInViewInterceptor(JpaBaseConfiguration.java:235) - spring.jpa.open-in-view is enabled by default. Therefore, database queries may be performed during view rendering. Explicitly configure spring.jpa.open-in-view to disable this warning
[16:53:20:099] [INFO] - org.springframework.web.servlet.handler.AbstractHandlerMethodMapping$MappingRegistry.register(AbstractHandlerMethodMapping.java:547) - Mapped "{[/deleteCheckArtListIn/{aids}],methods=[DELETE]}" onto public com.jzx.blog.common.lang.Result com.jzx.blog.controller.ArticleController.deleteCheckArtList(java.lang.String)
[16:53:20:100] [INFO] - org.springframework.web.servlet.handler.AbstractHandlerMethodMapping$MappingRegistry.register(AbstractHandlerMethodMapping.java:547) - Mapped "{[/findAllPageArtList/{currentPage}/{pageSize}],methods=[GET]}" onto public com.jzx.blog.common.lang.Result com.jzx.blog.controller.ArticleController.findAllPageArtList(java.lang.Integer,java.lang.Integer)
[16:53:20:100] [INFO] - org.springframework.web.servlet.handler.AbstractHandlerMethodMapping$MappingRegistry.register(AbstractHandlerMethodMapping.java:547) - Mapped "{[/findAllPageArtList],methods=[GET]}" onto public com.jzx.blog.common.lang.Result com.jzx.blog.controller.ArticleController.findAllPageArtList()
[16:53:20:101] [INFO] - org.springframework.web.servlet.handler.AbstractHandlerMethodMapping$MappingRegistry.register(AbstractHandlerMethodMapping.java:547) - Mapped "{[/findAllArt],methods=[GET]}" onto public java.util.List<com.jzx.blog.domain.Article> com.jzx.blog.controller.ArticleController.findAllArt()
[16:53:20:101] [INFO] - org.springframework.web.servlet.handler.AbstractHandlerMethodMapping$MappingRegistry.register(AbstractHandlerMethodMapping.java:547) - Mapped "{[/findAllArtList],methods=[GET]}" onto public com.jzx.blog.common.lang.Result com.jzx.blog.controller.ArticleController.findAllArtList()
[16:53:20:101] [INFO] - org.springframework.web.servlet.handler.AbstractHandlerMethodMapping$MappingRegistry.register(AbstractHandlerMethodMapping.java:547) - Mapped "{[/saveMd],methods=[POST]}" onto public com.jzx.blog.common.lang.Result com.jzx.blog.controller.ArticleController.saveMd(java.util.HashMap<java.lang.String, java.lang.String>)
[16:53:20:101] [INFO] - org.springframework.web.servlet.handler.AbstractHandlerMethodMapping$MappingRegistry.register(AbstractHandlerMethodMapping.java:547) - Mapped "{[/uploadFile],methods=[POST]}" onto public com.jzx.blog.common.lang.Result com.jzx.blog.controller.ArticleController.uploadFile(org.springframework.web.multipart.MultipartFile,javax.servlet.http.HttpServletRequest)
[16:53:20:102] [INFO] - org.springframework.web.servlet.handler.AbstractHandlerMethodMapping$MappingRegistry.register(AbstractHandlerMethodMapping.java:547) - Mapped "{[/findAllPage/{currentPage}/{pageSize}],methods=[GET]}" onto public org.springframework.data.domain.Page<com.jzx.blog.domain.Article> com.jzx.blog.controller.ArticleController.findAllPage(java.lang.Integer,java.lang.Integer)
[16:53:20:102] [INFO] - org.springframework.web.servlet.handler.AbstractHandlerMethodMapping$MappingRegistry.register(AbstractHandlerMethodMapping.java:547) - Mapped "{[/test],methods=[GET]}" onto public com.jzx.blog.domain.Article com.jzx.blog.controller.ArticleController.tset()
[16:53:20:102] [INFO] - org.springframework.web.servlet.handler.AbstractHandlerMethodMapping$MappingRegistry.register(AbstractHandlerMethodMapping.java:547) - Mapped "{[/findOneArt/{AId}],methods=[GET]}" onto public com.jzx.blog.domain.Article com.jzx.blog.controller.ArticleController.findOneArt(java.lang.Long)
[16:53:20:102] [INFO] - org.springframework.web.servlet.handler.AbstractHandlerMethodMapping$MappingRegistry.register(AbstractHandlerMethodMapping.java:547) - Mapped "{[/getArtinfo/{aid}],methods=[GET]}" onto public com.jzx.blog.common.lang.Result com.jzx.blog.controller.ArticleController.getArtinfo(java.lang.Long)
[16:53:20:103] [INFO] - org.springframework.web.servlet.handler.AbstractHandlerMethodMapping$MappingRegistry.register(AbstractHandlerMethodMapping.java:547) - Mapped "{[/updMd],methods=[POST]}" onto public com.jzx.blog.common.lang.Result com.jzx.blog.controller.ArticleController.updMd(java.util.HashMap<java.lang.String, java.lang.String>)
[16:53:20:104] [INFO] - org.springframework.web.servlet.handler.AbstractHandlerMethodMapping$MappingRegistry.register(AbstractHandlerMethodMapping.java:547) - Mapped "{[/findAllPageCateList/{currentPage}/{pageSize}],methods=[GET]}" onto public com.jzx.blog.common.lang.Result com.jzx.blog.controller.CategoryController.findAllPageCateList(java.lang.Integer,java.lang.Integer)
[16:53:20:104] [INFO] - org.springframework.web.servlet.handler.AbstractHandlerMethodMapping$MappingRegistry.register(AbstractHandlerMethodMapping.java:547) - Mapped "{[/updCateInfo],methods=[POST]}" onto public com.jzx.blog.common.lang.Result com.jzx.blog.controller.CategoryController.updCateInfo(com.jzx.blog.domain.Category)
[16:53:20:104] [INFO] - org.springframework.web.servlet.handler.AbstractHandlerMethodMapping$MappingRegistry.register(AbstractHandlerMethodMapping.java:547) - Mapped "{[/delCate/{cid}],methods=[DELETE]}" onto public com.jzx.blog.common.lang.Result com.jzx.blog.controller.CategoryController.delCate(java.lang.Long)
[16:53:20:104] [INFO] - org.springframework.web.servlet.handler.AbstractHandlerMethodMapping$MappingRegistry.register(AbstractHandlerMethodMapping.java:547) - Mapped "{[/getCateinfoByCid/{cid}],methods=[GET]}" onto public com.jzx.blog.common.lang.Result com.jzx.blog.controller.CategoryController.getCateinfoByCid(java.lang.Long)
[16:53:20:105] [INFO] - org.springframework.web.servlet.handler.AbstractHandlerMethodMapping$MappingRegistry.register(AbstractHandlerMethodMapping.java:547) - Mapped "{[/saveCate],methods=[POST]}" onto public com.jzx.blog.common.lang.Result com.jzx.blog.controller.CategoryController.saveCate(com.jzx.blog.domain.Category)
[16:53:20:106] [INFO] - org.springframework.web.servlet.handler.AbstractHandlerMethodMapping$MappingRegistry.register(AbstractHandlerMethodMapping.java:547) - Mapped "{[/error]}" onto public org.springframework.http.ResponseEntity<java.util.Map<java.lang.String, java.lang.Object>> org.springframework.boot.autoconfigure.web.servlet.error.BasicErrorController.error(javax.servlet.http.HttpServletRequest)
[16:53:20:106] [INFO] - org.springframework.web.servlet.handler.AbstractHandlerMethodMapping$MappingRegistry.register(AbstractHandlerMethodMapping.java:547) - Mapped "{[/error],produces=[text/html]}" onto public org.springframework.web.servlet.ModelAndView org.springframework.boot.autoconfigure.web.servlet.error.BasicErrorController.errorHtml(javax.servlet.http.HttpServletRequest,javax.servlet.http.HttpServletResponse)
[16:53:20:114] [INFO] - org.springframework.web.servlet.handler.AbstractUrlHandlerMapping.registerHandler(AbstractUrlHandlerMapping.java:360) - Root mapping to handler of type [class org.springframework.web.servlet.mvc.ParameterizableViewController]
[16:53:20:114] [INFO] - org.springframework.web.servlet.handler.AbstractUrlHandlerMapping.registerHandler(AbstractUrlHandlerMapping.java:373) - Mapped URL path [/index.html] onto handler of type [class org.springframework.web.servlet.mvc.ParameterizableViewController]
[16:53:20:114] [INFO] - org.springframework.web.servlet.handler.AbstractUrlHandlerMapping.registerHandler(AbstractUrlHandlerMapping.java:373) - Mapped URL path [/login] onto handler of type [class org.springframework.web.servlet.mvc.ParameterizableViewController]
[16:53:20:122] [INFO] - org.springframework.web.servlet.handler.AbstractUrlHandlerMapping.registerHandler(AbstractUrlHandlerMapping.java:373) - Mapped URL path [/webjars/**] onto handler of type [class org.springframework.web.servlet.resource.ResourceHttpRequestHandler]
[16:53:20:123] [INFO] - org.springframework.web.servlet.handler.AbstractUrlHandlerMapping.registerHandler(AbstractUrlHandlerMapping.java:373) - Mapped URL path [/**] onto handler of type [class org.springframework.web.servlet.resource.ResourceHttpRequestHandler]
[16:53:20:123] [INFO] - org.springframework.web.servlet.handler.AbstractUrlHandlerMapping.registerHandler(AbstractUrlHandlerMapping.java:373) - Mapped URL path [/files/ArtUpload/**] onto handler of type [class org.springframework.web.servlet.resource.ResourceHttpRequestHandler]
[16:53:20:256] [INFO] - org.springframework.boot.autoconfigure.web.servlet.WelcomePageHandlerMapping.<init>(WelcomePageHandlerMapping.java:56) - Adding welcome page: class path resource [static/index.html]
[16:53:20:470] [INFO] - org.springframework.boot.devtools.autoconfigure.OptionalLiveReloadServer.startServer(OptionalLiveReloadServer.java:57) - LiveReload server is running on port 35729
[16:53:20:497] [INFO] - org.springframework.jmx.export.MBeanExporter.afterSingletonsInstantiated(MBeanExporter.java:433) - Registering beans for JMX exposure on startup
[16:53:20:497] [INFO] - org.springframework.jmx.export.MBeanExporter.autodetect(MBeanExporter.java:895) - Bean with name 'springDruidDataSource' has been autodetected for JMX exposure
[16:53:20:498] [INFO] - org.springframework.jmx.export.MBeanExporter.autodetect(MBeanExporter.java:895) - Bean with name 'statFilter' has been autodetected for JMX exposure
[16:53:20:502] [INFO] - org.springframework.jmx.export.MBeanExporter.registerBeanInstance(MBeanExporter.java:668) - Located MBean 'springDruidDataSource': registering with JMX server as MBean [com.alibaba.druid.pool:name=springDruidDataSource,type=DruidDataSource]
[16:53:20:502] [INFO] - org.springframework.jmx.export.MBeanExporter.registerBeanInstance(MBeanExporter.java:668) - Located MBean 'statFilter': registering with JMX server as MBean [com.alibaba.druid.filter.stat:name=statFilter,type=StatFilter]
[16:53:20:526] [INFO] - org.apache.juli.logging.DirectJDKLog.log(DirectJDKLog.java:180) - Starting ProtocolHandler ["http-nio-8088"]
[16:53:20:532] [INFO] - org.apache.juli.logging.DirectJDKLog.log(DirectJDKLog.java:180) - Using a shared selector for servlet write/read
[16:53:20:580] [INFO] - org.springframework.boot.web.embedded.tomcat.TomcatWebServer.start(TomcatWebServer.java:206) - Tomcat started on port(s): 8088 (http) with context path ''
[16:53:20:583] [INFO] - org.springframework.boot.StartupInfoLogger.logStarted(StartupInfoLogger.java:59) - Started BlogApplication in 10.707 seconds (JVM running for 14.092)
[16:54:23:207] [INFO] - org.springframework.context.support.AbstractApplicationContext.doClose(AbstractApplicationContext.java:993) - Closing org.springframework.boot.web.servlet.context.AnnotationConfigServletWebServerApplicationContext@5f7518b3: startup date [Mon Nov 16 16:53:10 CST 2020]; root of context hierarchy
[16:54:23:209] [INFO] - org.springframework.jmx.export.MBeanExporter.destroy(MBeanExporter.java:451) - Unregistering JMX-exposed beans on shutdown
[16:54:23:210] [INFO] - org.springframework.jmx.support.MBeanRegistrationSupport.unregisterBeans(MBeanRegistrationSupport.java:183) - Unregistering JMX-exposed beans
[16:54:23:211] [INFO] - org.springframework.orm.jpa.AbstractEntityManagerFactoryBean.destroy(AbstractEntityManagerFactoryBean.java:597) - Closing JPA EntityManagerFactory for persistence unit 'default'
[16:54:23:226] [INFO] - com.alibaba.druid.pool.DruidDataSource.close(DruidDataSource.java:1825) - {dataSource-1} closed
[16:54:23:818] [INFO] - org.springframework.boot.StartupInfoLogger.logStarting(StartupInfoLogger.java:50) - Starting BlogApplication on DESKTOP-TNPLNQR with PID 7952 (D:\ideaProject\blog\target\classes started by JZX in D:\ideaProject\blog)
[16:54:23:819] [INFO] - org.springframework.boot.SpringApplication.logStartupProfileInfo(SpringApplication.java:659) - No active profile set, falling back to default profiles: default
[16:54:23:821] [INFO] - org.springframework.context.support.AbstractApplicationContext.prepareRefresh(AbstractApplicationContext.java:590) - Refreshing org.springframework.boot.web.servlet.context.AnnotationConfigServletWebServerApplicationContext@60dcee55: startup date [Mon Nov 16 16:54:23 CST 2020]; root of context hierarchy
[16:54:24:130] [INFO] - org.springframework.context.support.PostProcessorRegistrationDelegate$BeanPostProcessorChecker.postProcessAfterInitialization(PostProcessorRegistrationDelegate.java:328) - Bean 'org.springframework.transaction.annotation.ProxyTransactionManagementConfiguration' of type [org.springframework.transaction.annotation.ProxyTransactionManagementConfiguration$$EnhancerBySpringCGLIB$$93da3371] is not eligible for getting processed by all BeanPostProcessors (for example: not eligible for auto-proxying)
[16:54:24:195] [INFO] - org.springframework.boot.web.embedded.tomcat.TomcatWebServer.initialize(TomcatWebServer.java:91) - Tomcat initialized with port(s): 8088 (http)
[16:54:24:196] [INFO] - org.apache.juli.logging.DirectJDKLog.log(DirectJDKLog.java:180) - Initializing ProtocolHandler ["http-nio-8088"]
[16:54:24:196] [INFO] - org.apache.juli.logging.DirectJDKLog.log(DirectJDKLog.java:180) - Starting service [Tomcat]
[16:54:24:196] [INFO] - org.apache.juli.logging.DirectJDKLog.log(DirectJDKLog.java:180) - Starting Servlet Engine: Apache Tomcat/8.5.29
[16:54:24:213] [INFO] - org.apache.juli.logging.DirectJDKLog.log(DirectJDKLog.java:180) - Initializing Spring embedded WebApplicationContext
[16:54:24:213] [INFO] - org.springframework.boot.web.servlet.context.ServletWebServerApplicationContext.prepareWebApplicationContext(ServletWebServerApplicationContext.java:285) - Root WebApplicationContext: initialization completed in 392 ms
[16:54:24:219] [INFO] - com.jzx.blog.config.DruidConfiguration.druidServlet(DruidConfiguration.java:20) - init Druid Servlet Configuration 
[16:54:24:246] [INFO] - org.springframework.boot.web.servlet.ServletRegistrationBean.addRegistration(ServletRegistrationBean.java:185) - Servlet statViewServlet mapped to [/druid/*]
[16:54:24:247] [INFO] - org.springframework.boot.web.servlet.ServletRegistrationBean.addRegistration(ServletRegistrationBean.java:185) - Servlet dispatcherServlet mapped to [/]
[16:54:24:247] [INFO] - org.springframework.boot.web.servlet.ServletRegistrationBean.addRegistration(ServletRegistrationBean.java:185) - Servlet statViewServlet mapped to [/druid/*]
[16:54:24:247] [INFO] - org.springframework.boot.web.servlet.DynamicRegistrationBean.register(DynamicRegistrationBean.java:111) - Servlet statViewServlet was not registered (possibly already registered?)
[16:54:24:248] [INFO] - org.springframework.boot.web.servlet.AbstractFilterRegistrationBean.configure(AbstractFilterRegistrationBean.java:244) - Mapping filter: 'characterEncodingFilter' to: [/*]
[16:54:24:248] [INFO] - org.springframework.boot.web.servlet.AbstractFilterRegistrationBean.configure(AbstractFilterRegistrationBean.java:244) - Mapping filter: 'hiddenHttpMethodFilter' to: [/*]
[16:54:24:248] [INFO] - org.springframework.boot.web.servlet.AbstractFilterRegistrationBean.configure(AbstractFilterRegistrationBean.java:244) - Mapping filter: 'httpPutFormContentFilter' to: [/*]
[16:54:24:248] [INFO] - org.springframework.boot.web.servlet.AbstractFilterRegistrationBean.configure(AbstractFilterRegistrationBean.java:244) - Mapping filter: 'requestContextFilter' to: [/*]
[16:54:24:248] [INFO] - org.springframework.boot.web.servlet.AbstractFilterRegistrationBean.configure(AbstractFilterRegistrationBean.java:257) - Mapping filter: 'webStatFilter' to urls: [/*]
[16:54:24:248] [INFO] - org.springframework.boot.web.servlet.DynamicRegistrationBean.register(DynamicRegistrationBean.java:111) - Filter webStatFilter was not registered (possibly already registered?)
[16:54:24:292] [INFO] - org.springframework.orm.jpa.LocalContainerEntityManagerFactoryBean.createNativeEntityManagerFactory(LocalContainerEntityManagerFactoryBean.java:361) - Building JPA container EntityManagerFactory for persistence unit 'default'
[16:54:24:292] [INFO] - org.hibernate.jpa.internal.util.LogHelper.logPersistenceUnitInformation(LogHelper.java:31) - HHH000204: Processing PersistenceUnitInfo [
	name: default
	...]
[16:54:24:432] [INFO] - com.alibaba.druid.pool.DruidDataSource.init(DruidDataSource.java:930) - {dataSource-2} inited
[16:54:24:433] [INFO] - org.hibernate.dialect.Dialect.<init>(Dialect.java:157) - HHH000400: Using dialect: org.hibernate.dialect.MySQL5Dialect
[16:54:24:459] [INFO] - org.springframework.orm.jpa.AbstractEntityManagerFactoryBean.buildNativeEntityManagerFactory(AbstractEntityManagerFactoryBean.java:415) - Initialized JPA EntityManagerFactory for persistence unit 'default'
[16:54:24:486] [INFO] - org.hibernate.hql.internal.QueryTranslatorFactoryInitiator.initiateService(QueryTranslatorFactoryInitiator.java:47) - HHH000397: Using ASTQueryTranslatorFactory
[16:54:24:515] [INFO] - org.springframework.web.servlet.handler.AbstractUrlHandlerMapping.registerHandler(AbstractUrlHandlerMapping.java:373) - Mapped URL path [/**/favicon.ico] onto handler of type [class org.springframework.web.servlet.resource.ResourceHttpRequestHandler]
[16:54:24:556] [INFO] - org.springframework.web.servlet.mvc.method.annotation.RequestMappingHandlerAdapter.initControllerAdviceCache(RequestMappingHandlerAdapter.java:574) - Looking for @ControllerAdvice: org.springframework.boot.web.servlet.context.AnnotationConfigServletWebServerApplicationContext@60dcee55: startup date [Mon Nov 16 16:54:23 CST 2020]; root of context hierarchy
[16:54:24:561] [WARN] - org.springframework.boot.autoconfigure.orm.jpa.JpaBaseConfiguration$JpaWebConfiguration$JpaWebMvcConfiguration.openEntityManagerInViewInterceptor(JpaBaseConfiguration.java:235) - spring.jpa.open-in-view is enabled by default. Therefore, database queries may be performed during view rendering. Explicitly configure spring.jpa.open-in-view to disable this warning
[16:54:24:566] [INFO] - org.springframework.web.servlet.handler.AbstractHandlerMethodMapping$MappingRegistry.register(AbstractHandlerMethodMapping.java:547) - Mapped "{[/deleteCheckArtListIn/{aids}],methods=[DELETE]}" onto public com.jzx.blog.common.lang.Result com.jzx.blog.controller.ArticleController.deleteCheckArtList(java.lang.String)
[16:54:24:567] [INFO] - org.springframework.web.servlet.handler.AbstractHandlerMethodMapping$MappingRegistry.register(AbstractHandlerMethodMapping.java:547) - Mapped "{[/findAllPageArtList/{currentPage}/{pageSize}],methods=[GET]}" onto public com.jzx.blog.common.lang.Result com.jzx.blog.controller.ArticleController.findAllPageArtList(java.lang.Integer,java.lang.Integer)
[16:54:24:567] [INFO] - org.springframework.web.servlet.handler.AbstractHandlerMethodMapping$MappingRegistry.register(AbstractHandlerMethodMapping.java:547) - Mapped "{[/findAllPageArtList],methods=[GET]}" onto public com.jzx.blog.common.lang.Result com.jzx.blog.controller.ArticleController.findAllPageArtList()
[16:54:24:567] [INFO] - org.springframework.web.servlet.handler.AbstractHandlerMethodMapping$MappingRegistry.register(AbstractHandlerMethodMapping.java:547) - Mapped "{[/findAllArt],methods=[GET]}" onto public java.util.List<com.jzx.blog.domain.Article> com.jzx.blog.controller.ArticleController.findAllArt()
[16:54:24:567] [INFO] - org.springframework.web.servlet.handler.AbstractHandlerMethodMapping$MappingRegistry.register(AbstractHandlerMethodMapping.java:547) - Mapped "{[/findAllArtList],methods=[GET]}" onto public com.jzx.blog.common.lang.Result com.jzx.blog.controller.ArticleController.findAllArtList()
[16:54:24:567] [INFO] - org.springframework.web.servlet.handler.AbstractHandlerMethodMapping$MappingRegistry.register(AbstractHandlerMethodMapping.java:547) - Mapped "{[/saveMd],methods=[POST]}" onto public com.jzx.blog.common.lang.Result com.jzx.blog.controller.ArticleController.saveMd(java.util.HashMap<java.lang.String, java.lang.String>)
[16:54:24:568] [INFO] - org.springframework.web.servlet.handler.AbstractHandlerMethodMapping$MappingRegistry.register(AbstractHandlerMethodMapping.java:547) - Mapped "{[/uploadFile],methods=[POST]}" onto public com.jzx.blog.common.lang.Result com.jzx.blog.controller.ArticleController.uploadFile(org.springframework.web.multipart.MultipartFile,javax.servlet.http.HttpServletRequest)
[16:54:24:568] [INFO] - org.springframework.web.servlet.handler.AbstractHandlerMethodMapping$MappingRegistry.register(AbstractHandlerMethodMapping.java:547) - Mapped "{[/findAllPage/{currentPage}/{pageSize}],methods=[GET]}" onto public org.springframework.data.domain.Page<com.jzx.blog.domain.Article> com.jzx.blog.controller.ArticleController.findAllPage(java.lang.Integer,java.lang.Integer)
[16:54:24:568] [INFO] - org.springframework.web.servlet.handler.AbstractHandlerMethodMapping$MappingRegistry.register(AbstractHandlerMethodMapping.java:547) - Mapped "{[/test],methods=[GET]}" onto public com.jzx.blog.domain.Article com.jzx.blog.controller.ArticleController.tset()
[16:54:24:568] [INFO] - org.springframework.web.servlet.handler.AbstractHandlerMethodMapping$MappingRegistry.register(AbstractHandlerMethodMapping.java:547) - Mapped "{[/findOneArt/{AId}],methods=[GET]}" onto public com.jzx.blog.domain.Article com.jzx.blog.controller.ArticleController.findOneArt(java.lang.Long)
[16:54:24:569] [INFO] - org.springframework.web.servlet.handler.AbstractHandlerMethodMapping$MappingRegistry.register(AbstractHandlerMethodMapping.java:547) - Mapped "{[/getArtinfo/{aid}],methods=[GET]}" onto public com.jzx.blog.common.lang.Result com.jzx.blog.controller.ArticleController.getArtinfo(java.lang.Long)
[16:54:24:569] [INFO] - org.springframework.web.servlet.handler.AbstractHandlerMethodMapping$MappingRegistry.register(AbstractHandlerMethodMapping.java:547) - Mapped "{[/updMd],methods=[POST]}" onto public com.jzx.blog.common.lang.Result com.jzx.blog.controller.ArticleController.updMd(java.util.HashMap<java.lang.String, java.lang.String>)
[16:54:24:570] [INFO] - org.springframework.web.servlet.handler.AbstractHandlerMethodMapping$MappingRegistry.register(AbstractHandlerMethodMapping.java:547) - Mapped "{[/findAllPageCateList/{currentPage}/{pageSize}],methods=[GET]}" onto public com.jzx.blog.common.lang.Result com.jzx.blog.controller.CategoryController.findAllPageCateList(java.lang.Integer,java.lang.Integer)
[16:54:24:570] [INFO] - org.springframework.web.servlet.handler.AbstractHandlerMethodMapping$MappingRegistry.register(AbstractHandlerMethodMapping.java:547) - Mapped "{[/updCateInfo],methods=[POST]}" onto public com.jzx.blog.common.lang.Result com.jzx.blog.controller.CategoryController.updCateInfo(com.jzx.blog.domain.Category)
[16:54:24:570] [INFO] - org.springframework.web.servlet.handler.AbstractHandlerMethodMapping$MappingRegistry.register(AbstractHandlerMethodMapping.java:547) - Mapped "{[/delCate/{cid}],methods=[DELETE]}" onto public com.jzx.blog.common.lang.Result com.jzx.blog.controller.CategoryController.delCate(java.lang.Long)
[16:54:24:570] [INFO] - org.springframework.web.servlet.handler.AbstractHandlerMethodMapping$MappingRegistry.register(AbstractHandlerMethodMapping.java:547) - Mapped "{[/getCateinfoByCid/{cid}],methods=[GET]}" onto public com.jzx.blog.common.lang.Result com.jzx.blog.controller.CategoryController.getCateinfoByCid(java.lang.Long)
[16:54:24:570] [INFO] - org.springframework.web.servlet.handler.AbstractHandlerMethodMapping$MappingRegistry.register(AbstractHandlerMethodMapping.java:547) - Mapped "{[/saveCate],methods=[POST]}" onto public com.jzx.blog.common.lang.Result com.jzx.blog.controller.CategoryController.saveCate(com.jzx.blog.domain.Category)
[16:54:24:572] [INFO] - org.springframework.web.servlet.handler.AbstractHandlerMethodMapping$MappingRegistry.register(AbstractHandlerMethodMapping.java:547) - Mapped "{[/error]}" onto public org.springframework.http.ResponseEntity<java.util.Map<java.lang.String, java.lang.Object>> org.springframework.boot.autoconfigure.web.servlet.error.BasicErrorController.error(javax.servlet.http.HttpServletRequest)
[16:54:24:572] [INFO] - org.springframework.web.servlet.handler.AbstractHandlerMethodMapping$MappingRegistry.register(AbstractHandlerMethodMapping.java:547) - Mapped "{[/error],produces=[text/html]}" onto public org.springframework.web.servlet.ModelAndView org.springframework.boot.autoconfigure.web.servlet.error.BasicErrorController.errorHtml(javax.servlet.http.HttpServletRequest,javax.servlet.http.HttpServletResponse)
[16:54:24:576] [INFO] - org.springframework.web.servlet.handler.AbstractUrlHandlerMapping.registerHandler(AbstractUrlHandlerMapping.java:360) - Root mapping to handler of type [class org.springframework.web.servlet.mvc.ParameterizableViewController]
[16:54:24:577] [INFO] - org.springframework.web.servlet.handler.AbstractUrlHandlerMapping.registerHandler(AbstractUrlHandlerMapping.java:373) - Mapped URL path [/index.html] onto handler of type [class org.springframework.web.servlet.mvc.ParameterizableViewController]
[16:54:24:577] [INFO] - org.springframework.web.servlet.handler.AbstractUrlHandlerMapping.registerHandler(AbstractUrlHandlerMapping.java:373) - Mapped URL path [/login] onto handler of type [class org.springframework.web.servlet.mvc.ParameterizableViewController]
[16:54:24:580] [INFO] - org.springframework.web.servlet.handler.AbstractUrlHandlerMapping.registerHandler(AbstractUrlHandlerMapping.java:373) - Mapped URL path [/webjars/**] onto handler of type [class org.springframework.web.servlet.resource.ResourceHttpRequestHandler]
[16:54:24:580] [INFO] - org.springframework.web.servlet.handler.AbstractUrlHandlerMapping.registerHandler(AbstractUrlHandlerMapping.java:373) - Mapped URL path [/**] onto handler of type [class org.springframework.web.servlet.resource.ResourceHttpRequestHandler]
[16:54:24:580] [INFO] - org.springframework.web.servlet.handler.AbstractUrlHandlerMapping.registerHandler(AbstractUrlHandlerMapping.java:373) - Mapped URL path [/files/ArtUpload/**] onto handler of type [class org.springframework.web.servlet.resource.ResourceHttpRequestHandler]
[16:54:24:597] [INFO] - org.springframework.boot.autoconfigure.web.servlet.WelcomePageHandlerMapping.<init>(WelcomePageHandlerMapping.java:56) - Adding welcome page: class path resource [static/index.html]
[16:54:24:638] [INFO] - org.springframework.boot.devtools.autoconfigure.OptionalLiveReloadServer.startServer(OptionalLiveReloadServer.java:57) - LiveReload server is running on port 35729
[16:54:24:656] [INFO] - org.springframework.jmx.export.MBeanExporter.afterSingletonsInstantiated(MBeanExporter.java:433) - Registering beans for JMX exposure on startup
[16:54:24:656] [INFO] - org.springframework.jmx.export.MBeanExporter.autodetect(MBeanExporter.java:895) - Bean with name 'springDruidDataSource' has been autodetected for JMX exposure
[16:54:24:657] [INFO] - org.springframework.jmx.export.MBeanExporter.autodetect(MBeanExporter.java:895) - Bean with name 'statFilter' has been autodetected for JMX exposure
[16:54:24:659] [INFO] - org.springframework.jmx.export.MBeanExporter.registerBeanInstance(MBeanExporter.java:668) - Located MBean 'springDruidDataSource': registering with JMX server as MBean [com.alibaba.druid.pool:name=springDruidDataSource,type=DruidDataSource]
[16:54:24:660] [INFO] - org.springframework.jmx.export.MBeanExporter.registerBeanInstance(MBeanExporter.java:668) - Located MBean 'statFilter': registering with JMX server as MBean [com.alibaba.druid.filter.stat:name=statFilter,type=StatFilter]
[16:54:24:664] [INFO] - org.apache.juli.logging.DirectJDKLog.log(DirectJDKLog.java:180) - Starting ProtocolHandler ["http-nio-8088"]
[16:54:24:665] [INFO] - org.apache.juli.logging.DirectJDKLog.log(DirectJDKLog.java:180) - Using a shared selector for servlet write/read
[16:54:24:667] [INFO] - org.springframework.boot.web.embedded.tomcat.TomcatWebServer.start(TomcatWebServer.java:206) - Tomcat started on port(s): 8088 (http) with context path ''
[16:54:24:668] [INFO] - org.springframework.boot.StartupInfoLogger.logStarted(StartupInfoLogger.java:59) - Started BlogApplication in 0.887 seconds (JVM running for 78.177)
[16:54:24:670] [INFO] - org.springframework.boot.devtools.autoconfigure.ConditionEvaluationDeltaLoggingListener.onApplicationEvent(ConditionEvaluationDeltaLoggingListener.java:56) - Condition evaluation unchanged
[16:54:41:094] [INFO] - org.springframework.context.support.AbstractApplicationContext.doClose(AbstractApplicationContext.java:993) - Closing org.springframework.boot.web.servlet.context.AnnotationConfigServletWebServerApplicationContext@60dcee55: startup date [Mon Nov 16 16:54:23 CST 2020]; root of context hierarchy
[16:54:41:096] [INFO] - org.springframework.jmx.export.MBeanExporter.destroy(MBeanExporter.java:451) - Unregistering JMX-exposed beans on shutdown
[16:54:41:097] [INFO] - org.springframework.jmx.support.MBeanRegistrationSupport.unregisterBeans(MBeanRegistrationSupport.java:183) - Unregistering JMX-exposed beans
[16:54:41:098] [INFO] - org.springframework.orm.jpa.AbstractEntityManagerFactoryBean.destroy(AbstractEntityManagerFactoryBean.java:597) - Closing JPA EntityManagerFactory for persistence unit 'default'
[16:54:41:109] [INFO] - com.alibaba.druid.pool.DruidDataSource.close(DruidDataSource.java:1825) - {dataSource-2} closed
[16:54:41:643] [INFO] - org.springframework.boot.StartupInfoLogger.logStarting(StartupInfoLogger.java:50) - Starting BlogApplication on DESKTOP-TNPLNQR with PID 7952 (D:\ideaProject\blog\target\classes started by JZX in D:\ideaProject\blog)
[16:54:41:643] [INFO] - org.springframework.boot.SpringApplication.logStartupProfileInfo(SpringApplication.java:659) - No active profile set, falling back to default profiles: default
[16:54:41:645] [INFO] - org.springframework.context.support.AbstractApplicationContext.prepareRefresh(AbstractApplicationContext.java:590) - Refreshing org.springframework.boot.web.servlet.context.AnnotationConfigServletWebServerApplicationContext@6cc4be19: startup date [Mon Nov 16 16:54:41 CST 2020]; root of context hierarchy
[16:54:41:952] [INFO] - org.springframework.context.support.PostProcessorRegistrationDelegate$BeanPostProcessorChecker.postProcessAfterInitialization(PostProcessorRegistrationDelegate.java:328) - Bean 'org.springframework.transaction.annotation.ProxyTransactionManagementConfiguration' of type [org.springframework.transaction.annotation.ProxyTransactionManagementConfiguration$$EnhancerBySpringCGLIB$$93da3371] is not eligible for getting processed by all BeanPostProcessors (for example: not eligible for auto-proxying)
[16:54:42:023] [INFO] - org.springframework.boot.web.embedded.tomcat.TomcatWebServer.initialize(TomcatWebServer.java:91) - Tomcat initialized with port(s): 8088 (http)
[16:54:42:024] [INFO] - org.apache.juli.logging.DirectJDKLog.log(DirectJDKLog.java:180) - Initializing ProtocolHandler ["http-nio-8088"]
[16:54:42:024] [INFO] - org.apache.juli.logging.DirectJDKLog.log(DirectJDKLog.java:180) - Starting service [Tomcat]
[16:54:42:024] [INFO] - org.apache.juli.logging.DirectJDKLog.log(DirectJDKLog.java:180) - Starting Servlet Engine: Apache Tomcat/8.5.29
[16:54:42:123] [INFO] - org.apache.juli.logging.DirectJDKLog.log(DirectJDKLog.java:180) - Initializing Spring embedded WebApplicationContext
[16:54:42:124] [INFO] - org.springframework.boot.web.servlet.context.ServletWebServerApplicationContext.prepareWebApplicationContext(ServletWebServerApplicationContext.java:285) - Root WebApplicationContext: initialization completed in 479 ms
[16:54:42:130] [INFO] - com.jzx.blog.config.DruidConfiguration.druidServlet(DruidConfiguration.java:20) - init Druid Servlet Configuration 
[16:54:42:152] [INFO] - org.springframework.boot.web.servlet.ServletRegistrationBean.addRegistration(ServletRegistrationBean.java:185) - Servlet statViewServlet mapped to [/druid/*]
[16:54:42:153] [INFO] - org.springframework.boot.web.servlet.ServletRegistrationBean.addRegistration(ServletRegistrationBean.java:185) - Servlet dispatcherServlet mapped to [/]
[16:54:42:153] [INFO] - org.springframework.boot.web.servlet.ServletRegistrationBean.addRegistration(ServletRegistrationBean.java:185) - Servlet statViewServlet mapped to [/druid/*]
[16:54:42:153] [INFO] - org.springframework.boot.web.servlet.DynamicRegistrationBean.register(DynamicRegistrationBean.java:111) - Servlet statViewServlet was not registered (possibly already registered?)
[16:54:42:153] [INFO] - org.springframework.boot.web.servlet.AbstractFilterRegistrationBean.configure(AbstractFilterRegistrationBean.java:244) - Mapping filter: 'characterEncodingFilter' to: [/*]
[16:54:42:153] [INFO] - org.springframework.boot.web.servlet.AbstractFilterRegistrationBean.configure(AbstractFilterRegistrationBean.java:244) - Mapping filter: 'hiddenHttpMethodFilter' to: [/*]
[16:54:42:153] [INFO] - org.springframework.boot.web.servlet.AbstractFilterRegistrationBean.configure(AbstractFilterRegistrationBean.java:244) - Mapping filter: 'httpPutFormContentFilter' to: [/*]
[16:54:42:153] [INFO] - org.springframework.boot.web.servlet.AbstractFilterRegistrationBean.configure(AbstractFilterRegistrationBean.java:244) - Mapping filter: 'requestContextFilter' to: [/*]
[16:54:42:154] [INFO] - org.springframework.boot.web.servlet.AbstractFilterRegistrationBean.configure(AbstractFilterRegistrationBean.java:257) - Mapping filter: 'webStatFilter' to urls: [/*]
[16:54:42:154] [INFO] - org.springframework.boot.web.servlet.DynamicRegistrationBean.register(DynamicRegistrationBean.java:111) - Filter webStatFilter was not registered (possibly already registered?)
[16:54:42:208] [INFO] - org.springframework.orm.jpa.LocalContainerEntityManagerFactoryBean.createNativeEntityManagerFactory(LocalContainerEntityManagerFactoryBean.java:361) - Building JPA container EntityManagerFactory for persistence unit 'default'
[16:54:42:208] [INFO] - org.hibernate.jpa.internal.util.LogHelper.logPersistenceUnitInformation(LogHelper.java:31) - HHH000204: Processing PersistenceUnitInfo [
	name: default
	...]
[16:54:42:242] [INFO] - com.alibaba.druid.pool.DruidDataSource.init(DruidDataSource.java:930) - {dataSource-3} inited
[16:54:42:243] [INFO] - org.hibernate.dialect.Dialect.<init>(Dialect.java:157) - HHH000400: Using dialect: org.hibernate.dialect.MySQL5Dialect
[16:54:42:277] [INFO] - org.springframework.orm.jpa.AbstractEntityManagerFactoryBean.buildNativeEntityManagerFactory(AbstractEntityManagerFactoryBean.java:415) - Initialized JPA EntityManagerFactory for persistence unit 'default'
[16:54:42:306] [INFO] - org.hibernate.hql.internal.QueryTranslatorFactoryInitiator.initiateService(QueryTranslatorFactoryInitiator.java:47) - HHH000397: Using ASTQueryTranslatorFactory
[16:54:42:339] [INFO] - org.springframework.web.servlet.handler.AbstractUrlHandlerMapping.registerHandler(AbstractUrlHandlerMapping.java:373) - Mapped URL path [/**/favicon.ico] onto handler of type [class org.springframework.web.servlet.resource.ResourceHttpRequestHandler]
[16:54:42:391] [INFO] - org.springframework.web.servlet.mvc.method.annotation.RequestMappingHandlerAdapter.initControllerAdviceCache(RequestMappingHandlerAdapter.java:574) - Looking for @ControllerAdvice: org.springframework.boot.web.servlet.context.AnnotationConfigServletWebServerApplicationContext@6cc4be19: startup date [Mon Nov 16 16:54:41 CST 2020]; root of context hierarchy
[16:54:42:395] [WARN] - org.springframework.boot.autoconfigure.orm.jpa.JpaBaseConfiguration$JpaWebConfiguration$JpaWebMvcConfiguration.openEntityManagerInViewInterceptor(JpaBaseConfiguration.java:235) - spring.jpa.open-in-view is enabled by default. Therefore, database queries may be performed during view rendering. Explicitly configure spring.jpa.open-in-view to disable this warning
[16:54:42:399] [INFO] - org.springframework.web.servlet.handler.AbstractHandlerMethodMapping$MappingRegistry.register(AbstractHandlerMethodMapping.java:547) - Mapped "{[/deleteCheckArtListIn/{aids}],methods=[DELETE]}" onto public com.jzx.blog.common.lang.Result com.jzx.blog.controller.ArticleController.deleteCheckArtList(java.lang.String)
[16:54:42:400] [INFO] - org.springframework.web.servlet.handler.AbstractHandlerMethodMapping$MappingRegistry.register(AbstractHandlerMethodMapping.java:547) - Mapped "{[/findAllPageArtList/{currentPage}/{pageSize}],methods=[GET]}" onto public com.jzx.blog.common.lang.Result com.jzx.blog.controller.ArticleController.findAllPageArtList(java.lang.Integer,java.lang.Integer)
[16:54:42:400] [INFO] - org.springframework.web.servlet.handler.AbstractHandlerMethodMapping$MappingRegistry.register(AbstractHandlerMethodMapping.java:547) - Mapped "{[/findAllPageArtList],methods=[GET]}" onto public com.jzx.blog.common.lang.Result com.jzx.blog.controller.ArticleController.findAllPageArtList()
[16:54:42:400] [INFO] - org.springframework.web.servlet.handler.AbstractHandlerMethodMapping$MappingRegistry.register(AbstractHandlerMethodMapping.java:547) - Mapped "{[/findAllArt],methods=[GET]}" onto public java.util.List<com.jzx.blog.domain.Article> com.jzx.blog.controller.ArticleController.findAllArt()
[16:54:42:400] [INFO] - org.springframework.web.servlet.handler.AbstractHandlerMethodMapping$MappingRegistry.register(AbstractHandlerMethodMapping.java:547) - Mapped "{[/findAllArtList],methods=[GET]}" onto public com.jzx.blog.common.lang.Result com.jzx.blog.controller.ArticleController.findAllArtList()
[16:54:42:400] [INFO] - org.springframework.web.servlet.handler.AbstractHandlerMethodMapping$MappingRegistry.register(AbstractHandlerMethodMapping.java:547) - Mapped "{[/saveMd],methods=[POST]}" onto public com.jzx.blog.common.lang.Result com.jzx.blog.controller.ArticleController.saveMd(java.util.HashMap<java.lang.String, java.lang.String>)
[16:54:42:401] [INFO] - org.springframework.web.servlet.handler.AbstractHandlerMethodMapping$MappingRegistry.register(AbstractHandlerMethodMapping.java:547) - Mapped "{[/uploadFile],methods=[POST]}" onto public com.jzx.blog.common.lang.Result com.jzx.blog.controller.ArticleController.uploadFile(org.springframework.web.multipart.MultipartFile,javax.servlet.http.HttpServletRequest)
[16:54:42:401] [INFO] - org.springframework.web.servlet.handler.AbstractHandlerMethodMapping$MappingRegistry.register(AbstractHandlerMethodMapping.java:547) - Mapped "{[/findAllPage/{currentPage}/{pageSize}],methods=[GET]}" onto public org.springframework.data.domain.Page<com.jzx.blog.domain.Article> com.jzx.blog.controller.ArticleController.findAllPage(java.lang.Integer,java.lang.Integer)
[16:54:42:401] [INFO] - org.springframework.web.servlet.handler.AbstractHandlerMethodMapping$MappingRegistry.register(AbstractHandlerMethodMapping.java:547) - Mapped "{[/test],methods=[GET]}" onto public com.jzx.blog.domain.Article com.jzx.blog.controller.ArticleController.tset()
[16:54:42:401] [INFO] - org.springframework.web.servlet.handler.AbstractHandlerMethodMapping$MappingRegistry.register(AbstractHandlerMethodMapping.java:547) - Mapped "{[/findOneArt/{AId}],methods=[GET]}" onto public com.jzx.blog.domain.Article com.jzx.blog.controller.ArticleController.findOneArt(java.lang.Long)
[16:54:42:401] [INFO] - org.springframework.web.servlet.handler.AbstractHandlerMethodMapping$MappingRegistry.register(AbstractHandlerMethodMapping.java:547) - Mapped "{[/getArtinfo/{aid}],methods=[GET]}" onto public com.jzx.blog.common.lang.Result com.jzx.blog.controller.ArticleController.getArtinfo(java.lang.Long)
[16:54:42:402] [INFO] - org.springframework.web.servlet.handler.AbstractHandlerMethodMapping$MappingRegistry.register(AbstractHandlerMethodMapping.java:547) - Mapped "{[/updMd],methods=[POST]}" onto public com.jzx.blog.common.lang.Result com.jzx.blog.controller.ArticleController.updMd(java.util.HashMap<java.lang.String, java.lang.String>)
[16:54:42:403] [INFO] - org.springframework.web.servlet.handler.AbstractHandlerMethodMapping$MappingRegistry.register(AbstractHandlerMethodMapping.java:547) - Mapped "{[/findAllPageCateList/{currentPage}/{pageSize}],methods=[GET]}" onto public com.jzx.blog.common.lang.Result com.jzx.blog.controller.CategoryController.findAllPageCateList(java.lang.Integer,java.lang.Integer)
[16:54:42:403] [INFO] - org.springframework.web.servlet.handler.AbstractHandlerMethodMapping$MappingRegistry.register(AbstractHandlerMethodMapping.java:547) - Mapped "{[/updCateInfo],methods=[POST]}" onto public com.jzx.blog.common.lang.Result com.jzx.blog.controller.CategoryController.updCateInfo(com.jzx.blog.domain.Category)
[16:54:42:403] [INFO] - org.springframework.web.servlet.handler.AbstractHandlerMethodMapping$MappingRegistry.register(AbstractHandlerMethodMapping.java:547) - Mapped "{[/delCate/{cid}],methods=[DELETE]}" onto public com.jzx.blog.common.lang.Result com.jzx.blog.controller.CategoryController.delCate(java.lang.Long)
[16:54:42:403] [INFO] - org.springframework.web.servlet.handler.AbstractHandlerMethodMapping$MappingRegistry.register(AbstractHandlerMethodMapping.java:547) - Mapped "{[/getCateinfoByCid/{cid}],methods=[GET]}" onto public com.jzx.blog.common.lang.Result com.jzx.blog.controller.CategoryController.getCateinfoByCid(java.lang.Long)
[16:54:42:404] [INFO] - org.springframework.web.servlet.handler.AbstractHandlerMethodMapping$MappingRegistry.register(AbstractHandlerMethodMapping.java:547) - Mapped "{[/saveCate],methods=[POST]}" onto public com.jzx.blog.common.lang.Result com.jzx.blog.controller.CategoryController.saveCate(com.jzx.blog.domain.Category)
[16:54:42:406] [INFO] - org.springframework.web.servlet.handler.AbstractHandlerMethodMapping$MappingRegistry.register(AbstractHandlerMethodMapping.java:547) - Mapped "{[/error]}" onto public org.springframework.http.ResponseEntity<java.util.Map<java.lang.String, java.lang.Object>> org.springframework.boot.autoconfigure.web.servlet.error.BasicErrorController.error(javax.servlet.http.HttpServletRequest)
[16:54:42:406] [INFO] - org.springframework.web.servlet.handler.AbstractHandlerMethodMapping$MappingRegistry.register(AbstractHandlerMethodMapping.java:547) - Mapped "{[/error],produces=[text/html]}" onto public org.springframework.web.servlet.ModelAndView org.springframework.boot.autoconfigure.web.servlet.error.BasicErrorController.errorHtml(javax.servlet.http.HttpServletRequest,javax.servlet.http.HttpServletResponse)
[16:54:42:412] [INFO] - org.springframework.web.servlet.handler.AbstractUrlHandlerMapping.registerHandler(AbstractUrlHandlerMapping.java:360) - Root mapping to handler of type [class org.springframework.web.servlet.mvc.ParameterizableViewController]
[16:54:42:413] [INFO] - org.springframework.web.servlet.handler.AbstractUrlHandlerMapping.registerHandler(AbstractUrlHandlerMapping.java:373) - Mapped URL path [/index.html] onto handler of type [class org.springframework.web.servlet.mvc.ParameterizableViewController]
[16:54:42:413] [INFO] - org.springframework.web.servlet.handler.AbstractUrlHandlerMapping.registerHandler(AbstractUrlHandlerMapping.java:373) - Mapped URL path [/login] onto handler of type [class org.springframework.web.servlet.mvc.ParameterizableViewController]
[16:54:42:415] [INFO] - org.springframework.web.servlet.handler.AbstractUrlHandlerMapping.registerHandler(AbstractUrlHandlerMapping.java:373) - Mapped URL path [/webjars/**] onto handler of type [class org.springframework.web.servlet.resource.ResourceHttpRequestHandler]
[16:54:42:416] [INFO] - org.springframework.web.servlet.handler.AbstractUrlHandlerMapping.registerHandler(AbstractUrlHandlerMapping.java:373) - Mapped URL path [/**] onto handler of type [class org.springframework.web.servlet.resource.ResourceHttpRequestHandler]
[16:54:42:416] [INFO] - org.springframework.web.servlet.handler.AbstractUrlHandlerMapping.registerHandler(AbstractUrlHandlerMapping.java:373) - Mapped URL path [/files/ArtUpload/**] onto handler of type [class org.springframework.web.servlet.resource.ResourceHttpRequestHandler]
[16:54:42:438] [INFO] - org.springframework.boot.autoconfigure.web.servlet.WelcomePageHandlerMapping.<init>(WelcomePageHandlerMapping.java:56) - Adding welcome page: class path resource [static/index.html]
[16:54:42:484] [INFO] - org.springframework.boot.devtools.autoconfigure.OptionalLiveReloadServer.startServer(OptionalLiveReloadServer.java:57) - LiveReload server is running on port 35729
[16:54:42:504] [INFO] - org.springframework.jmx.export.MBeanExporter.afterSingletonsInstantiated(MBeanExporter.java:433) - Registering beans for JMX exposure on startup
[16:54:42:505] [INFO] - org.springframework.jmx.export.MBeanExporter.autodetect(MBeanExporter.java:895) - Bean with name 'springDruidDataSource' has been autodetected for JMX exposure
[16:54:42:505] [INFO] - org.springframework.jmx.export.MBeanExporter.autodetect(MBeanExporter.java:895) - Bean with name 'statFilter' has been autodetected for JMX exposure
[16:54:42:507] [INFO] - org.springframework.jmx.export.MBeanExporter.registerBeanInstance(MBeanExporter.java:668) - Located MBean 'springDruidDataSource': registering with JMX server as MBean [com.alibaba.druid.pool:name=springDruidDataSource,type=DruidDataSource]
[16:54:42:508] [INFO] - org.springframework.jmx.export.MBeanExporter.registerBeanInstance(MBeanExporter.java:668) - Located MBean 'statFilter': registering with JMX server as MBean [com.alibaba.druid.filter.stat:name=statFilter,type=StatFilter]
[16:54:42:511] [INFO] - org.apache.juli.logging.DirectJDKLog.log(DirectJDKLog.java:180) - Starting ProtocolHandler ["http-nio-8088"]
[16:54:42:512] [INFO] - org.apache.juli.logging.DirectJDKLog.log(DirectJDKLog.java:180) - Using a shared selector for servlet write/read
[16:54:42:514] [INFO] - org.springframework.boot.web.embedded.tomcat.TomcatWebServer.start(TomcatWebServer.java:206) - Tomcat started on port(s): 8088 (http) with context path ''
[16:54:42:515] [INFO] - org.springframework.boot.StartupInfoLogger.logStarted(StartupInfoLogger.java:59) - Started BlogApplication in 0.902 seconds (JVM running for 96.024)
[16:54:42:518] [INFO] - org.springframework.boot.devtools.autoconfigure.ConditionEvaluationDeltaLoggingListener.onApplicationEvent(ConditionEvaluationDeltaLoggingListener.java:56) - Condition evaluation unchanged
[16:55:06:101] [INFO] - org.apache.juli.logging.DirectJDKLog.log(DirectJDKLog.java:180) - Initializing Spring FrameworkServlet 'dispatcherServlet'
[16:55:06:101] [INFO] - org.springframework.web.servlet.FrameworkServlet.initServletBean(FrameworkServlet.java:494) - FrameworkServlet 'dispatcherServlet': initialization started
[16:55:06:113] [INFO] - org.springframework.web.servlet.FrameworkServlet.initServletBean(FrameworkServlet.java:509) - FrameworkServlet 'dispatcherServlet': initialization completed in 12 ms
[16:55:06:349] [DEBUG] - org.hibernate.engine.jdbc.spi.SqlStatementLogger.logStatement(SqlStatementLogger.java:92) - select article0_.aid as aid1_0_, article0_.acontent as acontent2_0_, article0_.aname as aname3_0_, article0_.artime as artime4_0_ from b_article article0_ limit ?
[16:55:40:146] [DEBUG] - org.hibernate.engine.jdbc.spi.SqlStatementLogger.logStatement(SqlStatementLogger.java:92) - select article0_.aid as aid1_0_, article0_.acontent as acontent2_0_, article0_.aname as aname3_0_, article0_.artime as artime4_0_ from b_article article0_ limit ?
[16:55:43:099] [DEBUG] - org.hibernate.engine.jdbc.spi.SqlStatementLogger.logStatement(SqlStatementLogger.java:92) - select category0_.cid as cid1_1_, category0_.cname as cname2_1_ from b_category category0_ limit ?
[16:55:43:109] [DEBUG] - org.hibernate.engine.jdbc.spi.SqlStatementLogger.logStatement(SqlStatementLogger.java:92) - select count(category0_.cid) as col_0_0_ from b_category category0_
[16:55:45:385] [DEBUG] - org.hibernate.engine.jdbc.spi.SqlStatementLogger.logStatement(SqlStatementLogger.java:92) - select article0_.aid as aid1_0_, article0_.acontent as acontent2_0_, article0_.aname as aname3_0_, article0_.artime as artime4_0_ from b_article article0_ limit ?
[17:06:19:046] [DEBUG] - org.hibernate.engine.jdbc.spi.SqlStatementLogger.logStatement(SqlStatementLogger.java:92) - select category0_.cid as cid1_1_, category0_.cname as cname2_1_ from b_category category0_ limit ?
[17:06:19:049] [DEBUG] - org.hibernate.engine.jdbc.spi.SqlStatementLogger.logStatement(SqlStatementLogger.java:92) - select count(category0_.cid) as col_0_0_ from b_category category0_
[17:06:20:634] [DEBUG] - org.hibernate.engine.jdbc.spi.SqlStatementLogger.logStatement(SqlStatementLogger.java:92) - select article0_.aid as aid1_0_, article0_.acontent as acontent2_0_, article0_.aname as aname3_0_, article0_.artime as artime4_0_ from b_article article0_ limit ?
