[04:57:23:794] [INFO] - org.springframework.boot.StartupInfoLogger.logStarting(StartupInfoLogger.java:50) - Starting BlogApplication on DESKTOP-52NRVFL with PID 4412 (D:\IdeaProjects\blog\target\classes started by jzx in D:\IdeaProjects\blog)
[04:57:23:846] [INFO] - org.springframework.boot.SpringApplication.logStartupProfileInfo(SpringApplication.java:659) - No active profile set, falling back to default profiles: default
[04:57:23:894] [INFO] - org.springframework.context.support.AbstractApplicationContext.prepareRefresh(AbstractApplicationContext.java:590) - Refreshing org.springframework.boot.web.servlet.context.AnnotationConfigServletWebServerApplicationContext@70d6486: startup date [Sun Nov 08 04:57:23 CST 2020]; root of context hierarchy
[04:57:24:961] [INFO] - org.springframework.context.support.PostProcessorRegistrationDelegate$BeanPostProcessorChecker.postProcessAfterInitialization(PostProcessorRegistrationDelegate.java:328) - Bean 'org.springframework.transaction.annotation.ProxyTransactionManagementConfiguration' of type [org.springframework.transaction.annotation.ProxyTransactionManagementConfiguration$$EnhancerBySpringCGLIB$$fa95f5ba] is not eligible for getting processed by all BeanPostProcessors (for example: not eligible for auto-proxying)
[04:57:25:260] [INFO] - org.springframework.boot.web.embedded.tomcat.TomcatWebServer.initialize(TomcatWebServer.java:91) - Tomcat initialized with port(s): 8088 (http)
[04:57:25:328] [INFO] - org.apache.juli.logging.DirectJDKLog.log(DirectJDKLog.java:180) - Initializing ProtocolHandler ["http-nio-8088"]
[04:57:25:339] [INFO] - org.apache.juli.logging.DirectJDKLog.log(DirectJDKLog.java:180) - Starting service [Tomcat]
[04:57:25:340] [INFO] - org.apache.juli.logging.DirectJDKLog.log(DirectJDKLog.java:180) - Starting Servlet Engine: Apache Tomcat/8.5.29
[04:57:25:343] [INFO] - org.apache.juli.logging.DirectJDKLog.log(DirectJDKLog.java:180) - The APR based Apache Tomcat Native library which allows optimal performance in production environments was not found on the java.library.path: [C:\Program Files\Java\jdk1.8.0_271\bin;C:\WINDOWS\Sun\Java\bin;C:\WINDOWS\system32;C:\WINDOWS;C:\Program Files (x86)\Common Files\Oracle\Java\javapath;C:\WINDOWS\system32;C:\WINDOWS;C:\WINDOWS\System32\Wbem;C:\WINDOWS\System32\WindowsPowerShell\v1.0\;C:\WINDOWS\System32\OpenSSH\;%JAVA_HOME%\bin;%JAVA_HOME%\jre\bin;%MYSQL_HOME%\bin;C:\Program Files\nodejs\;D:\Program Files\TortoiseGit\bin;C:\Users\jzx\AppData\Local\Microsoft\WindowsApps;C:\Program Files\nodejs\node_global;;.]
[04:57:25:415] [INFO] - org.apache.juli.logging.DirectJDKLog.log(DirectJDKLog.java:180) - Initializing Spring embedded WebApplicationContext
[04:57:25:415] [INFO] - org.springframework.boot.web.servlet.context.ServletWebServerApplicationContext.prepareWebApplicationContext(ServletWebServerApplicationContext.java:285) - Root WebApplicationContext: initialization completed in 1521 ms
[04:57:25:425] [INFO] - com.jzx.blog.config.DruidConfiguration.druidServlet(DruidConfiguration.java:20) - init Druid Servlet Configuration 
[04:57:25:533] [INFO] - org.springframework.boot.web.servlet.ServletRegistrationBean.addRegistration(ServletRegistrationBean.java:185) - Servlet statViewServlet mapped to [/druid/*]
[04:57:25:534] [INFO] - org.springframework.boot.web.servlet.ServletRegistrationBean.addRegistration(ServletRegistrationBean.java:185) - Servlet dispatcherServlet mapped to [/]
[04:57:25:535] [INFO] - org.springframework.boot.web.servlet.ServletRegistrationBean.addRegistration(ServletRegistrationBean.java:185) - Servlet statViewServlet mapped to [/druid/*]
[04:57:25:535] [INFO] - org.springframework.boot.web.servlet.DynamicRegistrationBean.register(DynamicRegistrationBean.java:111) - Servlet statViewServlet was not registered (possibly already registered?)
[04:57:25:537] [INFO] - org.springframework.boot.web.servlet.AbstractFilterRegistrationBean.configure(AbstractFilterRegistrationBean.java:244) - Mapping filter: 'characterEncodingFilter' to: [/*]
[04:57:25:538] [INFO] - org.springframework.boot.web.servlet.AbstractFilterRegistrationBean.configure(AbstractFilterRegistrationBean.java:244) - Mapping filter: 'hiddenHttpMethodFilter' to: [/*]
[04:57:25:538] [INFO] - org.springframework.boot.web.servlet.AbstractFilterRegistrationBean.configure(AbstractFilterRegistrationBean.java:244) - Mapping filter: 'httpPutFormContentFilter' to: [/*]
[04:57:25:538] [INFO] - org.springframework.boot.web.servlet.AbstractFilterRegistrationBean.configure(AbstractFilterRegistrationBean.java:244) - Mapping filter: 'requestContextFilter' to: [/*]
[04:57:25:538] [INFO] - org.springframework.boot.web.servlet.AbstractFilterRegistrationBean.configure(AbstractFilterRegistrationBean.java:257) - Mapping filter: 'webStatFilter' to urls: [/*]
[04:57:25:539] [INFO] - org.springframework.boot.web.servlet.DynamicRegistrationBean.register(DynamicRegistrationBean.java:111) - Filter webStatFilter was not registered (possibly already registered?)
[04:57:25:683] [INFO] - org.springframework.orm.jpa.LocalContainerEntityManagerFactoryBean.createNativeEntityManagerFactory(LocalContainerEntityManagerFactoryBean.java:361) - Building JPA container EntityManagerFactory for persistence unit 'default'
[04:57:25:691] [INFO] - org.hibernate.jpa.internal.util.LogHelper.logPersistenceUnitInformation(LogHelper.java:31) - HHH000204: Processing PersistenceUnitInfo [
	name: default
	...]
[04:57:25:732] [INFO] - org.hibernate.Version.logVersion(Version.java:45) - HHH000412: Hibernate Core {5.2.16.Final}
[04:57:25:733] [INFO] - org.hibernate.cfg.Environment.<clinit>(Environment.java:213) - HHH000206: hibernate.properties not found
[04:57:25:757] [INFO] - org.hibernate.annotations.common.reflection.java.JavaReflectionManager.<clinit>(JavaReflectionManager.java:66) - HCANN000001: Hibernate Commons Annotations {5.0.1.Final}
[04:57:26:109] [INFO] - com.alibaba.druid.pool.DruidDataSource.init(DruidDataSource.java:930) - {dataSource-1} inited
[04:57:26:115] [INFO] - org.hibernate.dialect.Dialect.<init>(Dialect.java:157) - HHH000400: Using dialect: org.hibernate.dialect.MySQL5Dialect
[04:57:26:486] [INFO] - org.springframework.orm.jpa.AbstractEntityManagerFactoryBean.buildNativeEntityManagerFactory(AbstractEntityManagerFactoryBean.java:415) - Initialized JPA EntityManagerFactory for persistence unit 'default'
[04:57:26:662] [INFO] - org.hibernate.hql.internal.QueryTranslatorFactoryInitiator.initiateService(QueryTranslatorFactoryInitiator.java:47) - HHH000397: Using ASTQueryTranslatorFactory
[04:57:26:782] [INFO] - org.springframework.web.servlet.handler.AbstractUrlHandlerMapping.registerHandler(AbstractUrlHandlerMapping.java:373) - Mapped URL path [/**/favicon.ico] onto handler of type [class org.springframework.web.servlet.resource.ResourceHttpRequestHandler]
[04:57:26:939] [INFO] - org.springframework.web.servlet.mvc.method.annotation.RequestMappingHandlerAdapter.initControllerAdviceCache(RequestMappingHandlerAdapter.java:574) - Looking for @ControllerAdvice: org.springframework.boot.web.servlet.context.AnnotationConfigServletWebServerApplicationContext@70d6486: startup date [Sun Nov 08 04:57:23 CST 2020]; root of context hierarchy
[04:57:26:958] [WARN] - org.springframework.boot.autoconfigure.orm.jpa.JpaBaseConfiguration$JpaWebConfiguration$JpaWebMvcConfiguration.openEntityManagerInViewInterceptor(JpaBaseConfiguration.java:235) - spring.jpa.open-in-view is enabled by default. Therefore, database queries may be performed during view rendering. Explicitly configure spring.jpa.open-in-view to disable this warning
[04:57:26:985] [INFO] - org.springframework.web.servlet.handler.AbstractHandlerMethodMapping$MappingRegistry.register(AbstractHandlerMethodMapping.java:547) - Mapped "{[/deleteCheckArtListIn/{aids}],methods=[DELETE]}" onto public com.jzx.blog.common.lang.Result com.jzx.blog.controller.ArticleController.deleteCheckArtList(java.lang.String)
[04:57:26:986] [INFO] - org.springframework.web.servlet.handler.AbstractHandlerMethodMapping$MappingRegistry.register(AbstractHandlerMethodMapping.java:547) - Mapped "{[/findAllPageArtList],methods=[GET]}" onto public com.jzx.blog.common.lang.Result com.jzx.blog.controller.ArticleController.findAllPageArtList()
[04:57:26:986] [INFO] - org.springframework.web.servlet.handler.AbstractHandlerMethodMapping$MappingRegistry.register(AbstractHandlerMethodMapping.java:547) - Mapped "{[/findAllPageArtList/{currentPage}/{pageSize}],methods=[GET]}" onto public com.jzx.blog.common.lang.Result com.jzx.blog.controller.ArticleController.findAllPageArtList(java.lang.Integer,java.lang.Integer)
[04:57:26:986] [INFO] - org.springframework.web.servlet.handler.AbstractHandlerMethodMapping$MappingRegistry.register(AbstractHandlerMethodMapping.java:547) - Mapped "{[/updMd],methods=[POST]}" onto public com.jzx.blog.common.lang.Result com.jzx.blog.controller.ArticleController.updMd(java.util.HashMap<java.lang.String, java.lang.String>)
[04:57:26:987] [INFO] - org.springframework.web.servlet.handler.AbstractHandlerMethodMapping$MappingRegistry.register(AbstractHandlerMethodMapping.java:547) - Mapped "{[/findAllPage/{currentPage}/{pageSize}],methods=[GET]}" onto public org.springframework.data.domain.Page<com.jzx.blog.domain.Article> com.jzx.blog.controller.ArticleController.findAllPage(java.lang.Integer,java.lang.Integer)
[04:57:26:987] [INFO] - org.springframework.web.servlet.handler.AbstractHandlerMethodMapping$MappingRegistry.register(AbstractHandlerMethodMapping.java:547) - Mapped "{[/uploadFile],methods=[POST]}" onto public com.jzx.blog.common.lang.Result com.jzx.blog.controller.ArticleController.uploadFile(org.springframework.web.multipart.MultipartFile,javax.servlet.http.HttpServletRequest)
[04:57:26:987] [INFO] - org.springframework.web.servlet.handler.AbstractHandlerMethodMapping$MappingRegistry.register(AbstractHandlerMethodMapping.java:547) - Mapped "{[/findAllArtList],methods=[GET]}" onto public com.jzx.blog.common.lang.Result com.jzx.blog.controller.ArticleController.findAllArtList()
[04:57:26:988] [INFO] - org.springframework.web.servlet.handler.AbstractHandlerMethodMapping$MappingRegistry.register(AbstractHandlerMethodMapping.java:547) - Mapped "{[/saveMd],methods=[POST]}" onto public com.jzx.blog.common.lang.Result com.jzx.blog.controller.ArticleController.saveMd(java.util.HashMap<java.lang.String, java.lang.String>)
[04:57:26:988] [INFO] - org.springframework.web.servlet.handler.AbstractHandlerMethodMapping$MappingRegistry.register(AbstractHandlerMethodMapping.java:547) - Mapped "{[/findAllArt],methods=[GET]}" onto public java.util.List<com.jzx.blog.domain.Article> com.jzx.blog.controller.ArticleController.findAllArt()
[04:57:26:988] [INFO] - org.springframework.web.servlet.handler.AbstractHandlerMethodMapping$MappingRegistry.register(AbstractHandlerMethodMapping.java:547) - Mapped "{[/findOneArt/{AId}],methods=[GET]}" onto public com.jzx.blog.domain.Article com.jzx.blog.controller.ArticleController.findOneArt(java.lang.Long)
[04:57:26:988] [INFO] - org.springframework.web.servlet.handler.AbstractHandlerMethodMapping$MappingRegistry.register(AbstractHandlerMethodMapping.java:547) - Mapped "{[/test],methods=[GET]}" onto public com.jzx.blog.domain.Article com.jzx.blog.controller.ArticleController.tset()
[04:57:26:989] [INFO] - org.springframework.web.servlet.handler.AbstractHandlerMethodMapping$MappingRegistry.register(AbstractHandlerMethodMapping.java:547) - Mapped "{[/getArtinfo/{aid}],methods=[GET]}" onto public com.jzx.blog.common.lang.Result com.jzx.blog.controller.ArticleController.getArtinfo(java.lang.Long)
[04:57:26:990] [INFO] - org.springframework.web.servlet.handler.AbstractHandlerMethodMapping$MappingRegistry.register(AbstractHandlerMethodMapping.java:547) - Mapped "{[/findAllPageCateList/{currentPage}/{pageSize}],methods=[GET]}" onto public com.jzx.blog.common.lang.Result com.jzx.blog.controller.CategoryController.findAllPageCateList(java.lang.Integer,java.lang.Integer)
[04:57:26:990] [INFO] - org.springframework.web.servlet.handler.AbstractHandlerMethodMapping$MappingRegistry.register(AbstractHandlerMethodMapping.java:547) - Mapped "{[/saveCate],methods=[POST]}" onto public com.jzx.blog.common.lang.Result com.jzx.blog.controller.CategoryController.saveCate(com.jzx.blog.domain.Category)
[04:57:26:990] [INFO] - org.springframework.web.servlet.handler.AbstractHandlerMethodMapping$MappingRegistry.register(AbstractHandlerMethodMapping.java:547) - Mapped "{[/updCateInfo],methods=[POST]}" onto public com.jzx.blog.common.lang.Result com.jzx.blog.controller.CategoryController.updCateInfo(com.jzx.blog.domain.Category)
[04:57:26:991] [INFO] - org.springframework.web.servlet.handler.AbstractHandlerMethodMapping$MappingRegistry.register(AbstractHandlerMethodMapping.java:547) - Mapped "{[/delCate/{cid}],methods=[DELETE]}" onto public com.jzx.blog.common.lang.Result com.jzx.blog.controller.CategoryController.delCate(java.lang.Long)
[04:57:26:991] [INFO] - org.springframework.web.servlet.handler.AbstractHandlerMethodMapping$MappingRegistry.register(AbstractHandlerMethodMapping.java:547) - Mapped "{[/getCateinfoByCid/{cid}],methods=[GET]}" onto public com.jzx.blog.common.lang.Result com.jzx.blog.controller.CategoryController.getCateinfoByCid(java.lang.Long)
[04:57:26:992] [INFO] - org.springframework.web.servlet.handler.AbstractHandlerMethodMapping$MappingRegistry.register(AbstractHandlerMethodMapping.java:547) - Mapped "{[/error]}" onto public org.springframework.http.ResponseEntity<java.util.Map<java.lang.String, java.lang.Object>> org.springframework.boot.autoconfigure.web.servlet.error.BasicErrorController.error(javax.servlet.http.HttpServletRequest)
[04:57:26:993] [INFO] - org.springframework.web.servlet.handler.AbstractHandlerMethodMapping$MappingRegistry.register(AbstractHandlerMethodMapping.java:547) - Mapped "{[/error],produces=[text/html]}" onto public org.springframework.web.servlet.ModelAndView org.springframework.boot.autoconfigure.web.servlet.error.BasicErrorController.errorHtml(javax.servlet.http.HttpServletRequest,javax.servlet.http.HttpServletResponse)
[04:57:27:000] [INFO] - org.springframework.web.servlet.handler.AbstractUrlHandlerMapping.registerHandler(AbstractUrlHandlerMapping.java:360) - Root mapping to handler of type [class org.springframework.web.servlet.mvc.ParameterizableViewController]
[04:57:27:001] [INFO] - org.springframework.web.servlet.handler.AbstractUrlHandlerMapping.registerHandler(AbstractUrlHandlerMapping.java:373) - Mapped URL path [/index.html] onto handler of type [class org.springframework.web.servlet.mvc.ParameterizableViewController]
[04:57:27:001] [INFO] - org.springframework.web.servlet.handler.AbstractUrlHandlerMapping.registerHandler(AbstractUrlHandlerMapping.java:373) - Mapped URL path [/login] onto handler of type [class org.springframework.web.servlet.mvc.ParameterizableViewController]
[04:57:27:010] [INFO] - org.springframework.web.servlet.handler.AbstractUrlHandlerMapping.registerHandler(AbstractUrlHandlerMapping.java:373) - Mapped URL path [/webjars/**] onto handler of type [class org.springframework.web.servlet.resource.ResourceHttpRequestHandler]
[04:57:27:010] [INFO] - org.springframework.web.servlet.handler.AbstractUrlHandlerMapping.registerHandler(AbstractUrlHandlerMapping.java:373) - Mapped URL path [/**] onto handler of type [class org.springframework.web.servlet.resource.ResourceHttpRequestHandler]
[04:57:27:010] [INFO] - org.springframework.web.servlet.handler.AbstractUrlHandlerMapping.registerHandler(AbstractUrlHandlerMapping.java:373) - Mapped URL path [/files/ArtUpload/**] onto handler of type [class org.springframework.web.servlet.resource.ResourceHttpRequestHandler]
[04:57:27:082] [INFO] - org.springframework.boot.autoconfigure.web.servlet.WelcomePageHandlerMapping.<init>(WelcomePageHandlerMapping.java:56) - Adding welcome page: class path resource [static/index.html]
[04:57:27:293] [INFO] - org.springframework.boot.devtools.autoconfigure.OptionalLiveReloadServer.startServer(OptionalLiveReloadServer.java:57) - LiveReload server is running on port 35729
[04:57:27:322] [INFO] - org.springframework.jmx.export.MBeanExporter.afterSingletonsInstantiated(MBeanExporter.java:433) - Registering beans for JMX exposure on startup
[04:57:27:323] [INFO] - org.springframework.jmx.export.MBeanExporter.autodetect(MBeanExporter.java:895) - Bean with name 'springDruidDataSource' has been autodetected for JMX exposure
[04:57:27:323] [INFO] - org.springframework.jmx.export.MBeanExporter.autodetect(MBeanExporter.java:895) - Bean with name 'statFilter' has been autodetected for JMX exposure
[04:57:27:327] [INFO] - org.springframework.jmx.export.MBeanExporter.registerBeanInstance(MBeanExporter.java:668) - Located MBean 'springDruidDataSource': registering with JMX server as MBean [com.alibaba.druid.pool:name=springDruidDataSource,type=DruidDataSource]
[04:57:27:327] [INFO] - org.springframework.jmx.export.MBeanExporter.registerBeanInstance(MBeanExporter.java:668) - Located MBean 'statFilter': registering with JMX server as MBean [com.alibaba.druid.filter.stat:name=statFilter,type=StatFilter]
[04:57:27:335] [INFO] - org.apache.juli.logging.DirectJDKLog.log(DirectJDKLog.java:180) - Starting ProtocolHandler ["http-nio-8088"]
[04:57:27:341] [INFO] - org.apache.juli.logging.DirectJDKLog.log(DirectJDKLog.java:180) - Using a shared selector for servlet write/read
[04:57:27:352] [INFO] - org.springframework.boot.web.embedded.tomcat.TomcatWebServer.start(TomcatWebServer.java:206) - Tomcat started on port(s): 8088 (http) with context path ''
[04:57:27:354] [INFO] - org.springframework.boot.StartupInfoLogger.logStarted(StartupInfoLogger.java:59) - Started BlogApplication in 3.917 seconds (JVM running for 5.156)
[04:57:59:368] [INFO] - org.apache.juli.logging.DirectJDKLog.log(DirectJDKLog.java:180) - Initializing Spring FrameworkServlet 'dispatcherServlet'
[04:57:59:368] [INFO] - org.springframework.web.servlet.FrameworkServlet.initServletBean(FrameworkServlet.java:494) - FrameworkServlet 'dispatcherServlet': initialization started
[04:57:59:384] [INFO] - org.springframework.web.servlet.FrameworkServlet.initServletBean(FrameworkServlet.java:509) - FrameworkServlet 'dispatcherServlet': initialization completed in 16 ms
[04:57:59:428] [DEBUG] - org.hibernate.engine.jdbc.spi.SqlStatementLogger.logStatement(SqlStatementLogger.java:92) - select article0_.aid as aid1_0_, article0_.acontent as acontent2_0_, article0_.aname as aname3_0_, article0_.artime as artime4_0_ from b_article article0_ where article0_.aid=?
[04:57:59:626] [TRACE] - org.hibernate.type.descriptor.sql.BasicBinder.bind(BasicBinder.java:65) - binding parameter [1] as [BIGINT] - [1]
[04:58:09:947] [DEBUG] - org.hibernate.engine.jdbc.spi.SqlStatementLogger.logStatement(SqlStatementLogger.java:92) - select article0_.aid as aid1_0_, article0_.acontent as acontent2_0_, article0_.aname as aname3_0_, article0_.artime as artime4_0_ from b_article article0_ where article0_.aid=?
[04:58:09:948] [TRACE] - org.hibernate.type.descriptor.sql.BasicBinder.bind(BasicBinder.java:65) - binding parameter [1] as [BIGINT] - [55]
[04:58:14:582] [DEBUG] - org.hibernate.engine.jdbc.spi.SqlStatementLogger.logStatement(SqlStatementLogger.java:92) - select article0_.aid as aid1_0_, article0_.acontent as acontent2_0_, article0_.aname as aname3_0_, article0_.artime as artime4_0_ from b_article article0_ where article0_.aid=?
[04:58:14:583] [TRACE] - org.hibernate.type.descriptor.sql.BasicBinder.bind(BasicBinder.java:65) - binding parameter [1] as [BIGINT] - [10]
[04:58:45:229] [DEBUG] - org.hibernate.engine.jdbc.spi.SqlStatementLogger.logStatement(SqlStatementLogger.java:92) - select article0_.aid as aid1_0_, article0_.acontent as acontent2_0_, article0_.aname as aname3_0_, article0_.artime as artime4_0_ from b_article article0_ where article0_.aid=?
[04:58:45:231] [TRACE] - org.hibernate.type.descriptor.sql.BasicBinder.bind(BasicBinder.java:65) - binding parameter [1] as [BIGINT] - [1]
[04:59:13:254] [INFO] - org.springframework.context.support.AbstractApplicationContext.doClose(AbstractApplicationContext.java:993) - Closing org.springframework.boot.web.servlet.context.AnnotationConfigServletWebServerApplicationContext@70d6486: startup date [Sun Nov 08 04:57:23 CST 2020]; root of context hierarchy
[04:59:13:256] [INFO] - org.springframework.jmx.export.MBeanExporter.destroy(MBeanExporter.java:451) - Unregistering JMX-exposed beans on shutdown
[04:59:13:257] [INFO] - org.springframework.jmx.support.MBeanRegistrationSupport.unregisterBeans(MBeanRegistrationSupport.java:183) - Unregistering JMX-exposed beans
[04:59:13:258] [INFO] - org.springframework.orm.jpa.AbstractEntityManagerFactoryBean.destroy(AbstractEntityManagerFactoryBean.java:597) - Closing JPA EntityManagerFactory for persistence unit 'default'
[04:59:13:266] [INFO] - com.alibaba.druid.pool.DruidDataSource.close(DruidDataSource.java:1825) - {dataSource-1} closed
[04:59:13:942] [INFO] - org.springframework.boot.StartupInfoLogger.logStarting(StartupInfoLogger.java:50) - Starting BlogApplication on DESKTOP-52NRVFL with PID 4412 (D:\IdeaProjects\blog\target\classes started by jzx in D:\IdeaProjects\blog)
[04:59:13:942] [INFO] - org.springframework.boot.SpringApplication.logStartupProfileInfo(SpringApplication.java:659) - No active profile set, falling back to default profiles: default
[04:59:13:945] [INFO] - org.springframework.context.support.AbstractApplicationContext.prepareRefresh(AbstractApplicationContext.java:590) - Refreshing org.springframework.boot.web.servlet.context.AnnotationConfigServletWebServerApplicationContext@53b84b78: startup date [Sun Nov 08 04:59:13 CST 2020]; root of context hierarchy
[04:59:14:460] [INFO] - org.springframework.context.support.PostProcessorRegistrationDelegate$BeanPostProcessorChecker.postProcessAfterInitialization(PostProcessorRegistrationDelegate.java:328) - Bean 'org.springframework.transaction.annotation.ProxyTransactionManagementConfiguration' of type [org.springframework.transaction.annotation.ProxyTransactionManagementConfiguration$$EnhancerBySpringCGLIB$$fa95f5ba] is not eligible for getting processed by all BeanPostProcessors (for example: not eligible for auto-proxying)
[04:59:14:563] [INFO] - org.springframework.boot.web.embedded.tomcat.TomcatWebServer.initialize(TomcatWebServer.java:91) - Tomcat initialized with port(s): 8088 (http)
[04:59:14:564] [INFO] - org.apache.juli.logging.DirectJDKLog.log(DirectJDKLog.java:180) - Initializing ProtocolHandler ["http-nio-8088"]
[04:59:14:565] [INFO] - org.apache.juli.logging.DirectJDKLog.log(DirectJDKLog.java:180) - Starting service [Tomcat]
[04:59:14:565] [INFO] - org.apache.juli.logging.DirectJDKLog.log(DirectJDKLog.java:180) - Starting Servlet Engine: Apache Tomcat/8.5.29
[04:59:14:600] [INFO] - org.apache.juli.logging.DirectJDKLog.log(DirectJDKLog.java:180) - Initializing Spring embedded WebApplicationContext
[04:59:14:600] [INFO] - org.springframework.boot.web.servlet.context.ServletWebServerApplicationContext.prepareWebApplicationContext(ServletWebServerApplicationContext.java:285) - Root WebApplicationContext: initialization completed in 655 ms
[04:59:14:610] [INFO] - com.jzx.blog.config.DruidConfiguration.druidServlet(DruidConfiguration.java:20) - init Druid Servlet Configuration 
[04:59:14:640] [INFO] - org.springframework.boot.web.servlet.ServletRegistrationBean.addRegistration(ServletRegistrationBean.java:185) - Servlet statViewServlet mapped to [/druid/*]
[04:59:14:641] [INFO] - org.springframework.boot.web.servlet.ServletRegistrationBean.addRegistration(ServletRegistrationBean.java:185) - Servlet dispatcherServlet mapped to [/]
[04:59:14:641] [INFO] - org.springframework.boot.web.servlet.ServletRegistrationBean.addRegistration(ServletRegistrationBean.java:185) - Servlet statViewServlet mapped to [/druid/*]
[04:59:14:641] [INFO] - org.springframework.boot.web.servlet.DynamicRegistrationBean.register(DynamicRegistrationBean.java:111) - Servlet statViewServlet was not registered (possibly already registered?)
[04:59:14:641] [INFO] - org.springframework.boot.web.servlet.AbstractFilterRegistrationBean.configure(AbstractFilterRegistrationBean.java:244) - Mapping filter: 'characterEncodingFilter' to: [/*]
[04:59:14:642] [INFO] - org.springframework.boot.web.servlet.AbstractFilterRegistrationBean.configure(AbstractFilterRegistrationBean.java:244) - Mapping filter: 'hiddenHttpMethodFilter' to: [/*]
[04:59:14:642] [INFO] - org.springframework.boot.web.servlet.AbstractFilterRegistrationBean.configure(AbstractFilterRegistrationBean.java:244) - Mapping filter: 'httpPutFormContentFilter' to: [/*]
[04:59:14:642] [INFO] - org.springframework.boot.web.servlet.AbstractFilterRegistrationBean.configure(AbstractFilterRegistrationBean.java:244) - Mapping filter: 'requestContextFilter' to: [/*]
[04:59:14:643] [INFO] - org.springframework.boot.web.servlet.AbstractFilterRegistrationBean.configure(AbstractFilterRegistrationBean.java:257) - Mapping filter: 'webStatFilter' to urls: [/*]
[04:59:14:643] [INFO] - org.springframework.boot.web.servlet.DynamicRegistrationBean.register(DynamicRegistrationBean.java:111) - Filter webStatFilter was not registered (possibly already registered?)
[04:59:14:708] [INFO] - org.springframework.orm.jpa.LocalContainerEntityManagerFactoryBean.createNativeEntityManagerFactory(LocalContainerEntityManagerFactoryBean.java:361) - Building JPA container EntityManagerFactory for persistence unit 'default'
[04:59:14:710] [INFO] - org.hibernate.jpa.internal.util.LogHelper.logPersistenceUnitInformation(LogHelper.java:31) - HHH000204: Processing PersistenceUnitInfo [
	name: default
	...]
[04:59:14:749] [INFO] - com.alibaba.druid.pool.DruidDataSource.init(DruidDataSource.java:930) - {dataSource-2} inited
[04:59:14:750] [INFO] - org.hibernate.dialect.Dialect.<init>(Dialect.java:157) - HHH000400: Using dialect: org.hibernate.dialect.MySQL5Dialect
[04:59:14:789] [INFO] - org.springframework.orm.jpa.AbstractEntityManagerFactoryBean.buildNativeEntityManagerFactory(AbstractEntityManagerFactoryBean.java:415) - Initialized JPA EntityManagerFactory for persistence unit 'default'
[04:59:14:836] [INFO] - org.hibernate.hql.internal.QueryTranslatorFactoryInitiator.initiateService(QueryTranslatorFactoryInitiator.java:47) - HHH000397: Using ASTQueryTranslatorFactory
[04:59:14:883] [INFO] - org.springframework.web.servlet.handler.AbstractUrlHandlerMapping.registerHandler(AbstractUrlHandlerMapping.java:373) - Mapped URL path [/**/favicon.ico] onto handler of type [class org.springframework.web.servlet.resource.ResourceHttpRequestHandler]
[04:59:14:953] [INFO] - org.springframework.web.servlet.mvc.method.annotation.RequestMappingHandlerAdapter.initControllerAdviceCache(RequestMappingHandlerAdapter.java:574) - Looking for @ControllerAdvice: org.springframework.boot.web.servlet.context.AnnotationConfigServletWebServerApplicationContext@53b84b78: startup date [Sun Nov 08 04:59:13 CST 2020]; root of context hierarchy
[04:59:14:960] [WARN] - org.springframework.boot.autoconfigure.orm.jpa.JpaBaseConfiguration$JpaWebConfiguration$JpaWebMvcConfiguration.openEntityManagerInViewInterceptor(JpaBaseConfiguration.java:235) - spring.jpa.open-in-view is enabled by default. Therefore, database queries may be performed during view rendering. Explicitly configure spring.jpa.open-in-view to disable this warning
[04:59:14:971] [INFO] - org.springframework.web.servlet.handler.AbstractHandlerMethodMapping$MappingRegistry.register(AbstractHandlerMethodMapping.java:547) - Mapped "{[/deleteCheckArtListIn/{aids}],methods=[DELETE]}" onto public com.jzx.blog.common.lang.Result com.jzx.blog.controller.ArticleController.deleteCheckArtList(java.lang.String)
[04:59:14:971] [INFO] - org.springframework.web.servlet.handler.AbstractHandlerMethodMapping$MappingRegistry.register(AbstractHandlerMethodMapping.java:547) - Mapped "{[/findAllPageArtList],methods=[GET]}" onto public com.jzx.blog.common.lang.Result com.jzx.blog.controller.ArticleController.findAllPageArtList()
[04:59:14:972] [INFO] - org.springframework.web.servlet.handler.AbstractHandlerMethodMapping$MappingRegistry.register(AbstractHandlerMethodMapping.java:547) - Mapped "{[/findAllPageArtList/{currentPage}/{pageSize}],methods=[GET]}" onto public com.jzx.blog.common.lang.Result com.jzx.blog.controller.ArticleController.findAllPageArtList(java.lang.Integer,java.lang.Integer)
[04:59:14:972] [INFO] - org.springframework.web.servlet.handler.AbstractHandlerMethodMapping$MappingRegistry.register(AbstractHandlerMethodMapping.java:547) - Mapped "{[/updMd],methods=[POST]}" onto public com.jzx.blog.common.lang.Result com.jzx.blog.controller.ArticleController.updMd(java.util.HashMap<java.lang.String, java.lang.String>)
[04:59:14:973] [INFO] - org.springframework.web.servlet.handler.AbstractHandlerMethodMapping$MappingRegistry.register(AbstractHandlerMethodMapping.java:547) - Mapped "{[/findAllPage/{currentPage}/{pageSize}],methods=[GET]}" onto public org.springframework.data.domain.Page<com.jzx.blog.domain.Article> com.jzx.blog.controller.ArticleController.findAllPage(java.lang.Integer,java.lang.Integer)
[04:59:14:974] [INFO] - org.springframework.web.servlet.handler.AbstractHandlerMethodMapping$MappingRegistry.register(AbstractHandlerMethodMapping.java:547) - Mapped "{[/uploadFile],methods=[POST]}" onto public com.jzx.blog.common.lang.Result com.jzx.blog.controller.ArticleController.uploadFile(org.springframework.web.multipart.MultipartFile,javax.servlet.http.HttpServletRequest)
[04:59:14:974] [INFO] - org.springframework.web.servlet.handler.AbstractHandlerMethodMapping$MappingRegistry.register(AbstractHandlerMethodMapping.java:547) - Mapped "{[/findAllArtList],methods=[GET]}" onto public com.jzx.blog.common.lang.Result com.jzx.blog.controller.ArticleController.findAllArtList()
[04:59:14:975] [INFO] - org.springframework.web.servlet.handler.AbstractHandlerMethodMapping$MappingRegistry.register(AbstractHandlerMethodMapping.java:547) - Mapped "{[/saveMd],methods=[POST]}" onto public com.jzx.blog.common.lang.Result com.jzx.blog.controller.ArticleController.saveMd(java.util.HashMap<java.lang.String, java.lang.String>)
[04:59:14:976] [INFO] - org.springframework.web.servlet.handler.AbstractHandlerMethodMapping$MappingRegistry.register(AbstractHandlerMethodMapping.java:547) - Mapped "{[/findAllArt],methods=[GET]}" onto public java.util.List<com.jzx.blog.domain.Article> com.jzx.blog.controller.ArticleController.findAllArt()
[04:59:14:978] [INFO] - org.springframework.web.servlet.handler.AbstractHandlerMethodMapping$MappingRegistry.register(AbstractHandlerMethodMapping.java:547) - Mapped "{[/findOneArt/{AId}],methods=[GET]}" onto public com.jzx.blog.domain.Article com.jzx.blog.controller.ArticleController.findOneArt(java.lang.Long)
[04:59:14:979] [INFO] - org.springframework.web.servlet.handler.AbstractHandlerMethodMapping$MappingRegistry.register(AbstractHandlerMethodMapping.java:547) - Mapped "{[/test],methods=[GET]}" onto public com.jzx.blog.domain.Article com.jzx.blog.controller.ArticleController.tset()
[04:59:14:979] [INFO] - org.springframework.web.servlet.handler.AbstractHandlerMethodMapping$MappingRegistry.register(AbstractHandlerMethodMapping.java:547) - Mapped "{[/getArtinfo/{aid}],methods=[GET]}" onto public com.jzx.blog.common.lang.Result com.jzx.blog.controller.ArticleController.getArtinfo(java.lang.Long)
[04:59:14:981] [INFO] - org.springframework.web.servlet.handler.AbstractHandlerMethodMapping$MappingRegistry.register(AbstractHandlerMethodMapping.java:547) - Mapped "{[/findAllPageCateList/{currentPage}/{pageSize}],methods=[GET]}" onto public com.jzx.blog.common.lang.Result com.jzx.blog.controller.CategoryController.findAllPageCateList(java.lang.Integer,java.lang.Integer)
[04:59:14:981] [INFO] - org.springframework.web.servlet.handler.AbstractHandlerMethodMapping$MappingRegistry.register(AbstractHandlerMethodMapping.java:547) - Mapped "{[/saveCate],methods=[POST]}" onto public com.jzx.blog.common.lang.Result com.jzx.blog.controller.CategoryController.saveCate(com.jzx.blog.domain.Category)
[04:59:14:982] [INFO] - org.springframework.web.servlet.handler.AbstractHandlerMethodMapping$MappingRegistry.register(AbstractHandlerMethodMapping.java:547) - Mapped "{[/updCateInfo],methods=[POST]}" onto public com.jzx.blog.common.lang.Result com.jzx.blog.controller.CategoryController.updCateInfo(com.jzx.blog.domain.Category)
[04:59:14:982] [INFO] - org.springframework.web.servlet.handler.AbstractHandlerMethodMapping$MappingRegistry.register(AbstractHandlerMethodMapping.java:547) - Mapped "{[/delCate/{cid}],methods=[DELETE]}" onto public com.jzx.blog.common.lang.Result com.jzx.blog.controller.CategoryController.delCate(java.lang.Long)
[04:59:14:982] [INFO] - org.springframework.web.servlet.handler.AbstractHandlerMethodMapping$MappingRegistry.register(AbstractHandlerMethodMapping.java:547) - Mapped "{[/getCateinfoByCid/{cid}],methods=[GET]}" onto public com.jzx.blog.common.lang.Result com.jzx.blog.controller.CategoryController.getCateinfoByCid(java.lang.Long)
[04:59:14:984] [INFO] - org.springframework.web.servlet.handler.AbstractHandlerMethodMapping$MappingRegistry.register(AbstractHandlerMethodMapping.java:547) - Mapped "{[/error]}" onto public org.springframework.http.ResponseEntity<java.util.Map<java.lang.String, java.lang.Object>> org.springframework.boot.autoconfigure.web.servlet.error.BasicErrorController.error(javax.servlet.http.HttpServletRequest)
[04:59:14:984] [INFO] - org.springframework.web.servlet.handler.AbstractHandlerMethodMapping$MappingRegistry.register(AbstractHandlerMethodMapping.java:547) - Mapped "{[/error],produces=[text/html]}" onto public org.springframework.web.servlet.ModelAndView org.springframework.boot.autoconfigure.web.servlet.error.BasicErrorController.errorHtml(javax.servlet.http.HttpServletRequest,javax.servlet.http.HttpServletResponse)
[04:59:14:991] [INFO] - org.springframework.web.servlet.handler.AbstractUrlHandlerMapping.registerHandler(AbstractUrlHandlerMapping.java:360) - Root mapping to handler of type [class org.springframework.web.servlet.mvc.ParameterizableViewController]
[04:59:14:991] [INFO] - org.springframework.web.servlet.handler.AbstractUrlHandlerMapping.registerHandler(AbstractUrlHandlerMapping.java:373) - Mapped URL path [/index.html] onto handler of type [class org.springframework.web.servlet.mvc.ParameterizableViewController]
[04:59:14:992] [INFO] - org.springframework.web.servlet.handler.AbstractUrlHandlerMapping.registerHandler(AbstractUrlHandlerMapping.java:373) - Mapped URL path [/login] onto handler of type [class org.springframework.web.servlet.mvc.ParameterizableViewController]
[04:59:14:996] [INFO] - org.springframework.web.servlet.handler.AbstractUrlHandlerMapping.registerHandler(AbstractUrlHandlerMapping.java:373) - Mapped URL path [/webjars/**] onto handler of type [class org.springframework.web.servlet.resource.ResourceHttpRequestHandler]
[04:59:14:996] [INFO] - org.springframework.web.servlet.handler.AbstractUrlHandlerMapping.registerHandler(AbstractUrlHandlerMapping.java:373) - Mapped URL path [/**] onto handler of type [class org.springframework.web.servlet.resource.ResourceHttpRequestHandler]
[04:59:14:996] [INFO] - org.springframework.web.servlet.handler.AbstractUrlHandlerMapping.registerHandler(AbstractUrlHandlerMapping.java:373) - Mapped URL path [/files/ArtUpload/**] onto handler of type [class org.springframework.web.servlet.resource.ResourceHttpRequestHandler]
[04:59:15:024] [INFO] - org.springframework.boot.autoconfigure.web.servlet.WelcomePageHandlerMapping.<init>(WelcomePageHandlerMapping.java:56) - Adding welcome page: class path resource [static/index.html]
[04:59:15:080] [INFO] - org.springframework.boot.devtools.autoconfigure.OptionalLiveReloadServer.startServer(OptionalLiveReloadServer.java:57) - LiveReload server is running on port 35729
[04:59:15:103] [INFO] - org.springframework.jmx.export.MBeanExporter.afterSingletonsInstantiated(MBeanExporter.java:433) - Registering beans for JMX exposure on startup
[04:59:15:104] [INFO] - org.springframework.jmx.export.MBeanExporter.autodetect(MBeanExporter.java:895) - Bean with name 'springDruidDataSource' has been autodetected for JMX exposure
[04:59:15:104] [INFO] - org.springframework.jmx.export.MBeanExporter.autodetect(MBeanExporter.java:895) - Bean with name 'statFilter' has been autodetected for JMX exposure
[04:59:15:108] [INFO] - org.springframework.jmx.export.MBeanExporter.registerBeanInstance(MBeanExporter.java:668) - Located MBean 'springDruidDataSource': registering with JMX server as MBean [com.alibaba.druid.pool:name=springDruidDataSource,type=DruidDataSource]
[04:59:15:109] [INFO] - org.springframework.jmx.export.MBeanExporter.registerBeanInstance(MBeanExporter.java:668) - Located MBean 'statFilter': registering with JMX server as MBean [com.alibaba.druid.filter.stat:name=statFilter,type=StatFilter]
[04:59:15:114] [INFO] - org.apache.juli.logging.DirectJDKLog.log(DirectJDKLog.java:180) - Starting ProtocolHandler ["http-nio-8088"]
[04:59:15:116] [INFO] - org.apache.juli.logging.DirectJDKLog.log(DirectJDKLog.java:180) - Using a shared selector for servlet write/read
[04:59:15:120] [INFO] - org.springframework.boot.web.embedded.tomcat.TomcatWebServer.start(TomcatWebServer.java:206) - Tomcat started on port(s): 8088 (http) with context path ''
[04:59:15:121] [INFO] - org.springframework.boot.StartupInfoLogger.logStarted(StartupInfoLogger.java:59) - Started BlogApplication in 1.22 seconds (JVM running for 112.923)
[04:59:15:124] [INFO] - org.springframework.boot.devtools.autoconfigure.ConditionEvaluationDeltaLoggingListener.onApplicationEvent(ConditionEvaluationDeltaLoggingListener.java:56) - Condition evaluation unchanged
[04:59:15:278] [INFO] - org.apache.juli.logging.DirectJDKLog.log(DirectJDKLog.java:180) - Initializing Spring FrameworkServlet 'dispatcherServlet'
[04:59:15:278] [INFO] - org.springframework.web.servlet.FrameworkServlet.initServletBean(FrameworkServlet.java:494) - FrameworkServlet 'dispatcherServlet': initialization started
[04:59:15:280] [INFO] - org.springframework.web.servlet.FrameworkServlet.initServletBean(FrameworkServlet.java:509) - FrameworkServlet 'dispatcherServlet': initialization completed in 2 ms
[04:59:15:285] [DEBUG] - org.hibernate.engine.jdbc.spi.SqlStatementLogger.logStatement(SqlStatementLogger.java:92) - select article0_.aid as aid1_0_, article0_.acontent as acontent2_0_, article0_.aname as aname3_0_, article0_.artime as artime4_0_ from b_article article0_ where article0_.aid=?
[04:59:15:287] [TRACE] - org.hibernate.type.descriptor.sql.BasicBinder.bind(BasicBinder.java:65) - binding parameter [1] as [BIGINT] - [1]
[04:59:17:378] [DEBUG] - org.hibernate.engine.jdbc.spi.SqlStatementLogger.logStatement(SqlStatementLogger.java:92) - select article0_.aid as aid1_0_, article0_.acontent as acontent2_0_, article0_.aname as aname3_0_, article0_.artime as artime4_0_ from b_article article0_ where article0_.aid=?
[04:59:17:379] [TRACE] - org.hibernate.type.descriptor.sql.BasicBinder.bind(BasicBinder.java:65) - binding parameter [1] as [BIGINT] - [1]
[04:59:33:210] [DEBUG] - org.hibernate.engine.jdbc.spi.SqlStatementLogger.logStatement(SqlStatementLogger.java:92) - select article0_.aid as aid1_0_, article0_.acontent as acontent2_0_, article0_.aname as aname3_0_, article0_.artime as artime4_0_ from b_article article0_ where article0_.aid=?
[04:59:33:211] [TRACE] - org.hibernate.type.descriptor.sql.BasicBinder.bind(BasicBinder.java:65) - binding parameter [1] as [BIGINT] - [1]
[04:59:33:960] [INFO] - org.springframework.context.support.AbstractApplicationContext.doClose(AbstractApplicationContext.java:993) - Closing org.springframework.boot.web.servlet.context.AnnotationConfigServletWebServerApplicationContext@53b84b78: startup date [Sun Nov 08 04:59:13 CST 2020]; root of context hierarchy
[04:59:33:961] [INFO] - org.springframework.jmx.export.MBeanExporter.destroy(MBeanExporter.java:451) - Unregistering JMX-exposed beans on shutdown
[04:59:33:961] [INFO] - org.springframework.jmx.support.MBeanRegistrationSupport.unregisterBeans(MBeanRegistrationSupport.java:183) - Unregistering JMX-exposed beans
[04:59:33:962] [INFO] - org.springframework.orm.jpa.AbstractEntityManagerFactoryBean.destroy(AbstractEntityManagerFactoryBean.java:597) - Closing JPA EntityManagerFactory for persistence unit 'default'
[04:59:33:964] [INFO] - com.alibaba.druid.pool.DruidDataSource.close(DruidDataSource.java:1825) - {dataSource-2} closed
[04:59:34:740] [INFO] - org.springframework.boot.StartupInfoLogger.logStarting(StartupInfoLogger.java:50) - Starting BlogApplication on DESKTOP-52NRVFL with PID 4412 (D:\IdeaProjects\blog\target\classes started by jzx in D:\IdeaProjects\blog)
[04:59:34:741] [INFO] - org.springframework.boot.SpringApplication.logStartupProfileInfo(SpringApplication.java:659) - No active profile set, falling back to default profiles: default
[04:59:34:744] [INFO] - org.springframework.context.support.AbstractApplicationContext.prepareRefresh(AbstractApplicationContext.java:590) - Refreshing org.springframework.boot.web.servlet.context.AnnotationConfigServletWebServerApplicationContext@41017fb5: startup date [Sun Nov 08 04:59:34 CST 2020]; root of context hierarchy
[04:59:35:106] [INFO] - org.springframework.context.support.PostProcessorRegistrationDelegate$BeanPostProcessorChecker.postProcessAfterInitialization(PostProcessorRegistrationDelegate.java:328) - Bean 'org.springframework.transaction.annotation.ProxyTransactionManagementConfiguration' of type [org.springframework.transaction.annotation.ProxyTransactionManagementConfiguration$$EnhancerBySpringCGLIB$$fa95f5ba] is not eligible for getting processed by all BeanPostProcessors (for example: not eligible for auto-proxying)
[04:59:35:185] [INFO] - org.springframework.boot.web.embedded.tomcat.TomcatWebServer.initialize(TomcatWebServer.java:91) - Tomcat initialized with port(s): 8088 (http)
[04:59:35:186] [INFO] - org.apache.juli.logging.DirectJDKLog.log(DirectJDKLog.java:180) - Initializing ProtocolHandler ["http-nio-8088"]
[04:59:35:186] [INFO] - org.apache.juli.logging.DirectJDKLog.log(DirectJDKLog.java:180) - Starting service [Tomcat]
[04:59:35:186] [INFO] - org.apache.juli.logging.DirectJDKLog.log(DirectJDKLog.java:180) - Starting Servlet Engine: Apache Tomcat/8.5.29
[04:59:35:202] [INFO] - org.apache.juli.logging.DirectJDKLog.log(DirectJDKLog.java:180) - Initializing Spring embedded WebApplicationContext
[04:59:35:202] [INFO] - org.springframework.boot.web.servlet.context.ServletWebServerApplicationContext.prepareWebApplicationContext(ServletWebServerApplicationContext.java:285) - Root WebApplicationContext: initialization completed in 458 ms
[04:59:35:210] [INFO] - com.jzx.blog.config.DruidConfiguration.druidServlet(DruidConfiguration.java:20) - init Druid Servlet Configuration 
[04:59:35:235] [INFO] - org.springframework.boot.web.servlet.ServletRegistrationBean.addRegistration(ServletRegistrationBean.java:185) - Servlet statViewServlet mapped to [/druid/*]
[04:59:35:235] [INFO] - org.springframework.boot.web.servlet.ServletRegistrationBean.addRegistration(ServletRegistrationBean.java:185) - Servlet dispatcherServlet mapped to [/]
[04:59:35:236] [INFO] - org.springframework.boot.web.servlet.ServletRegistrationBean.addRegistration(ServletRegistrationBean.java:185) - Servlet statViewServlet mapped to [/druid/*]
[04:59:35:236] [INFO] - org.springframework.boot.web.servlet.DynamicRegistrationBean.register(DynamicRegistrationBean.java:111) - Servlet statViewServlet was not registered (possibly already registered?)
[04:59:35:236] [INFO] - org.springframework.boot.web.servlet.AbstractFilterRegistrationBean.configure(AbstractFilterRegistrationBean.java:244) - Mapping filter: 'characterEncodingFilter' to: [/*]
[04:59:35:236] [INFO] - org.springframework.boot.web.servlet.AbstractFilterRegistrationBean.configure(AbstractFilterRegistrationBean.java:244) - Mapping filter: 'hiddenHttpMethodFilter' to: [/*]
[04:59:35:236] [INFO] - org.springframework.boot.web.servlet.AbstractFilterRegistrationBean.configure(AbstractFilterRegistrationBean.java:244) - Mapping filter: 'httpPutFormContentFilter' to: [/*]
[04:59:35:236] [INFO] - org.springframework.boot.web.servlet.AbstractFilterRegistrationBean.configure(AbstractFilterRegistrationBean.java:244) - Mapping filter: 'requestContextFilter' to: [/*]
[04:59:35:236] [INFO] - org.springframework.boot.web.servlet.AbstractFilterRegistrationBean.configure(AbstractFilterRegistrationBean.java:257) - Mapping filter: 'webStatFilter' to urls: [/*]
[04:59:35:236] [INFO] - org.springframework.boot.web.servlet.DynamicRegistrationBean.register(DynamicRegistrationBean.java:111) - Filter webStatFilter was not registered (possibly already registered?)
[04:59:35:289] [INFO] - org.springframework.orm.jpa.LocalContainerEntityManagerFactoryBean.createNativeEntityManagerFactory(LocalContainerEntityManagerFactoryBean.java:361) - Building JPA container EntityManagerFactory for persistence unit 'default'
[04:59:35:289] [INFO] - org.hibernate.jpa.internal.util.LogHelper.logPersistenceUnitInformation(LogHelper.java:31) - HHH000204: Processing PersistenceUnitInfo [
	name: default
	...]
[04:59:35:329] [INFO] - com.alibaba.druid.pool.DruidDataSource.init(DruidDataSource.java:930) - {dataSource-3} inited
[04:59:35:329] [INFO] - org.hibernate.dialect.Dialect.<init>(Dialect.java:157) - HHH000400: Using dialect: org.hibernate.dialect.MySQL5Dialect
[04:59:35:354] [INFO] - org.springframework.orm.jpa.AbstractEntityManagerFactoryBean.buildNativeEntityManagerFactory(AbstractEntityManagerFactoryBean.java:415) - Initialized JPA EntityManagerFactory for persistence unit 'default'
[04:59:35:386] [INFO] - org.hibernate.hql.internal.QueryTranslatorFactoryInitiator.initiateService(QueryTranslatorFactoryInitiator.java:47) - HHH000397: Using ASTQueryTranslatorFactory
[04:59:35:423] [INFO] - org.springframework.web.servlet.handler.AbstractUrlHandlerMapping.registerHandler(AbstractUrlHandlerMapping.java:373) - Mapped URL path [/**/favicon.ico] onto handler of type [class org.springframework.web.servlet.resource.ResourceHttpRequestHandler]
[04:59:35:476] [INFO] - org.springframework.web.servlet.mvc.method.annotation.RequestMappingHandlerAdapter.initControllerAdviceCache(RequestMappingHandlerAdapter.java:574) - Looking for @ControllerAdvice: org.springframework.boot.web.servlet.context.AnnotationConfigServletWebServerApplicationContext@41017fb5: startup date [Sun Nov 08 04:59:34 CST 2020]; root of context hierarchy
[04:59:35:481] [WARN] - org.springframework.boot.autoconfigure.orm.jpa.JpaBaseConfiguration$JpaWebConfiguration$JpaWebMvcConfiguration.openEntityManagerInViewInterceptor(JpaBaseConfiguration.java:235) - spring.jpa.open-in-view is enabled by default. Therefore, database queries may be performed during view rendering. Explicitly configure spring.jpa.open-in-view to disable this warning
[04:59:35:487] [INFO] - org.springframework.web.servlet.handler.AbstractHandlerMethodMapping$MappingRegistry.register(AbstractHandlerMethodMapping.java:547) - Mapped "{[/deleteCheckArtListIn/{aids}],methods=[DELETE]}" onto public com.jzx.blog.common.lang.Result com.jzx.blog.controller.ArticleController.deleteCheckArtList(java.lang.String)
[04:59:35:487] [INFO] - org.springframework.web.servlet.handler.AbstractHandlerMethodMapping$MappingRegistry.register(AbstractHandlerMethodMapping.java:547) - Mapped "{[/findAllPageArtList],methods=[GET]}" onto public com.jzx.blog.common.lang.Result com.jzx.blog.controller.ArticleController.findAllPageArtList()
[04:59:35:487] [INFO] - org.springframework.web.servlet.handler.AbstractHandlerMethodMapping$MappingRegistry.register(AbstractHandlerMethodMapping.java:547) - Mapped "{[/findAllPageArtList/{currentPage}/{pageSize}],methods=[GET]}" onto public com.jzx.blog.common.lang.Result com.jzx.blog.controller.ArticleController.findAllPageArtList(java.lang.Integer,java.lang.Integer)
[04:59:35:488] [INFO] - org.springframework.web.servlet.handler.AbstractHandlerMethodMapping$MappingRegistry.register(AbstractHandlerMethodMapping.java:547) - Mapped "{[/updMd],methods=[POST]}" onto public com.jzx.blog.common.lang.Result com.jzx.blog.controller.ArticleController.updMd(java.util.HashMap<java.lang.String, java.lang.String>)
[04:59:35:488] [INFO] - org.springframework.web.servlet.handler.AbstractHandlerMethodMapping$MappingRegistry.register(AbstractHandlerMethodMapping.java:547) - Mapped "{[/findAllPage/{currentPage}/{pageSize}],methods=[GET]}" onto public org.springframework.data.domain.Page<com.jzx.blog.domain.Article> com.jzx.blog.controller.ArticleController.findAllPage(java.lang.Integer,java.lang.Integer)
[04:59:35:488] [INFO] - org.springframework.web.servlet.handler.AbstractHandlerMethodMapping$MappingRegistry.register(AbstractHandlerMethodMapping.java:547) - Mapped "{[/uploadFile],methods=[POST]}" onto public com.jzx.blog.common.lang.Result com.jzx.blog.controller.ArticleController.uploadFile(org.springframework.web.multipart.MultipartFile,javax.servlet.http.HttpServletRequest)
[04:59:35:488] [INFO] - org.springframework.web.servlet.handler.AbstractHandlerMethodMapping$MappingRegistry.register(AbstractHandlerMethodMapping.java:547) - Mapped "{[/findAllArtList],methods=[GET]}" onto public com.jzx.blog.common.lang.Result com.jzx.blog.controller.ArticleController.findAllArtList()
[04:59:35:489] [INFO] - org.springframework.web.servlet.handler.AbstractHandlerMethodMapping$MappingRegistry.register(AbstractHandlerMethodMapping.java:547) - Mapped "{[/saveMd],methods=[POST]}" onto public com.jzx.blog.common.lang.Result com.jzx.blog.controller.ArticleController.saveMd(java.util.HashMap<java.lang.String, java.lang.String>)
[04:59:35:489] [INFO] - org.springframework.web.servlet.handler.AbstractHandlerMethodMapping$MappingRegistry.register(AbstractHandlerMethodMapping.java:547) - Mapped "{[/findAllArt],methods=[GET]}" onto public java.util.List<com.jzx.blog.domain.Article> com.jzx.blog.controller.ArticleController.findAllArt()
[04:59:35:489] [INFO] - org.springframework.web.servlet.handler.AbstractHandlerMethodMapping$MappingRegistry.register(AbstractHandlerMethodMapping.java:547) - Mapped "{[/findOneArt/{AId}],methods=[GET]}" onto public com.jzx.blog.domain.Article com.jzx.blog.controller.ArticleController.findOneArt(java.lang.Long)
[04:59:35:489] [INFO] - org.springframework.web.servlet.handler.AbstractHandlerMethodMapping$MappingRegistry.register(AbstractHandlerMethodMapping.java:547) - Mapped "{[/test],methods=[GET]}" onto public com.jzx.blog.domain.Article com.jzx.blog.controller.ArticleController.tset()
[04:59:35:489] [INFO] - org.springframework.web.servlet.handler.AbstractHandlerMethodMapping$MappingRegistry.register(AbstractHandlerMethodMapping.java:547) - Mapped "{[/getArtinfo/{aid}],methods=[GET]}" onto public com.jzx.blog.common.lang.Result com.jzx.blog.controller.ArticleController.getArtinfo(java.lang.Long)
[04:59:35:490] [INFO] - org.springframework.web.servlet.handler.AbstractHandlerMethodMapping$MappingRegistry.register(AbstractHandlerMethodMapping.java:547) - Mapped "{[/findAllPageCateList/{currentPage}/{pageSize}],methods=[GET]}" onto public com.jzx.blog.common.lang.Result com.jzx.blog.controller.CategoryController.findAllPageCateList(java.lang.Integer,java.lang.Integer)
[04:59:35:490] [INFO] - org.springframework.web.servlet.handler.AbstractHandlerMethodMapping$MappingRegistry.register(AbstractHandlerMethodMapping.java:547) - Mapped "{[/saveCate],methods=[POST]}" onto public com.jzx.blog.common.lang.Result com.jzx.blog.controller.CategoryController.saveCate(com.jzx.blog.domain.Category)
[04:59:35:490] [INFO] - org.springframework.web.servlet.handler.AbstractHandlerMethodMapping$MappingRegistry.register(AbstractHandlerMethodMapping.java:547) - Mapped "{[/updCateInfo],methods=[POST]}" onto public com.jzx.blog.common.lang.Result com.jzx.blog.controller.CategoryController.updCateInfo(com.jzx.blog.domain.Category)
[04:59:35:491] [INFO] - org.springframework.web.servlet.handler.AbstractHandlerMethodMapping$MappingRegistry.register(AbstractHandlerMethodMapping.java:547) - Mapped "{[/delCate/{cid}],methods=[DELETE]}" onto public com.jzx.blog.common.lang.Result com.jzx.blog.controller.CategoryController.delCate(java.lang.Long)
[04:59:35:491] [INFO] - org.springframework.web.servlet.handler.AbstractHandlerMethodMapping$MappingRegistry.register(AbstractHandlerMethodMapping.java:547) - Mapped "{[/getCateinfoByCid/{cid}],methods=[GET]}" onto public com.jzx.blog.common.lang.Result com.jzx.blog.controller.CategoryController.getCateinfoByCid(java.lang.Long)
[04:59:35:492] [INFO] - org.springframework.web.servlet.handler.AbstractHandlerMethodMapping$MappingRegistry.register(AbstractHandlerMethodMapping.java:547) - Mapped "{[/error]}" onto public org.springframework.http.ResponseEntity<java.util.Map<java.lang.String, java.lang.Object>> org.springframework.boot.autoconfigure.web.servlet.error.BasicErrorController.error(javax.servlet.http.HttpServletRequest)
[04:59:35:492] [INFO] - org.springframework.web.servlet.handler.AbstractHandlerMethodMapping$MappingRegistry.register(AbstractHandlerMethodMapping.java:547) - Mapped "{[/error],produces=[text/html]}" onto public org.springframework.web.servlet.ModelAndView org.springframework.boot.autoconfigure.web.servlet.error.BasicErrorController.errorHtml(javax.servlet.http.HttpServletRequest,javax.servlet.http.HttpServletResponse)
[04:59:35:497] [INFO] - org.springframework.web.servlet.handler.AbstractUrlHandlerMapping.registerHandler(AbstractUrlHandlerMapping.java:360) - Root mapping to handler of type [class org.springframework.web.servlet.mvc.ParameterizableViewController]
[04:59:35:497] [INFO] - org.springframework.web.servlet.handler.AbstractUrlHandlerMapping.registerHandler(AbstractUrlHandlerMapping.java:373) - Mapped URL path [/index.html] onto handler of type [class org.springframework.web.servlet.mvc.ParameterizableViewController]
[04:59:35:497] [INFO] - org.springframework.web.servlet.handler.AbstractUrlHandlerMapping.registerHandler(AbstractUrlHandlerMapping.java:373) - Mapped URL path [/login] onto handler of type [class org.springframework.web.servlet.mvc.ParameterizableViewController]
[04:59:35:500] [INFO] - org.springframework.web.servlet.handler.AbstractUrlHandlerMapping.registerHandler(AbstractUrlHandlerMapping.java:373) - Mapped URL path [/webjars/**] onto handler of type [class org.springframework.web.servlet.resource.ResourceHttpRequestHandler]
[04:59:35:500] [INFO] - org.springframework.web.servlet.handler.AbstractUrlHandlerMapping.registerHandler(AbstractUrlHandlerMapping.java:373) - Mapped URL path [/**] onto handler of type [class org.springframework.web.servlet.resource.ResourceHttpRequestHandler]
[04:59:35:501] [INFO] - org.springframework.web.servlet.handler.AbstractUrlHandlerMapping.registerHandler(AbstractUrlHandlerMapping.java:373) - Mapped URL path [/files/ArtUpload/**] onto handler of type [class org.springframework.web.servlet.resource.ResourceHttpRequestHandler]
[04:59:35:526] [INFO] - org.springframework.boot.autoconfigure.web.servlet.WelcomePageHandlerMapping.<init>(WelcomePageHandlerMapping.java:56) - Adding welcome page: class path resource [static/index.html]
[04:59:35:570] [INFO] - org.springframework.boot.devtools.autoconfigure.OptionalLiveReloadServer.startServer(OptionalLiveReloadServer.java:57) - LiveReload server is running on port 35729
[04:59:35:588] [INFO] - org.springframework.jmx.export.MBeanExporter.afterSingletonsInstantiated(MBeanExporter.java:433) - Registering beans for JMX exposure on startup
[04:59:35:588] [INFO] - org.springframework.jmx.export.MBeanExporter.autodetect(MBeanExporter.java:895) - Bean with name 'springDruidDataSource' has been autodetected for JMX exposure
[04:59:35:588] [INFO] - org.springframework.jmx.export.MBeanExporter.autodetect(MBeanExporter.java:895) - Bean with name 'statFilter' has been autodetected for JMX exposure
[04:59:35:591] [INFO] - org.springframework.jmx.export.MBeanExporter.registerBeanInstance(MBeanExporter.java:668) - Located MBean 'springDruidDataSource': registering with JMX server as MBean [com.alibaba.druid.pool:name=springDruidDataSource,type=DruidDataSource]
[04:59:35:591] [INFO] - org.springframework.jmx.export.MBeanExporter.registerBeanInstance(MBeanExporter.java:668) - Located MBean 'statFilter': registering with JMX server as MBean [com.alibaba.druid.filter.stat:name=statFilter,type=StatFilter]
[04:59:35:595] [INFO] - org.apache.juli.logging.DirectJDKLog.log(DirectJDKLog.java:180) - Starting ProtocolHandler ["http-nio-8088"]
[04:59:35:595] [INFO] - org.apache.juli.logging.DirectJDKLog.log(DirectJDKLog.java:180) - Using a shared selector for servlet write/read
[04:59:35:598] [INFO] - org.springframework.boot.web.embedded.tomcat.TomcatWebServer.start(TomcatWebServer.java:206) - Tomcat started on port(s): 8088 (http) with context path ''
[04:59:35:598] [INFO] - org.springframework.boot.StartupInfoLogger.logStarted(StartupInfoLogger.java:59) - Started BlogApplication in 0.897 seconds (JVM running for 133.401)
[04:59:35:600] [INFO] - org.springframework.boot.devtools.autoconfigure.ConditionEvaluationDeltaLoggingListener.onApplicationEvent(ConditionEvaluationDeltaLoggingListener.java:56) - Condition evaluation unchanged
[04:59:59:934] [INFO] - org.apache.juli.logging.DirectJDKLog.log(DirectJDKLog.java:180) - Initializing Spring FrameworkServlet 'dispatcherServlet'
[04:59:59:934] [INFO] - org.springframework.web.servlet.FrameworkServlet.initServletBean(FrameworkServlet.java:494) - FrameworkServlet 'dispatcherServlet': initialization started
[04:59:59:937] [INFO] - org.springframework.web.servlet.FrameworkServlet.initServletBean(FrameworkServlet.java:509) - FrameworkServlet 'dispatcherServlet': initialization completed in 3 ms
[04:59:59:940] [DEBUG] - org.hibernate.engine.jdbc.spi.SqlStatementLogger.logStatement(SqlStatementLogger.java:92) - select article0_.aid as aid1_0_, article0_.acontent as acontent2_0_, article0_.aname as aname3_0_, article0_.artime as artime4_0_ from b_article article0_ where article0_.aid=?
[04:59:59:941] [TRACE] - org.hibernate.type.descriptor.sql.BasicBinder.bind(BasicBinder.java:65) - binding parameter [1] as [BIGINT] - [1]
[05:00:00:490] [INFO] - org.springframework.context.support.AbstractApplicationContext.doClose(AbstractApplicationContext.java:993) - Closing org.springframework.boot.web.servlet.context.AnnotationConfigServletWebServerApplicationContext@41017fb5: startup date [Sun Nov 08 04:59:34 CST 2020]; root of context hierarchy
[05:00:00:491] [INFO] - org.springframework.jmx.export.MBeanExporter.destroy(MBeanExporter.java:451) - Unregistering JMX-exposed beans on shutdown
[05:00:00:492] [INFO] - org.springframework.jmx.support.MBeanRegistrationSupport.unregisterBeans(MBeanRegistrationSupport.java:183) - Unregistering JMX-exposed beans
[05:00:00:492] [INFO] - org.springframework.orm.jpa.AbstractEntityManagerFactoryBean.destroy(AbstractEntityManagerFactoryBean.java:597) - Closing JPA EntityManagerFactory for persistence unit 'default'
[05:00:00:495] [INFO] - com.alibaba.druid.pool.DruidDataSource.close(DruidDataSource.java:1825) - {dataSource-3} closed
[05:00:01:244] [INFO] - org.springframework.boot.StartupInfoLogger.logStarting(StartupInfoLogger.java:50) - Starting BlogApplication on DESKTOP-52NRVFL with PID 4412 (D:\IdeaProjects\blog\target\classes started by jzx in D:\IdeaProjects\blog)
[05:00:01:245] [INFO] - org.springframework.boot.SpringApplication.logStartupProfileInfo(SpringApplication.java:659) - No active profile set, falling back to default profiles: default
[05:00:01:248] [INFO] - org.springframework.context.support.AbstractApplicationContext.prepareRefresh(AbstractApplicationContext.java:590) - Refreshing org.springframework.boot.web.servlet.context.AnnotationConfigServletWebServerApplicationContext@60487122: startup date [Sun Nov 08 05:00:01 CST 2020]; root of context hierarchy
[05:00:01:633] [INFO] - org.springframework.context.support.PostProcessorRegistrationDelegate$BeanPostProcessorChecker.postProcessAfterInitialization(PostProcessorRegistrationDelegate.java:328) - Bean 'org.springframework.transaction.annotation.ProxyTransactionManagementConfiguration' of type [org.springframework.transaction.annotation.ProxyTransactionManagementConfiguration$$EnhancerBySpringCGLIB$$fa95f5ba] is not eligible for getting processed by all BeanPostProcessors (for example: not eligible for auto-proxying)
[05:00:01:706] [INFO] - org.springframework.boot.web.embedded.tomcat.TomcatWebServer.initialize(TomcatWebServer.java:91) - Tomcat initialized with port(s): 8088 (http)
[05:00:01:707] [INFO] - org.apache.juli.logging.DirectJDKLog.log(DirectJDKLog.java:180) - Initializing ProtocolHandler ["http-nio-8088"]
[05:00:01:707] [INFO] - org.apache.juli.logging.DirectJDKLog.log(DirectJDKLog.java:180) - Starting service [Tomcat]
[05:00:01:707] [INFO] - org.apache.juli.logging.DirectJDKLog.log(DirectJDKLog.java:180) - Starting Servlet Engine: Apache Tomcat/8.5.29
[05:00:01:724] [INFO] - org.apache.juli.logging.DirectJDKLog.log(DirectJDKLog.java:180) - Initializing Spring embedded WebApplicationContext
[05:00:01:724] [INFO] - org.springframework.boot.web.servlet.context.ServletWebServerApplicationContext.prepareWebApplicationContext(ServletWebServerApplicationContext.java:285) - Root WebApplicationContext: initialization completed in 476 ms
[05:00:01:732] [INFO] - com.jzx.blog.config.DruidConfiguration.druidServlet(DruidConfiguration.java:20) - init Druid Servlet Configuration 
[05:00:01:761] [INFO] - org.springframework.boot.web.servlet.ServletRegistrationBean.addRegistration(ServletRegistrationBean.java:185) - Servlet statViewServlet mapped to [/druid/*]
[05:00:01:762] [INFO] - org.springframework.boot.web.servlet.ServletRegistrationBean.addRegistration(ServletRegistrationBean.java:185) - Servlet dispatcherServlet mapped to [/]
[05:00:01:762] [INFO] - org.springframework.boot.web.servlet.ServletRegistrationBean.addRegistration(ServletRegistrationBean.java:185) - Servlet statViewServlet mapped to [/druid/*]
[05:00:01:762] [INFO] - org.springframework.boot.web.servlet.DynamicRegistrationBean.register(DynamicRegistrationBean.java:111) - Servlet statViewServlet was not registered (possibly already registered?)
[05:00:01:763] [INFO] - org.springframework.boot.web.servlet.AbstractFilterRegistrationBean.configure(AbstractFilterRegistrationBean.java:244) - Mapping filter: 'characterEncodingFilter' to: [/*]
[05:00:01:763] [INFO] - org.springframework.boot.web.servlet.AbstractFilterRegistrationBean.configure(AbstractFilterRegistrationBean.java:244) - Mapping filter: 'hiddenHttpMethodFilter' to: [/*]
[05:00:01:763] [INFO] - org.springframework.boot.web.servlet.AbstractFilterRegistrationBean.configure(AbstractFilterRegistrationBean.java:244) - Mapping filter: 'httpPutFormContentFilter' to: [/*]
[05:00:01:763] [INFO] - org.springframework.boot.web.servlet.AbstractFilterRegistrationBean.configure(AbstractFilterRegistrationBean.java:244) - Mapping filter: 'requestContextFilter' to: [/*]
[05:00:01:763] [INFO] - org.springframework.boot.web.servlet.AbstractFilterRegistrationBean.configure(AbstractFilterRegistrationBean.java:257) - Mapping filter: 'webStatFilter' to urls: [/*]
[05:00:01:763] [INFO] - org.springframework.boot.web.servlet.DynamicRegistrationBean.register(DynamicRegistrationBean.java:111) - Filter webStatFilter was not registered (possibly already registered?)
[05:00:01:813] [INFO] - org.springframework.orm.jpa.LocalContainerEntityManagerFactoryBean.createNativeEntityManagerFactory(LocalContainerEntityManagerFactoryBean.java:361) - Building JPA container EntityManagerFactory for persistence unit 'default'
[05:00:01:813] [INFO] - org.hibernate.jpa.internal.util.LogHelper.logPersistenceUnitInformation(LogHelper.java:31) - HHH000204: Processing PersistenceUnitInfo [
	name: default
	...]
[05:00:01:841] [INFO] - com.alibaba.druid.pool.DruidDataSource.init(DruidDataSource.java:930) - {dataSource-4} inited
[05:00:01:842] [INFO] - org.hibernate.dialect.Dialect.<init>(Dialect.java:157) - HHH000400: Using dialect: org.hibernate.dialect.MySQL5Dialect
[05:00:01:866] [INFO] - org.springframework.orm.jpa.AbstractEntityManagerFactoryBean.buildNativeEntityManagerFactory(AbstractEntityManagerFactoryBean.java:415) - Initialized JPA EntityManagerFactory for persistence unit 'default'
[05:00:01:899] [INFO] - org.hibernate.hql.internal.QueryTranslatorFactoryInitiator.initiateService(QueryTranslatorFactoryInitiator.java:47) - HHH000397: Using ASTQueryTranslatorFactory
[05:00:01:947] [INFO] - org.springframework.web.servlet.handler.AbstractUrlHandlerMapping.registerHandler(AbstractUrlHandlerMapping.java:373) - Mapped URL path [/**/favicon.ico] onto handler of type [class org.springframework.web.servlet.resource.ResourceHttpRequestHandler]
[05:00:02:003] [INFO] - org.springframework.web.servlet.mvc.method.annotation.RequestMappingHandlerAdapter.initControllerAdviceCache(RequestMappingHandlerAdapter.java:574) - Looking for @ControllerAdvice: org.springframework.boot.web.servlet.context.AnnotationConfigServletWebServerApplicationContext@60487122: startup date [Sun Nov 08 05:00:01 CST 2020]; root of context hierarchy
[05:00:02:007] [WARN] - org.springframework.boot.autoconfigure.orm.jpa.JpaBaseConfiguration$JpaWebConfiguration$JpaWebMvcConfiguration.openEntityManagerInViewInterceptor(JpaBaseConfiguration.java:235) - spring.jpa.open-in-view is enabled by default. Therefore, database queries may be performed during view rendering. Explicitly configure spring.jpa.open-in-view to disable this warning
[05:00:02:014] [INFO] - org.springframework.web.servlet.handler.AbstractHandlerMethodMapping$MappingRegistry.register(AbstractHandlerMethodMapping.java:547) - Mapped "{[/deleteCheckArtListIn/{aids}],methods=[DELETE]}" onto public com.jzx.blog.common.lang.Result com.jzx.blog.controller.ArticleController.deleteCheckArtList(java.lang.String)
[05:00:02:014] [INFO] - org.springframework.web.servlet.handler.AbstractHandlerMethodMapping$MappingRegistry.register(AbstractHandlerMethodMapping.java:547) - Mapped "{[/findAllPageArtList],methods=[GET]}" onto public com.jzx.blog.common.lang.Result com.jzx.blog.controller.ArticleController.findAllPageArtList()
[05:00:02:015] [INFO] - org.springframework.web.servlet.handler.AbstractHandlerMethodMapping$MappingRegistry.register(AbstractHandlerMethodMapping.java:547) - Mapped "{[/findAllPageArtList/{currentPage}/{pageSize}],methods=[GET]}" onto public com.jzx.blog.common.lang.Result com.jzx.blog.controller.ArticleController.findAllPageArtList(java.lang.Integer,java.lang.Integer)
[05:00:02:015] [INFO] - org.springframework.web.servlet.handler.AbstractHandlerMethodMapping$MappingRegistry.register(AbstractHandlerMethodMapping.java:547) - Mapped "{[/updMd],methods=[POST]}" onto public com.jzx.blog.common.lang.Result com.jzx.blog.controller.ArticleController.updMd(java.util.HashMap<java.lang.String, java.lang.String>)
[05:00:02:015] [INFO] - org.springframework.web.servlet.handler.AbstractHandlerMethodMapping$MappingRegistry.register(AbstractHandlerMethodMapping.java:547) - Mapped "{[/findAllPage/{currentPage}/{pageSize}],methods=[GET]}" onto public org.springframework.data.domain.Page<com.jzx.blog.domain.Article> com.jzx.blog.controller.ArticleController.findAllPage(java.lang.Integer,java.lang.Integer)
[05:00:02:016] [INFO] - org.springframework.web.servlet.handler.AbstractHandlerMethodMapping$MappingRegistry.register(AbstractHandlerMethodMapping.java:547) - Mapped "{[/uploadFile],methods=[POST]}" onto public com.jzx.blog.common.lang.Result com.jzx.blog.controller.ArticleController.uploadFile(org.springframework.web.multipart.MultipartFile,javax.servlet.http.HttpServletRequest)
[05:00:02:016] [INFO] - org.springframework.web.servlet.handler.AbstractHandlerMethodMapping$MappingRegistry.register(AbstractHandlerMethodMapping.java:547) - Mapped "{[/findAllArtList],methods=[GET]}" onto public com.jzx.blog.common.lang.Result com.jzx.blog.controller.ArticleController.findAllArtList()
[05:00:02:016] [INFO] - org.springframework.web.servlet.handler.AbstractHandlerMethodMapping$MappingRegistry.register(AbstractHandlerMethodMapping.java:547) - Mapped "{[/saveMd],methods=[POST]}" onto public com.jzx.blog.common.lang.Result com.jzx.blog.controller.ArticleController.saveMd(java.util.HashMap<java.lang.String, java.lang.String>)
[05:00:02:016] [INFO] - org.springframework.web.servlet.handler.AbstractHandlerMethodMapping$MappingRegistry.register(AbstractHandlerMethodMapping.java:547) - Mapped "{[/findAllArt],methods=[GET]}" onto public java.util.List<com.jzx.blog.domain.Article> com.jzx.blog.controller.ArticleController.findAllArt()
[05:00:02:017] [INFO] - org.springframework.web.servlet.handler.AbstractHandlerMethodMapping$MappingRegistry.register(AbstractHandlerMethodMapping.java:547) - Mapped "{[/findOneArt/{AId}],methods=[GET]}" onto public com.jzx.blog.domain.Article com.jzx.blog.controller.ArticleController.findOneArt(java.lang.Long)
[05:00:02:017] [INFO] - org.springframework.web.servlet.handler.AbstractHandlerMethodMapping$MappingRegistry.register(AbstractHandlerMethodMapping.java:547) - Mapped "{[/test],methods=[GET]}" onto public com.jzx.blog.domain.Article com.jzx.blog.controller.ArticleController.tset()
[05:00:02:017] [INFO] - org.springframework.web.servlet.handler.AbstractHandlerMethodMapping$MappingRegistry.register(AbstractHandlerMethodMapping.java:547) - Mapped "{[/getArtinfo/{aid}],methods=[GET]}" onto public com.jzx.blog.common.lang.Result com.jzx.blog.controller.ArticleController.getArtinfo(java.lang.Long)
[05:00:02:018] [INFO] - org.springframework.web.servlet.handler.AbstractHandlerMethodMapping$MappingRegistry.register(AbstractHandlerMethodMapping.java:547) - Mapped "{[/findAllPageCateList/{currentPage}/{pageSize}],methods=[GET]}" onto public com.jzx.blog.common.lang.Result com.jzx.blog.controller.CategoryController.findAllPageCateList(java.lang.Integer,java.lang.Integer)
[05:00:02:018] [INFO] - org.springframework.web.servlet.handler.AbstractHandlerMethodMapping$MappingRegistry.register(AbstractHandlerMethodMapping.java:547) - Mapped "{[/saveCate],methods=[POST]}" onto public com.jzx.blog.common.lang.Result com.jzx.blog.controller.CategoryController.saveCate(com.jzx.blog.domain.Category)
[05:00:02:018] [INFO] - org.springframework.web.servlet.handler.AbstractHandlerMethodMapping$MappingRegistry.register(AbstractHandlerMethodMapping.java:547) - Mapped "{[/updCateInfo],methods=[POST]}" onto public com.jzx.blog.common.lang.Result com.jzx.blog.controller.CategoryController.updCateInfo(com.jzx.blog.domain.Category)
[05:00:02:018] [INFO] - org.springframework.web.servlet.handler.AbstractHandlerMethodMapping$MappingRegistry.register(AbstractHandlerMethodMapping.java:547) - Mapped "{[/delCate/{cid}],methods=[DELETE]}" onto public com.jzx.blog.common.lang.Result com.jzx.blog.controller.CategoryController.delCate(java.lang.Long)
[05:00:02:019] [INFO] - org.springframework.web.servlet.handler.AbstractHandlerMethodMapping$MappingRegistry.register(AbstractHandlerMethodMapping.java:547) - Mapped "{[/getCateinfoByCid/{cid}],methods=[GET]}" onto public com.jzx.blog.common.lang.Result com.jzx.blog.controller.CategoryController.getCateinfoByCid(java.lang.Long)
[05:00:02:021] [INFO] - org.springframework.web.servlet.handler.AbstractHandlerMethodMapping$MappingRegistry.register(AbstractHandlerMethodMapping.java:547) - Mapped "{[/error]}" onto public org.springframework.http.ResponseEntity<java.util.Map<java.lang.String, java.lang.Object>> org.springframework.boot.autoconfigure.web.servlet.error.BasicErrorController.error(javax.servlet.http.HttpServletRequest)
[05:00:02:021] [INFO] - org.springframework.web.servlet.handler.AbstractHandlerMethodMapping$MappingRegistry.register(AbstractHandlerMethodMapping.java:547) - Mapped "{[/error],produces=[text/html]}" onto public org.springframework.web.servlet.ModelAndView org.springframework.boot.autoconfigure.web.servlet.error.BasicErrorController.errorHtml(javax.servlet.http.HttpServletRequest,javax.servlet.http.HttpServletResponse)
[05:00:02:027] [INFO] - org.springframework.web.servlet.handler.AbstractUrlHandlerMapping.registerHandler(AbstractUrlHandlerMapping.java:360) - Root mapping to handler of type [class org.springframework.web.servlet.mvc.ParameterizableViewController]
[05:00:02:027] [INFO] - org.springframework.web.servlet.handler.AbstractUrlHandlerMapping.registerHandler(AbstractUrlHandlerMapping.java:373) - Mapped URL path [/index.html] onto handler of type [class org.springframework.web.servlet.mvc.ParameterizableViewController]
[05:00:02:027] [INFO] - org.springframework.web.servlet.handler.AbstractUrlHandlerMapping.registerHandler(AbstractUrlHandlerMapping.java:373) - Mapped URL path [/login] onto handler of type [class org.springframework.web.servlet.mvc.ParameterizableViewController]
[05:00:02:031] [INFO] - org.springframework.web.servlet.handler.AbstractUrlHandlerMapping.registerHandler(AbstractUrlHandlerMapping.java:373) - Mapped URL path [/webjars/**] onto handler of type [class org.springframework.web.servlet.resource.ResourceHttpRequestHandler]
[05:00:02:031] [INFO] - org.springframework.web.servlet.handler.AbstractUrlHandlerMapping.registerHandler(AbstractUrlHandlerMapping.java:373) - Mapped URL path [/**] onto handler of type [class org.springframework.web.servlet.resource.ResourceHttpRequestHandler]
[05:00:02:031] [INFO] - org.springframework.web.servlet.handler.AbstractUrlHandlerMapping.registerHandler(AbstractUrlHandlerMapping.java:373) - Mapped URL path [/files/ArtUpload/**] onto handler of type [class org.springframework.web.servlet.resource.ResourceHttpRequestHandler]
[05:00:02:054] [INFO] - org.springframework.boot.autoconfigure.web.servlet.WelcomePageHandlerMapping.<init>(WelcomePageHandlerMapping.java:56) - Adding welcome page: class path resource [static/index.html]
[05:00:02:105] [INFO] - org.springframework.boot.devtools.autoconfigure.OptionalLiveReloadServer.startServer(OptionalLiveReloadServer.java:57) - LiveReload server is running on port 35729
[05:00:02:134] [INFO] - org.springframework.jmx.export.MBeanExporter.afterSingletonsInstantiated(MBeanExporter.java:433) - Registering beans for JMX exposure on startup
[05:00:02:135] [INFO] - org.springframework.jmx.export.MBeanExporter.autodetect(MBeanExporter.java:895) - Bean with name 'springDruidDataSource' has been autodetected for JMX exposure
[05:00:02:135] [INFO] - org.springframework.jmx.export.MBeanExporter.autodetect(MBeanExporter.java:895) - Bean with name 'statFilter' has been autodetected for JMX exposure
[05:00:02:137] [INFO] - org.springframework.jmx.export.MBeanExporter.registerBeanInstance(MBeanExporter.java:668) - Located MBean 'springDruidDataSource': registering with JMX server as MBean [com.alibaba.druid.pool:name=springDruidDataSource,type=DruidDataSource]
[05:00:02:138] [INFO] - org.springframework.jmx.export.MBeanExporter.registerBeanInstance(MBeanExporter.java:668) - Located MBean 'statFilter': registering with JMX server as MBean [com.alibaba.druid.filter.stat:name=statFilter,type=StatFilter]
[05:00:02:141] [INFO] - org.apache.juli.logging.DirectJDKLog.log(DirectJDKLog.java:180) - Starting ProtocolHandler ["http-nio-8088"]
[05:00:02:143] [INFO] - org.apache.juli.logging.DirectJDKLog.log(DirectJDKLog.java:180) - Using a shared selector for servlet write/read
[05:00:02:146] [INFO] - org.springframework.boot.web.embedded.tomcat.TomcatWebServer.start(TomcatWebServer.java:206) - Tomcat started on port(s): 8088 (http) with context path ''
[05:00:02:146] [INFO] - org.springframework.boot.StartupInfoLogger.logStarted(StartupInfoLogger.java:59) - Started BlogApplication in 0.938 seconds (JVM running for 159.948)
[05:00:02:148] [INFO] - org.springframework.boot.devtools.autoconfigure.ConditionEvaluationDeltaLoggingListener.onApplicationEvent(ConditionEvaluationDeltaLoggingListener.java:56) - Condition evaluation unchanged
